# JRE version: OpenJDK Runtime Environment (8.0_242-b01) (build 1.8.0_242-release-1644-b01)
# Java VM: OpenJDK 64-Bit Server VM (25.242-b01 mixed mode windows-amd64 compressed oops)
Heap:
 PSYoungGen      total 453120K, used 410970K [0x00000000e0000000, 0x0000000100000000, 0x0000000100000000)
  eden space 389120K, 94% used [0x00000000e0000000,0x00000000f678f148,0x00000000f7c00000)
  from space 64000K, 66% used [0x00000000f7c00000,0x00000000fa5c7850,0x00000000fba80000)
  to   space 67584K, 0% used [0x00000000fbe00000,0x00000000fbe00000,0x0000000100000000)
 ParOldGen       total 966144K, used 917029K [0x00000000a0000000, 0x00000000daf80000, 0x00000000e0000000)
  object space 966144K, 94% used [0x00000000a0000000,0x00000000d7f894a8,0x00000000daf80000)
 Metaspace       used 714610K, capacity 735486K, committed 735820K, reserved 1695744K
  class space    used 85981K, capacity 89921K, committed 89972K, reserved 1048576K
GC Heap History (10 events):
Event: 2480.366 GC heap before
{Heap before GC invocations=446 (full 20):
 PSYoungGen      total 434688K, used 380712K [0x00000000e0000000, 0x00000000ff580000, 0x0000000100000000)
  eden space 361984K, 100% used [0x00000000e0000000,0x00000000f6180000,0x00000000f6180000)
  from space 72704K, 25% used [0x00000000fae80000,0x00000000fc0ca238,0x00000000ff580000)
  to   space 75776K, 0% used [0x00000000f6180000,0x00000000f6180000,0x00000000fab80000)
 ParOldGen       total 966144K, used 864167K [0x00000000a0000000, 0x00000000daf80000, 0x00000000e0000000)
  object space 966144K, 89% used [0x00000000a0000000,0x00000000d4be9e00,0x00000000daf80000)
 Metaspace       used 714599K, capacity 735486K, committed 735820K, reserved 1695744K
  class space    used 85981K, capacity 89921K, committed 89972K, reserved 1048576K
Event: 2480.400 GC heap after
Heap after GC invocations=446 (full 20):
 PSYoungGen      total 437760K, used 19624K [0x00000000e0000000, 0x00000000ffb00000, 0x0000000100000000)
  eden space 361984K, 0% used [0x00000000e0000000,0x00000000e0000000,0x00000000f6180000)
  from space 75776K, 25% used [0x00000000f6180000,0x00000000f74aa190,0x00000000fab80000)
  to   space 71680K, 0% used [0x00000000fb500000,0x00000000fb500000,0x00000000ffb00000)
 ParOldGen       total 966144K, used 875822K [0x00000000a0000000, 0x00000000daf80000, 0x00000000e0000000)
  object space 966144K, 90% used [0x00000000a0000000,0x00000000d574b980,0x00000000daf80000)
 Metaspace       used 714599K, capacity 735486K, committed 735820K, reserved 1695744K
  class space    used 85981K, capacity 89921K, committed 89972K, reserved 1048576K
}
Event: 2480.593 GC heap before
{Heap before GC invocations=447 (full 20):
 PSYoungGen      total 437760K, used 381608K [0x00000000e0000000, 0x00000000ffb00000, 0x0000000100000000)
  eden space 361984K, 100% used [0x00000000e0000000,0x00000000f6180000,0x00000000f6180000)
  from space 75776K, 25% used [0x00000000f6180000,0x00000000f74aa190,0x00000000fab80000)
  to   space 71680K, 0% used [0x00000000fb500000,0x00000000fb500000,0x00000000ffb00000)
 ParOldGen       total 966144K, used 875824K [0x00000000a0000000, 0x00000000daf80000, 0x00000000e0000000)
  object space 966144K, 90% used [0x00000000a0000000,0x00000000d574c058,0x00000000daf80000)
 Metaspace       used 714599K, capacity 735486K, committed 735820K, reserved 1695744K
  class space    used 85981K, capacity 89921K, committed 89972K, reserved 1048576K
Event: 2480.619 GC heap after
Heap after GC invocations=447 (full 20):
 PSYoungGen      total 444416K, used 12481K [0x00000000e0000000, 0x00000000ff700000, 0x0000000100000000)
  eden space 376832K, 0% used [0x00000000e0000000,0x00000000e0000000,0x00000000f7000000)
  from space 67584K, 18% used [0x00000000fb500000,0x00000000fc1307b0,0x00000000ff700000)
  to   space 69120K, 0% used [0x00000000f7000000,0x00000000f7000000,0x00000000fb380000)
 ParOldGen       total 966144K, used 890469K [0x00000000a0000000, 0x00000000daf80000, 0x00000000e0000000)
  object space 966144K, 92% used [0x00000000a0000000,0x00000000d6599470,0x00000000daf80000)
 Metaspace       used 714599K, capacity 735486K, committed 735820K, reserved 1695744K
  class space    used 85981K, capacity 89921K, committed 89972K, reserved 1048576K
}
Event: 2480.925 GC heap before
{Heap before GC invocations=448 (full 20):
 PSYoungGen      total 444416K, used 389313K [0x00000000e0000000, 0x00000000ff700000, 0x0000000100000000)
  eden space 376832K, 100% used [0x00000000e0000000,0x00000000f7000000,0x00000000f7000000)
  from space 67584K, 18% used [0x00000000fb500000,0x00000000fc1307b0,0x00000000ff700000)
  to   space 69120K, 0% used [0x00000000f7000000,0x00000000f7000000,0x00000000fb380000)
 ParOldGen       total 966144K, used 890471K [0x00000000a0000000, 0x00000000daf80000, 0x00000000e0000000)
  object space 966144K, 92% used [0x00000000a0000000,0x00000000d6599da8,0x00000000daf80000)
 Metaspace       used 714599K, capacity 735486K, committed 735820K, reserved 1695744K
  class space    used 85981K, capacity 89921K, committed 89972K, reserved 1048576K
Event: 2480.956 GC heap after
Heap after GC invocations=448 (full 20):
 PSYoungGen      total 445952K, used 18518K [0x00000000e0000000, 0x00000000ffb80000, 0x0000000100000000)
  eden space 376832K, 0% used [0x00000000e0000000,0x00000000e0000000,0x00000000f7000000)
  from space 69120K, 26% used [0x00000000f7000000,0x00000000f8215908,0x00000000fb380000)
  to   space 66048K, 0% used [0x00000000fbb00000,0x00000000fbb00000,0x00000000ffb80000)
 ParOldGen       total 966144K, used 897501K [0x00000000a0000000, 0x00000000daf80000, 0x00000000e0000000)
  object space 966144K, 92% used [0x00000000a0000000,0x00000000d6c77438,0x00000000daf80000)
 Metaspace       used 714599K, capacity 735486K, committed 735820K, reserved 1695744K
  class space    used 85981K, capacity 89921K, committed 89972K, reserved 1048576K
}
Event: 2481.462 GC heap before
{Heap before GC invocations=449 (full 20):
 PSYoungGen      total 445952K, used 395350K [0x00000000e0000000, 0x00000000ffb80000, 0x0000000100000000)
  eden space 376832K, 100% used [0x00000000e0000000,0x00000000f7000000,0x00000000f7000000)
  from space 69120K, 26% used [0x00000000f7000000,0x00000000f8215908,0x00000000fb380000)
  to   space 66048K, 0% used [0x00000000fbb00000,0x00000000fbb00000,0x00000000ffb80000)
 ParOldGen       total 966144K, used 897501K [0x00000000a0000000, 0x00000000daf80000, 0x00000000e0000000)
  object space 966144K, 92% used [0x00000000a0000000,0x00000000d6c77438,0x00000000daf80000)
 Metaspace       used 714600K, capacity 735486K, committed 735820K, reserved 1695744K
  class space    used 85981K, capacity 89921K, committed 89972K, reserved 1048576K
Event: 2481.489 GC heap after
Heap after GC invocations=449 (full 20):
 PSYoungGen      total 452608K, used 8474K [0x00000000e0000000, 0x00000000ff900000, 0x0000000100000000)
  eden space 389120K, 0% used [0x00000000e0000000,0x00000000e0000000,0x00000000f7c00000)
  from space 63488K, 13% used [0x00000000fbb00000,0x00000000fc346a50,0x00000000ff900000)
  to   space 64000K, 0% used [0x00000000f7c00000,0x00000000f7c00000,0x00000000fba80000)
 ParOldGen       total 966144K, used 911041K [0x00000000a0000000, 0x00000000daf80000, 0x00000000e0000000)
  object space 966144K, 94% used [0x00000000a0000000,0x00000000d79b05d0,0x00000000daf80000)
 Metaspace       used 714600K, capacity 735486K, committed 735820K, reserved 1695744K
  class space    used 85981K, capacity 89921K, committed 89972K, reserved 1048576K
}
Event: 2482.360 GC heap before
{Heap before GC invocations=450 (full 20):
 PSYoungGen      total 452608K, used 397594K [0x00000000e0000000, 0x00000000ff900000, 0x0000000100000000)
  eden space 389120K, 100% used [0x00000000e0000000,0x00000000f7c00000,0x00000000f7c00000)
  from space 63488K, 13% used [0x00000000fbb00000,0x00000000fc346a50,0x00000000ff900000)
  to   space 64000K, 0% used [0x00000000f7c00000,0x00000000f7c00000,0x00000000fba80000)
 ParOldGen       total 966144K, used 911041K [0x00000000a0000000, 0x00000000daf80000, 0x00000000e0000000)
  object space 966144K, 94% used [0x00000000a0000000,0x00000000d79b05d0,0x00000000daf80000)
 Metaspace       used 714606K, capacity 735486K, committed 735820K, reserved 1695744K
  class space    used 85981K, capacity 89921K, committed 89972K, reserved 1048576K
Event: 2482.393 GC heap after
Heap after GC invocations=450 (full 20):
 PSYoungGen      total 453120K, used 42782K [0x00000000e0000000, 0x0000000100000000, 0x0000000100000000)
  eden space 389120K, 0% used [0x00000000e0000000,0x00000000e0000000,0x00000000f7c00000)
  from space 64000K, 66% used [0x00000000f7c00000,0x00000000fa5c7850,0x00000000fba80000)
  to   space 67584K, 0% used [0x00000000fbe00000,0x00000000fbe00000,0x0000000100000000)
 ParOldGen       total 966144K, used 917029K [0x00000000a0000000, 0x00000000daf80000, 0x00000000e0000000)
  object space 966144K, 94% used [0x00000000a0000000,0x00000000d7f894a8,0x00000000daf80000)
 Metaspace       used 714606K, capacity 735486K, committed 735820K, reserved 1695744K
  class space    used 85981K, capacity 89921K, committed 89972K, reserved 1048576K
}

