# JRE version: OpenJDK Runtime Environment (8.0_242-b01) (build 1.8.0_242-release-1644-b01)
# Java VM: OpenJDK 64-Bit Server VM (25.242-b01 mixed mode windows-amd64 compressed oops)
Heap:
 PSYoungGen      total 177664K, used 72810K [0x00000000d5580000, 0x00000000e1500000, 0x0000000100000000)
  eden space 163840K, 36% used [0x00000000d5580000,0x00000000d8f83d70,0x00000000df580000)
  from space 13824K, 96% used [0x00000000df580000,0x00000000e0296b88,0x00000000e0300000)
  to   space 13824K, 0% used [0x00000000e0300000,0x00000000e0300000,0x00000000e1080000)
 ParOldGen       total 104960K, used 15162K [0x0000000080000000, 0x0000000086680000, 0x00000000d5580000)
  object space 104960K, 14% used [0x0000000080000000,0x0000000080ece9e8,0x0000000086680000)
 Metaspace       used 46341K, capacity 48630K, committed 48728K, reserved 1091584K
  class space    used 6277K, capacity 6771K, committed 6784K, reserved 1048576K
GC Heap History (10 events):
Event: 5.964 GC heap before
{Heap before GC invocations=7 (full 1):
 PSYoungGen      total 57344K, used 49152K [0x00000000d5580000, 0x00000000dcc80000, 0x0000000100000000)
  eden space 49152K, 100% used [0x00000000d5580000,0x00000000d8580000,0x00000000d8580000)
  from space 8192K, 0% used [0x00000000d8580000,0x00000000d8580000,0x00000000d8d80000)
  to   space 11776K, 0% used [0x00000000dc100000,0x00000000dc100000,0x00000000dcc80000)
 ParOldGen       total 66048K, used 7404K [0x0000000080000000, 0x0000000084080000, 0x00000000d5580000)
  object space 66048K, 11% used [0x0000000080000000,0x000000008073b2f8,0x0000000084080000)
 Metaspace       used 23102K, capacity 24102K, committed 24320K, reserved 1071104K
  class space    used 3276K, capacity 3529K, committed 3584K, reserved 1048576K
Event: 5.970 GC heap after
Heap after GC invocations=7 (full 1):
 PSYoungGen      total 95232K, used 4621K [0x00000000d5580000, 0x00000000dc600000, 0x0000000100000000)
  eden space 90112K, 0% used [0x00000000d5580000,0x00000000d5580000,0x00000000dad80000)
  from space 5120K, 90% used [0x00000000dc100000,0x00000000dc583658,0x00000000dc600000)
  to   space 11776K, 0% used [0x00000000daf00000,0x00000000daf00000,0x00000000dba80000)
 ParOldGen       total 66048K, used 7412K [0x0000000080000000, 0x0000000084080000, 0x00000000d5580000)
  object space 66048K, 11% used [0x0000000080000000,0x000000008073d2f8,0x0000000084080000)
 Metaspace       used 23102K, capacity 24102K, committed 24320K, reserved 1071104K
  class space    used 3276K, capacity 3529K, committed 3584K, reserved 1048576K
}
Event: 7.048 GC heap before
{Heap before GC invocations=8 (full 1):
 PSYoungGen      total 95232K, used 94733K [0x00000000d5580000, 0x00000000dc600000, 0x0000000100000000)
  eden space 90112K, 100% used [0x00000000d5580000,0x00000000dad80000,0x00000000dad80000)
  from space 5120K, 90% used [0x00000000dc100000,0x00000000dc583658,0x00000000dc600000)
  to   space 11776K, 0% used [0x00000000daf00000,0x00000000daf00000,0x00000000dba80000)
 ParOldGen       total 66048K, used 7412K [0x0000000080000000, 0x0000000084080000, 0x00000000d5580000)
  object space 66048K, 11% used [0x0000000080000000,0x000000008073d2f8,0x0000000084080000)
 Metaspace       used 33344K, capacity 34504K, committed 34816K, reserved 1079296K
  class space    used 4513K, capacity 4831K, committed 4864K, reserved 1048576K
Event: 7.069 GC heap after
Heap after GC invocations=8 (full 1):
 PSYoungGen      total 103424K, used 11759K [0x00000000d5580000, 0x00000000e1080000, 0x0000000100000000)
  eden space 91648K, 0% used [0x00000000d5580000,0x00000000d5580000,0x00000000daf00000)
  from space 11776K, 99% used [0x00000000daf00000,0x00000000dba7bea8,0x00000000dba80000)
  to   space 13824K, 0% used [0x00000000e0300000,0x00000000e0300000,0x00000000e1080000)
 ParOldGen       total 66048K, used 8549K [0x0000000080000000, 0x0000000084080000, 0x00000000d5580000)
  object space 66048K, 12% used [0x0000000080000000,0x00000000808596c8,0x0000000084080000)
 Metaspace       used 33344K, capacity 34504K, committed 34816K, reserved 1079296K
  class space    used 4513K, capacity 4831K, committed 4864K, reserved 1048576K
}
Event: 7.281 GC heap before
{Heap before GC invocations=9 (full 1):
 PSYoungGen      total 103424K, used 31337K [0x00000000d5580000, 0x00000000e1080000, 0x0000000100000000)
  eden space 91648K, 21% used [0x00000000d5580000,0x00000000d689e728,0x00000000daf00000)
  from space 11776K, 99% used [0x00000000daf00000,0x00000000dba7bea8,0x00000000dba80000)
  to   space 13824K, 0% used [0x00000000e0300000,0x00000000e0300000,0x00000000e1080000)
 ParOldGen       total 66048K, used 8549K [0x0000000080000000, 0x0000000084080000, 0x00000000d5580000)
  object space 66048K, 12% used [0x0000000080000000,0x00000000808596c8,0x0000000084080000)
 Metaspace       used 34083K, capacity 35308K, committed 35416K, reserved 1079296K
  class space    used 4607K, capacity 4921K, committed 4992K, reserved 1048576K
Event: 7.290 GC heap after
Heap after GC invocations=9 (full 1):
 PSYoungGen      total 177664K, used 8679K [0x00000000d5580000, 0x00000000e1500000, 0x0000000100000000)
  eden space 163840K, 0% used [0x00000000d5580000,0x00000000d5580000,0x00000000df580000)
  from space 13824K, 62% used [0x00000000e0300000,0x00000000e0b79e58,0x00000000e1080000)
  to   space 13824K, 0% used [0x00000000df580000,0x00000000df580000,0x00000000e0300000)
 ParOldGen       total 66048K, used 8557K [0x0000000080000000, 0x0000000084080000, 0x00000000d5580000)
  object space 66048K, 12% used [0x0000000080000000,0x000000008085b6c8,0x0000000084080000)
 Metaspace       used 34083K, capacity 35308K, committed 35416K, reserved 1079296K
  class space    used 4607K, capacity 4921K, committed 4992K, reserved 1048576K
}
Event: 7.291 GC heap before
{Heap before GC invocations=10 (full 2):
 PSYoungGen      total 177664K, used 8679K [0x00000000d5580000, 0x00000000e1500000, 0x0000000100000000)
  eden space 163840K, 0% used [0x00000000d5580000,0x00000000d5580000,0x00000000df580000)
  from space 13824K, 62% used [0x00000000e0300000,0x00000000e0b79e58,0x00000000e1080000)
  to   space 13824K, 0% used [0x00000000df580000,0x00000000df580000,0x00000000e0300000)
 ParOldGen       total 66048K, used 8557K [0x0000000080000000, 0x0000000084080000, 0x00000000d5580000)
  object space 66048K, 12% used [0x0000000080000000,0x000000008085b6c8,0x0000000084080000)
 Metaspace       used 34083K, capacity 35308K, committed 35416K, reserved 1079296K
  class space    used 4607K, capacity 4921K, committed 4992K, reserved 1048576K
Event: 7.424 GC heap after
Heap after GC invocations=10 (full 2):
 PSYoungGen      total 177664K, used 0K [0x00000000d5580000, 0x00000000e1500000, 0x0000000100000000)
  eden space 163840K, 0% used [0x00000000d5580000,0x00000000d5580000,0x00000000df580000)
  from space 13824K, 0% used [0x00000000e0300000,0x00000000e0300000,0x00000000e1080000)
  to   space 13824K, 0% used [0x00000000df580000,0x00000000df580000,0x00000000e0300000)
 ParOldGen       total 104960K, used 15154K [0x0000000080000000, 0x0000000086680000, 0x00000000d5580000)
  object space 104960K, 14% used [0x0000000080000000,0x0000000080ecc9e8,0x0000000086680000)
 Metaspace       used 34083K, capacity 35308K, committed 35416K, reserved 1079296K
  class space    used 4607K, capacity 4921K, committed 4992K, reserved 1048576K
}
Event: 8.847 GC heap before
{Heap before GC invocations=11 (full 2):
 PSYoungGen      total 177664K, used 163840K [0x00000000d5580000, 0x00000000e1500000, 0x0000000100000000)
  eden space 163840K, 100% used [0x00000000d5580000,0x00000000df580000,0x00000000df580000)
  from space 13824K, 0% used [0x00000000e0300000,0x00000000e0300000,0x00000000e1080000)
  to   space 13824K, 0% used [0x00000000df580000,0x00000000df580000,0x00000000e0300000)
 ParOldGen       total 104960K, used 15154K [0x0000000080000000, 0x0000000086680000, 0x00000000d5580000)
  object space 104960K, 14% used [0x0000000080000000,0x0000000080ecc9e8,0x0000000086680000)
 Metaspace       used 39478K, capacity 41654K, committed 41816K, reserved 1085440K
  class space    used 5439K, capacity 5921K, committed 6016K, reserved 1048576K
Event: 8.865 GC heap after
Heap after GC invocations=11 (full 2):
 PSYoungGen      total 177664K, used 13402K [0x00000000d5580000, 0x00000000e1500000, 0x0000000100000000)
  eden space 163840K, 0% used [0x00000000d5580000,0x00000000d5580000,0x00000000df580000)
  from space 13824K, 96% used [0x00000000df580000,0x00000000e0296b88,0x00000000e0300000)
  to   space 13824K, 0% used [0x00000000e0300000,0x00000000e0300000,0x00000000e1080000)
 ParOldGen       total 104960K, used 15162K [0x0000000080000000, 0x0000000086680000, 0x00000000d5580000)
  object space 104960K, 14% used [0x0000000080000000,0x0000000080ece9e8,0x0000000086680000)
 Metaspace       used 39478K, capacity 41654K, committed 41816K, reserved 1085440K
  class space    used 5439K, capacity 5921K, committed 6016K, reserved 1048576K
}

