# JRE version: OpenJDK Runtime Environment (8.0_242-b01) (build 1.8.0_242-release-1644-b01)
# Java VM: OpenJDK 64-Bit Server VM (25.242-b01 mixed mode windows-amd64 compressed oops)
Heap:
 PSYoungGen      total 176128K, used 131184K [0x00000000d5580000, 0x00000000e1000000, 0x0000000100000000)
  eden space 162304K, 80% used [0x00000000d5580000,0x00000000dd59c108,0x00000000df400000)
  from space 13824K, 0% used [0x00000000e0100000,0x00000000e0100000,0x00000000e0e80000)
  to   space 13312K, 0% used [0x00000000df400000,0x00000000df400000,0x00000000e0100000)
 ParOldGen       total 102912K, used 14879K [0x0000000080000000, 0x0000000086480000, 0x00000000d5580000)
  object space 102912K, 14% used [0x0000000080000000,0x0000000080e87d28,0x0000000086480000)
 Metaspace       used 41521K, capacity 43404K, committed 43608K, reserved 1087488K
  class space    used 5615K, capacity 6011K, committed 6016K, reserved 1048576K
GC Heap History (10 events):
Event: 3.925 GC heap before
{Heap before GC invocations=6 (full 1):
 PSYoungGen      total 57344K, used 6976K [0x00000000d5580000, 0x00000000dcc80000, 0x0000000100000000)
  eden space 49152K, 0% used [0x00000000d5580000,0x00000000d5580000,0x00000000d8580000)
  from space 8192K, 85% used [0x00000000d8580000,0x00000000d8c50050,0x00000000d8d80000)
  to   space 11776K, 0% used [0x00000000dc100000,0x00000000dc100000,0x00000000dcc80000)
 ParOldGen       total 131072K, used 3064K [0x0000000080000000, 0x0000000088000000, 0x00000000d5580000)
  object space 131072K, 2% used [0x0000000080000000,0x00000000802fe100,0x0000000088000000)
 Metaspace       used 20494K, capacity 21166K, committed 21248K, reserved 1067008K
  class space    used 2858K, capacity 3039K, committed 3072K, reserved 1048576K
Event: 3.962 GC heap after
Heap after GC invocations=6 (full 1):
 PSYoungGen      total 57344K, used 0K [0x00000000d5580000, 0x00000000dcc80000, 0x0000000100000000)
  eden space 49152K, 0% used [0x00000000d5580000,0x00000000d5580000,0x00000000d8580000)
  from space 8192K, 0% used [0x00000000d8580000,0x00000000d8580000,0x00000000d8d80000)
  to   space 11776K, 0% used [0x00000000dc100000,0x00000000dc100000,0x00000000dcc80000)
 ParOldGen       total 66048K, used 7268K [0x0000000080000000, 0x0000000084080000, 0x00000000d5580000)
  object space 66048K, 11% used [0x0000000080000000,0x00000000807190c8,0x0000000084080000)
 Metaspace       used 20494K, capacity 21166K, committed 21248K, reserved 1067008K
  class space    used 2858K, capacity 3039K, committed 3072K, reserved 1048576K
}
Event: 4.418 GC heap before
{Heap before GC invocations=7 (full 1):
 PSYoungGen      total 57344K, used 49152K [0x00000000d5580000, 0x00000000dcc80000, 0x0000000100000000)
  eden space 49152K, 100% used [0x00000000d5580000,0x00000000d8580000,0x00000000d8580000)
  from space 8192K, 0% used [0x00000000d8580000,0x00000000d8580000,0x00000000d8d80000)
  to   space 11776K, 0% used [0x00000000dc100000,0x00000000dc100000,0x00000000dcc80000)
 ParOldGen       total 66048K, used 7268K [0x0000000080000000, 0x0000000084080000, 0x00000000d5580000)
  object space 66048K, 11% used [0x0000000080000000,0x00000000807190c8,0x0000000084080000)
 Metaspace       used 23141K, capacity 24092K, committed 24320K, reserved 1071104K
  class space    used 3282K, capacity 3528K, committed 3584K, reserved 1048576K
Event: 4.423 GC heap after
Heap after GC invocations=7 (full 1):
 PSYoungGen      total 94720K, used 4597K [0x00000000d5580000, 0x00000000dc580000, 0x0000000100000000)
  eden space 90112K, 0% used [0x00000000d5580000,0x00000000d5580000,0x00000000dad80000)
  from space 4608K, 99% used [0x00000000dc100000,0x00000000dc57d788,0x00000000dc580000)
  to   space 11776K, 0% used [0x00000000dae80000,0x00000000dae80000,0x00000000dba00000)
 ParOldGen       total 66048K, used 7276K [0x0000000080000000, 0x0000000084080000, 0x00000000d5580000)
  object space 66048K, 11% used [0x0000000080000000,0x000000008071b0c8,0x0000000084080000)
 Metaspace       used 23141K, capacity 24092K, committed 24320K, reserved 1071104K
  class space    used 3282K, capacity 3528K, committed 3584K, reserved 1048576K
}
Event: 5.545 GC heap before
{Heap before GC invocations=8 (full 1):
 PSYoungGen      total 94720K, used 94709K [0x00000000d5580000, 0x00000000dc580000, 0x0000000100000000)
  eden space 90112K, 100% used [0x00000000d5580000,0x00000000dad80000,0x00000000dad80000)
  from space 4608K, 99% used [0x00000000dc100000,0x00000000dc57d788,0x00000000dc580000)
  to   space 11776K, 0% used [0x00000000dae80000,0x00000000dae80000,0x00000000dba00000)
 ParOldGen       total 66048K, used 7276K [0x0000000080000000, 0x0000000084080000, 0x00000000d5580000)
  object space 66048K, 11% used [0x0000000080000000,0x000000008071b0c8,0x0000000084080000)
 Metaspace       used 33358K, capacity 34558K, committed 34816K, reserved 1079296K
  class space    used 4511K, capacity 4830K, committed 4864K, reserved 1048576K
Event: 5.558 GC heap after
Heap after GC invocations=8 (full 1):
 PSYoungGen      total 102912K, used 11751K [0x00000000d5580000, 0x00000000e0e80000, 0x0000000100000000)
  eden space 91136K, 0% used [0x00000000d5580000,0x00000000d5580000,0x00000000dae80000)
  from space 11776K, 99% used [0x00000000dae80000,0x00000000db9f9ee0,0x00000000dba00000)
  to   space 13824K, 0% used [0x00000000e0100000,0x00000000e0100000,0x00000000e0e80000)
 ParOldGen       total 66048K, used 8160K [0x0000000080000000, 0x0000000084080000, 0x00000000d5580000)
  object space 66048K, 12% used [0x0000000080000000,0x00000000807f8210,0x0000000084080000)
 Metaspace       used 33358K, capacity 34558K, committed 34816K, reserved 1079296K
  class space    used 4511K, capacity 4830K, committed 4864K, reserved 1048576K
}
Event: 5.777 GC heap before
{Heap before GC invocations=9 (full 1):
 PSYoungGen      total 102912K, used 31151K [0x00000000d5580000, 0x00000000e0e80000, 0x0000000100000000)
  eden space 91136K, 21% used [0x00000000d5580000,0x00000000d6871f20,0x00000000dae80000)
  from space 11776K, 99% used [0x00000000dae80000,0x00000000db9f9ee0,0x00000000dba00000)
  to   space 13824K, 0% used [0x00000000e0100000,0x00000000e0100000,0x00000000e0e80000)
 ParOldGen       total 66048K, used 8160K [0x0000000080000000, 0x0000000084080000, 0x00000000d5580000)
  object space 66048K, 12% used [0x0000000080000000,0x00000000807f8210,0x0000000084080000)
 Metaspace       used 34096K, capacity 35298K, committed 35416K, reserved 1079296K
  class space    used 4605K, capacity 4920K, committed 4992K, reserved 1048576K
Event: 5.786 GC heap after
Heap after GC invocations=9 (full 1):
 PSYoungGen      total 176128K, used 8510K [0x00000000d5580000, 0x00000000e1000000, 0x0000000100000000)
  eden space 162304K, 0% used [0x00000000d5580000,0x00000000d5580000,0x00000000df400000)
  from space 13824K, 61% used [0x00000000e0100000,0x00000000e094fa88,0x00000000e0e80000)
  to   space 13312K, 0% used [0x00000000df400000,0x00000000df400000,0x00000000e0100000)
 ParOldGen       total 66048K, used 8168K [0x0000000080000000, 0x0000000084080000, 0x00000000d5580000)
  object space 66048K, 12% used [0x0000000080000000,0x00000000807fa210,0x0000000084080000)
 Metaspace       used 34096K, capacity 35298K, committed 35416K, reserved 1079296K
  class space    used 4605K, capacity 4920K, committed 4992K, reserved 1048576K
}
Event: 5.786 GC heap before
{Heap before GC invocations=10 (full 2):
 PSYoungGen      total 176128K, used 8510K [0x00000000d5580000, 0x00000000e1000000, 0x0000000100000000)
  eden space 162304K, 0% used [0x00000000d5580000,0x00000000d5580000,0x00000000df400000)
  from space 13824K, 61% used [0x00000000e0100000,0x00000000e094fa88,0x00000000e0e80000)
  to   space 13312K, 0% used [0x00000000df400000,0x00000000df400000,0x00000000e0100000)
 ParOldGen       total 66048K, used 8168K [0x0000000080000000, 0x0000000084080000, 0x00000000d5580000)
  object space 66048K, 12% used [0x0000000080000000,0x00000000807fa210,0x0000000084080000)
 Metaspace       used 34096K, capacity 35298K, committed 35416K, reserved 1079296K
  class space    used 4605K, capacity 4920K, committed 4992K, reserved 1048576K
Event: 5.929 GC heap after
Heap after GC invocations=10 (full 2):
 PSYoungGen      total 176128K, used 0K [0x00000000d5580000, 0x00000000e1000000, 0x0000000100000000)
  eden space 162304K, 0% used [0x00000000d5580000,0x00000000d5580000,0x00000000df400000)
  from space 13824K, 0% used [0x00000000e0100000,0x00000000e0100000,0x00000000e0e80000)
  to   space 13312K, 0% used [0x00000000df400000,0x00000000df400000,0x00000000e0100000)
 ParOldGen       total 102912K, used 14879K [0x0000000080000000, 0x0000000086480000, 0x00000000d5580000)
  object space 102912K, 14% used [0x0000000080000000,0x0000000080e87d28,0x0000000086480000)
 Metaspace       used 34096K, capacity 35298K, committed 35416K, reserved 1079296K
  class space    used 4605K, capacity 4920K, committed 4992K, reserved 1048576K
}

