# JRE version: OpenJDK Runtime Environment (8.0_242-b01) (build 1.8.0_242-release-1644-b01)
# Java VM: OpenJDK 64-Bit Server VM (25.242-b01 mixed mode windows-amd64 compressed oops)
Heap:
 PSYoungGen      total 204800K, used 101186K [0x00000000d5580000, 0x00000000e2580000, 0x0000000100000000)
  eden space 196608K, 47% used [0x00000000d5580000,0x00000000db052898,0x00000000e1580000)
  from space 8192K, 99% used [0x00000000e1d80000,0x00000000e257e0e0,0x00000000e2580000)
  to   space 8192K, 0% used [0x00000000e1580000,0x00000000e1580000,0x00000000e1d80000)
 ParOldGen       total 68096K, used 32330K [0x0000000080000000, 0x0000000084280000, 0x00000000d5580000)
  object space 68096K, 47% used [0x0000000080000000,0x0000000081f92a60,0x0000000084280000)
 Metaspace       used 52151K, capacity 54464K, committed 54616K, reserved 1095680K
  class space    used 6929K, capacity 7463K, committed 7552K, reserved 1048576K
GC Heap History (10 events):
Event: 7.507 GC heap before
{Heap before GC invocations=4 (full 0):
 PSYoungGen      total 106496K, used 16622K [0x00000000d5580000, 0x00000000e2580000, 0x0000000100000000)
  eden space 98304K, 8% used [0x00000000d5580000,0x00000000d5dbceb8,0x00000000db580000)
  from space 8192K, 99% used [0x00000000db580000,0x00000000dbd7ebd0,0x00000000dbd80000)
  to   space 8192K, 0% used [0x00000000e1d80000,0x00000000e1d80000,0x00000000e2580000)
 ParOldGen       total 131072K, used 5434K [0x0000000080000000, 0x0000000088000000, 0x00000000d5580000)
  object space 131072K, 4% used [0x0000000080000000,0x000000008054ebb0,0x0000000088000000)
 Metaspace       used 20499K, capacity 21166K, committed 21248K, reserved 1067008K
  class space    used 2857K, capacity 3039K, committed 3072K, reserved 1048576K
Event: 7.514 GC heap after
Heap after GC invocations=4 (full 0):
 PSYoungGen      total 204800K, used 7509K [0x00000000d5580000, 0x00000000e2580000, 0x0000000100000000)
  eden space 196608K, 0% used [0x00000000d5580000,0x00000000d5580000,0x00000000e1580000)
  from space 8192K, 91% used [0x00000000e1d80000,0x00000000e24d54f8,0x00000000e2580000)
  to   space 8192K, 0% used [0x00000000e1580000,0x00000000e1580000,0x00000000e1d80000)
 ParOldGen       total 131072K, used 5442K [0x0000000080000000, 0x0000000088000000, 0x00000000d5580000)
  object space 131072K, 4% used [0x0000000080000000,0x0000000080550bb0,0x0000000088000000)
 Metaspace       used 20499K, capacity 21166K, committed 21248K, reserved 1067008K
  class space    used 2857K, capacity 3039K, committed 3072K, reserved 1048576K
}
Event: 7.514 GC heap before
{Heap before GC invocations=5 (full 1):
 PSYoungGen      total 204800K, used 7509K [0x00000000d5580000, 0x00000000e2580000, 0x0000000100000000)
  eden space 196608K, 0% used [0x00000000d5580000,0x00000000d5580000,0x00000000e1580000)
  from space 8192K, 91% used [0x00000000e1d80000,0x00000000e24d54f8,0x00000000e2580000)
  to   space 8192K, 0% used [0x00000000e1580000,0x00000000e1580000,0x00000000e1d80000)
 ParOldGen       total 131072K, used 5442K [0x0000000080000000, 0x0000000088000000, 0x00000000d5580000)
  object space 131072K, 4% used [0x0000000080000000,0x0000000080550bb0,0x0000000088000000)
 Metaspace       used 20499K, capacity 21166K, committed 21248K, reserved 1067008K
  class space    used 2857K, capacity 3039K, committed 3072K, reserved 1048576K
Event: 7.550 GC heap after
Heap after GC invocations=5 (full 1):
 PSYoungGen      total 204800K, used 0K [0x00000000d5580000, 0x00000000e2580000, 0x0000000100000000)
  eden space 196608K, 0% used [0x00000000d5580000,0x00000000d5580000,0x00000000e1580000)
  from space 8192K, 0% used [0x00000000e1d80000,0x00000000e1d80000,0x00000000e2580000)
  to   space 8192K, 0% used [0x00000000e1580000,0x00000000e1580000,0x00000000e1d80000)
 ParOldGen       total 68096K, used 7759K [0x0000000080000000, 0x0000000084280000, 0x00000000d5580000)
  object space 68096K, 11% used [0x0000000080000000,0x0000000080793f90,0x0000000084280000)
 Metaspace       used 20499K, capacity 21166K, committed 21248K, reserved 1067008K
  class space    used 2857K, capacity 3039K, committed 3072K, reserved 1048576K
}
Event: 9.524 GC heap before
{Heap before GC invocations=6 (full 1):
 PSYoungGen      total 204800K, used 168173K [0x00000000d5580000, 0x00000000e2580000, 0x0000000100000000)
  eden space 196608K, 85% used [0x00000000d5580000,0x00000000df9bb5b0,0x00000000e1580000)
  from space 8192K, 0% used [0x00000000e1d80000,0x00000000e1d80000,0x00000000e2580000)
  to   space 8192K, 0% used [0x00000000e1580000,0x00000000e1580000,0x00000000e1d80000)
 ParOldGen       total 68096K, used 7759K [0x0000000080000000, 0x0000000084280000, 0x00000000d5580000)
  object space 68096K, 11% used [0x0000000080000000,0x0000000080793f90,0x0000000084280000)
 Metaspace       used 33973K, capacity 35270K, committed 35416K, reserved 1079296K
  class space    used 4587K, capacity 4888K, committed 4992K, reserved 1048576K
Event: 9.542 GC heap after
Heap after GC invocations=6 (full 1):
 PSYoungGen      total 204800K, used 8192K [0x00000000d5580000, 0x00000000e2580000, 0x0000000100000000)
  eden space 196608K, 0% used [0x00000000d5580000,0x00000000d5580000,0x00000000e1580000)
  from space 8192K, 100% used [0x00000000e1580000,0x00000000e1d80000,0x00000000e1d80000)
  to   space 8192K, 0% used [0x00000000e1d80000,0x00000000e1d80000,0x00000000e2580000)
 ParOldGen       total 68096K, used 16268K [0x0000000080000000, 0x0000000084280000, 0x00000000d5580000)
  object space 68096K, 23% used [0x0000000080000000,0x0000000080fe30b0,0x0000000084280000)
 Metaspace       used 33973K, capacity 35270K, committed 35416K, reserved 1079296K
  class space    used 4587K, capacity 4888K, committed 4992K, reserved 1048576K
}
Event: 9.542 GC heap before
{Heap before GC invocations=7 (full 2):
 PSYoungGen      total 204800K, used 8192K [0x00000000d5580000, 0x00000000e2580000, 0x0000000100000000)
  eden space 196608K, 0% used [0x00000000d5580000,0x00000000d5580000,0x00000000e1580000)
  from space 8192K, 100% used [0x00000000e1580000,0x00000000e1d80000,0x00000000e1d80000)
  to   space 8192K, 0% used [0x00000000e1d80000,0x00000000e1d80000,0x00000000e2580000)
 ParOldGen       total 68096K, used 16268K [0x0000000080000000, 0x0000000084280000, 0x00000000d5580000)
  object space 68096K, 23% used [0x0000000080000000,0x0000000080fe30b0,0x0000000084280000)
 Metaspace       used 33973K, capacity 35270K, committed 35416K, reserved 1079296K
  class space    used 4587K, capacity 4888K, committed 4992K, reserved 1048576K
Event: 9.697 GC heap after
Heap after GC invocations=7 (full 2):
 PSYoungGen      total 204800K, used 0K [0x00000000d5580000, 0x00000000e2580000, 0x0000000100000000)
  eden space 196608K, 0% used [0x00000000d5580000,0x00000000d5580000,0x00000000e1580000)
  from space 8192K, 0% used [0x00000000e1580000,0x00000000e1580000,0x00000000e1d80000)
  to   space 8192K, 0% used [0x00000000e1d80000,0x00000000e1d80000,0x00000000e2580000)
 ParOldGen       total 68096K, used 22788K [0x0000000080000000, 0x0000000084280000, 0x00000000d5580000)
  object space 68096K, 33% used [0x0000000080000000,0x00000000816411c0,0x0000000084280000)
 Metaspace       used 33973K, capacity 35270K, committed 35416K, reserved 1079296K
  class space    used 4587K, capacity 4888K, committed 4992K, reserved 1048576K
}
Event: 11.840 GC heap before
{Heap before GC invocations=8 (full 2):
 PSYoungGen      total 204800K, used 196608K [0x00000000d5580000, 0x00000000e2580000, 0x0000000100000000)
  eden space 196608K, 100% used [0x00000000d5580000,0x00000000e1580000,0x00000000e1580000)
  from space 8192K, 0% used [0x00000000e1580000,0x00000000e1580000,0x00000000e1d80000)
  to   space 8192K, 0% used [0x00000000e1d80000,0x00000000e1d80000,0x00000000e2580000)
 ParOldGen       total 68096K, used 22788K [0x0000000080000000, 0x0000000084280000, 0x00000000d5580000)
  object space 68096K, 33% used [0x0000000080000000,0x00000000816411c0,0x0000000084280000)
 Metaspace       used 43069K, capacity 45190K, committed 45400K, reserved 1089536K
  class space    used 5811K, capacity 6272K, committed 6272K, reserved 1048576K
Event: 11.857 GC heap after
Heap after GC invocations=8 (full 2):
 PSYoungGen      total 204800K, used 8184K [0x00000000d5580000, 0x00000000e2580000, 0x0000000100000000)
  eden space 196608K, 0% used [0x00000000d5580000,0x00000000d5580000,0x00000000e1580000)
  from space 8192K, 99% used [0x00000000e1d80000,0x00000000e257e0e0,0x00000000e2580000)
  to   space 8192K, 0% used [0x00000000e1580000,0x00000000e1580000,0x00000000e1d80000)
 ParOldGen       total 68096K, used 32330K [0x0000000080000000, 0x0000000084280000, 0x00000000d5580000)
  object space 68096K, 47% used [0x0000000080000000,0x0000000081f92a60,0x0000000084280000)
 Metaspace       used 43069K, capacity 45190K, committed 45400K, reserved 1089536K
  class space    used 5811K, capacity 6272K, committed 6272K, reserved 1048576K
}

