# JRE version: OpenJDK Runtime Environment (8.0_242-b01) (build 1.8.0_242-release-1644-b01)
# Java VM: OpenJDK 64-Bit Server VM (25.242-b01 mixed mode windows-amd64 compressed oops)
Heap:
 PSYoungGen      total 161280K, used 105720K [0x00000000d5580000, 0x00000000e0a00000, 0x0000000100000000)
  eden space 147456K, 71% used [0x00000000d5580000,0x00000000dbcbe188,0x00000000de580000)
  from space 13824K, 0% used [0x00000000df280000,0x00000000df280000,0x00000000e0000000)
  to   space 13312K, 0% used [0x00000000de580000,0x00000000de580000,0x00000000df280000)
 ParOldGen       total 113664K, used 15181K [0x0000000080000000, 0x0000000086f00000, 0x00000000d5580000)
  object space 113664K, 13% used [0x0000000080000000,0x0000000080ed3728,0x0000000086f00000)
 Metaspace       used 38455K, capacity 40280K, committed 40536K, reserved 1083392K
  class space    used 5295K, capacity 5723K, committed 5760K, reserved 1048576K
GC Heap History (10 events):
Event: 3.681 GC heap before
{Heap before GC invocations=6 (full 1):
 PSYoungGen      total 57344K, used 7028K [0x00000000d5580000, 0x00000000dcc80000, 0x0000000100000000)
  eden space 49152K, 0% used [0x00000000d5580000,0x00000000d5580000,0x00000000d8580000)
  from space 8192K, 85% used [0x00000000d8580000,0x00000000d8c5d040,0x00000000d8d80000)
  to   space 11776K, 0% used [0x00000000dc100000,0x00000000dc100000,0x00000000dcc80000)
 ParOldGen       total 131072K, used 3129K [0x0000000080000000, 0x0000000088000000, 0x00000000d5580000)
  object space 131072K, 2% used [0x0000000080000000,0x000000008030e748,0x0000000088000000)
 Metaspace       used 20483K, capacity 21170K, committed 21248K, reserved 1067008K
  class space    used 2859K, capacity 3041K, committed 3072K, reserved 1048576K
Event: 3.729 GC heap after
Heap after GC invocations=6 (full 1):
 PSYoungGen      total 57344K, used 0K [0x00000000d5580000, 0x00000000dcc80000, 0x0000000100000000)
  eden space 49152K, 0% used [0x00000000d5580000,0x00000000d5580000,0x00000000d8580000)
  from space 8192K, 0% used [0x00000000d8580000,0x00000000d8580000,0x00000000d8d80000)
  to   space 11776K, 0% used [0x00000000dc100000,0x00000000dc100000,0x00000000dcc80000)
 ParOldGen       total 70144K, used 7411K [0x0000000080000000, 0x0000000084480000, 0x00000000d5580000)
  object space 70144K, 10% used [0x0000000080000000,0x000000008073cd48,0x0000000084480000)
 Metaspace       used 20483K, capacity 21170K, committed 21248K, reserved 1067008K
  class space    used 2859K, capacity 3041K, committed 3072K, reserved 1048576K
}
Event: 4.174 GC heap before
{Heap before GC invocations=7 (full 1):
 PSYoungGen      total 57344K, used 49152K [0x00000000d5580000, 0x00000000dcc80000, 0x0000000100000000)
  eden space 49152K, 100% used [0x00000000d5580000,0x00000000d8580000,0x00000000d8580000)
  from space 8192K, 0% used [0x00000000d8580000,0x00000000d8580000,0x00000000d8d80000)
  to   space 11776K, 0% used [0x00000000dc100000,0x00000000dc100000,0x00000000dcc80000)
 ParOldGen       total 70144K, used 7411K [0x0000000080000000, 0x0000000084480000, 0x00000000d5580000)
  object space 70144K, 10% used [0x0000000080000000,0x000000008073cd48,0x0000000084480000)
 Metaspace       used 23127K, capacity 24096K, committed 24320K, reserved 1071104K
  class space    used 3283K, capacity 3528K, committed 3584K, reserved 1048576K
Event: 4.179 GC heap after
Heap after GC invocations=7 (full 1):
 PSYoungGen      total 91136K, used 4715K [0x00000000d5580000, 0x00000000dc600000, 0x0000000100000000)
  eden space 86016K, 0% used [0x00000000d5580000,0x00000000d5580000,0x00000000da980000)
  from space 5120K, 92% used [0x00000000dc100000,0x00000000dc59ad20,0x00000000dc600000)
  to   space 11776K, 0% used [0x00000000daf00000,0x00000000daf00000,0x00000000dba80000)
 ParOldGen       total 70144K, used 7419K [0x0000000080000000, 0x0000000084480000, 0x00000000d5580000)
  object space 70144K, 10% used [0x0000000080000000,0x000000008073ed48,0x0000000084480000)
 Metaspace       used 23127K, capacity 24096K, committed 24320K, reserved 1071104K
  class space    used 3283K, capacity 3528K, committed 3584K, reserved 1048576K
}
Event: 5.227 GC heap before
{Heap before GC invocations=8 (full 1):
 PSYoungGen      total 91136K, used 90731K [0x00000000d5580000, 0x00000000dc600000, 0x0000000100000000)
  eden space 86016K, 100% used [0x00000000d5580000,0x00000000da980000,0x00000000da980000)
  from space 5120K, 92% used [0x00000000dc100000,0x00000000dc59ad20,0x00000000dc600000)
  to   space 11776K, 0% used [0x00000000daf00000,0x00000000daf00000,0x00000000dba80000)
 ParOldGen       total 70144K, used 7419K [0x0000000080000000, 0x0000000084480000, 0x00000000d5580000)
  object space 70144K, 10% used [0x0000000080000000,0x000000008073ed48,0x0000000084480000)
 Metaspace       used 33246K, capacity 34390K, committed 34560K, reserved 1079296K
  class space    used 4504K, capacity 4795K, committed 4864K, reserved 1048576K
Event: 5.240 GC heap after
Heap after GC invocations=8 (full 1):
 PSYoungGen      total 103424K, used 11766K [0x00000000d5580000, 0x00000000e0000000, 0x0000000100000000)
  eden space 91648K, 0% used [0x00000000d5580000,0x00000000d5580000,0x00000000daf00000)
  from space 11776K, 99% used [0x00000000daf00000,0x00000000dba7d900,0x00000000dba80000)
  to   space 13824K, 0% used [0x00000000df280000,0x00000000df280000,0x00000000e0000000)
 ParOldGen       total 70144K, used 7979K [0x0000000080000000, 0x0000000084480000, 0x00000000d5580000)
  object space 70144K, 11% used [0x0000000080000000,0x00000000807cae10,0x0000000084480000)
 Metaspace       used 33246K, capacity 34390K, committed 34560K, reserved 1079296K
  class space    used 4504K, capacity 4795K, committed 4864K, reserved 1048576K
}
Event: 5.483 GC heap before
{Heap before GC invocations=9 (full 1):
 PSYoungGen      total 103424K, used 35289K [0x00000000d5580000, 0x00000000e0000000, 0x0000000100000000)
  eden space 91648K, 25% used [0x00000000d5580000,0x00000000d6c78e70,0x00000000daf00000)
  from space 11776K, 99% used [0x00000000daf00000,0x00000000dba7d900,0x00000000dba80000)
  to   space 13824K, 0% used [0x00000000df280000,0x00000000df280000,0x00000000e0000000)
 ParOldGen       total 70144K, used 7979K [0x0000000080000000, 0x0000000084480000, 0x00000000d5580000)
  object space 70144K, 11% used [0x0000000080000000,0x00000000807cae10,0x0000000084480000)
 Metaspace       used 34079K, capacity 35302K, committed 35416K, reserved 1079296K
  class space    used 4608K, capacity 4920K, committed 4992K, reserved 1048576K
Event: 5.494 GC heap after
Heap after GC invocations=9 (full 1):
 PSYoungGen      total 161280K, used 8771K [0x00000000d5580000, 0x00000000e0a00000, 0x0000000100000000)
  eden space 147456K, 0% used [0x00000000d5580000,0x00000000d5580000,0x00000000de580000)
  from space 13824K, 63% used [0x00000000df280000,0x00000000dfb10d90,0x00000000e0000000)
  to   space 13312K, 0% used [0x00000000de580000,0x00000000de580000,0x00000000df280000)
 ParOldGen       total 70144K, used 7987K [0x0000000080000000, 0x0000000084480000, 0x00000000d5580000)
  object space 70144K, 11% used [0x0000000080000000,0x00000000807cce10,0x0000000084480000)
 Metaspace       used 34079K, capacity 35302K, committed 35416K, reserved 1079296K
  class space    used 4608K, capacity 4920K, committed 4992K, reserved 1048576K
}
Event: 5.494 GC heap before
{Heap before GC invocations=10 (full 2):
 PSYoungGen      total 161280K, used 8771K [0x00000000d5580000, 0x00000000e0a00000, 0x0000000100000000)
  eden space 147456K, 0% used [0x00000000d5580000,0x00000000d5580000,0x00000000de580000)
  from space 13824K, 63% used [0x00000000df280000,0x00000000dfb10d90,0x00000000e0000000)
  to   space 13312K, 0% used [0x00000000de580000,0x00000000de580000,0x00000000df280000)
 ParOldGen       total 70144K, used 7987K [0x0000000080000000, 0x0000000084480000, 0x00000000d5580000)
  object space 70144K, 11% used [0x0000000080000000,0x00000000807cce10,0x0000000084480000)
 Metaspace       used 34079K, capacity 35302K, committed 35416K, reserved 1079296K
  class space    used 4608K, capacity 4920K, committed 4992K, reserved 1048576K
Event: 5.657 GC heap after
Heap after GC invocations=10 (full 2):
 PSYoungGen      total 161280K, used 0K [0x00000000d5580000, 0x00000000e0a00000, 0x0000000100000000)
  eden space 147456K, 0% used [0x00000000d5580000,0x00000000d5580000,0x00000000de580000)
  from space 13824K, 0% used [0x00000000df280000,0x00000000df280000,0x00000000e0000000)
  to   space 13312K, 0% used [0x00000000de580000,0x00000000de580000,0x00000000df280000)
 ParOldGen       total 113664K, used 15181K [0x0000000080000000, 0x0000000086f00000, 0x00000000d5580000)
  object space 113664K, 13% used [0x0000000080000000,0x0000000080ed3728,0x0000000086f00000)
 Metaspace       used 34079K, capacity 35302K, committed 35416K, reserved 1079296K
  class space    used 4608K, capacity 4920K, committed 4992K, reserved 1048576K
}

