# JRE version: OpenJDK Runtime Environment (8.0_242-b01) (build 1.8.0_242-release-1644-b01)
# Java VM: OpenJDK 64-Bit Server VM (25.242-b01 mixed mode windows-amd64 compressed oops)
Heap:
 PSYoungGen      total 613376K, used 440731K [0x00000000d5580000, 0x0000000100000000, 0x0000000100000000)
  eden space 541184K, 70% used [0x00000000d5580000,0x00000000eca45b20,0x00000000f6600000)
  from space 72192K, 81% used [0x00000000fb980000,0x00000000ff3214b0,0x0000000100000000)
  to   space 78848K, 0% used [0x00000000f6600000,0x00000000f6600000,0x00000000fb300000)
 ParOldGen       total 320000K, used 164427K [0x0000000080000000, 0x0000000093880000, 0x00000000d5580000)
  object space 320000K, 51% used [0x0000000080000000,0x000000008a092ff0,0x0000000093880000)
 Metaspace       used 167778K, capacity 177640K, committed 177996K, reserved 1204224K
  class space    used 21991K, capacity 24035K, committed 24192K, reserved 1048576K
GC Heap History (10 events):
Event: 48.875 GC heap before
{Heap before GC invocations=19 (full 4):
 PSYoungGen      total 634880K, used 634867K [0x00000000d5580000, 0x0000000100000000, 0x0000000100000000)
  eden space 595456K, 100% used [0x00000000d5580000,0x00000000f9b00000,0x00000000f9b00000)
  from space 39424K, 99% used [0x00000000fd980000,0x00000000ffffcc38,0x0000000100000000)
  to   space 51712K, 0% used [0x00000000f9b00000,0x00000000f9b00000,0x00000000fcd80000)
 ParOldGen       total 205824K, used 110436K [0x0000000080000000, 0x000000008c900000, 0x00000000d5580000)
  object space 205824K, 53% used [0x0000000080000000,0x0000000086bd9390,0x000000008c900000)
 Metaspace       used 116966K, capacity 122784K, committed 122956K, reserved 1155072K
  class space    used 15423K, capacity 16707K, committed 16768K, reserved 1048576K
Event: 48.933 GC heap after
Heap after GC invocations=19 (full 4):
 PSYoungGen      total 647168K, used 22254K [0x00000000d5580000, 0x0000000100000000, 0x0000000100000000)
  eden space 595456K, 0% used [0x00000000d5580000,0x00000000d5580000,0x00000000f9b00000)
  from space 51712K, 43% used [0x00000000f9b00000,0x00000000fb0bba08,0x00000000fcd80000)
  to   space 49152K, 0% used [0x00000000fd000000,0x00000000fd000000,0x0000000100000000)
 ParOldGen       total 205824K, used 137555K [0x0000000080000000, 0x000000008c900000, 0x00000000d5580000)
  object space 205824K, 66% used [0x0000000080000000,0x0000000088654f70,0x000000008c900000)
 Metaspace       used 116966K, capacity 122784K, committed 122956K, reserved 1155072K
  class space    used 15423K, capacity 16707K, committed 16768K, reserved 1048576K
}
Event: 160.364 GC heap before
{Heap before GC invocations=20 (full 4):
 PSYoungGen      total 647168K, used 617710K [0x00000000d5580000, 0x0000000100000000, 0x0000000100000000)
  eden space 595456K, 100% used [0x00000000d5580000,0x00000000f9b00000,0x00000000f9b00000)
  from space 51712K, 43% used [0x00000000f9b00000,0x00000000fb0bba08,0x00000000fcd80000)
  to   space 49152K, 0% used [0x00000000fd000000,0x00000000fd000000,0x0000000100000000)
 ParOldGen       total 205824K, used 137555K [0x0000000080000000, 0x000000008c900000, 0x00000000d5580000)
  object space 205824K, 66% used [0x0000000080000000,0x0000000088654f70,0x000000008c900000)
 Metaspace       used 139452K, capacity 146602K, committed 146764K, reserved 1175552K
  class space    used 18399K, capacity 20018K, committed 20096K, reserved 1048576K
Event: 160.420 GC heap after
Heap after GC invocations=20 (full 4):
 PSYoungGen      total 616960K, used 49137K [0x00000000d5580000, 0x0000000100000000, 0x0000000100000000)
  eden space 567808K, 0% used [0x00000000d5580000,0x00000000d5580000,0x00000000f8000000)
  from space 49152K, 99% used [0x00000000fd000000,0x00000000ffffc4b0,0x0000000100000000)
  to   space 65536K, 0% used [0x00000000f8000000,0x00000000f8000000,0x00000000fc000000)
 ParOldGen       total 205824K, used 162026K [0x0000000080000000, 0x000000008c900000, 0x00000000d5580000)
  object space 205824K, 78% used [0x0000000080000000,0x0000000089e3ab20,0x000000008c900000)
 Metaspace       used 139452K, capacity 146602K, committed 146764K, reserved 1175552K
  class space    used 18399K, capacity 20018K, committed 20096K, reserved 1048576K
}
Event: 194.987 GC heap before
{Heap before GC invocations=21 (full 4):
 PSYoungGen      total 616960K, used 616945K [0x00000000d5580000, 0x0000000100000000, 0x0000000100000000)
  eden space 567808K, 100% used [0x00000000d5580000,0x00000000f8000000,0x00000000f8000000)
  from space 49152K, 99% used [0x00000000fd000000,0x00000000ffffc4b0,0x0000000100000000)
  to   space 65536K, 0% used [0x00000000f8000000,0x00000000f8000000,0x00000000fc000000)
 ParOldGen       total 205824K, used 162026K [0x0000000080000000, 0x000000008c900000, 0x00000000d5580000)
  object space 205824K, 78% used [0x0000000080000000,0x0000000089e3ab20,0x000000008c900000)
 Metaspace       used 153093K, capacity 161178K, committed 161356K, reserved 1189888K
  class space    used 20040K, capacity 21862K, committed 21888K, reserved 1048576K
Event: 195.046 GC heap after
Heap after GC invocations=21 (full 4):
 PSYoungGen      total 622080K, used 53973K [0x00000000d5580000, 0x0000000100000000, 0x0000000100000000)
  eden space 567808K, 0% used [0x00000000d5580000,0x00000000d5580000,0x00000000f8000000)
  from space 54272K, 99% used [0x00000000f8000000,0x00000000fb4b5480,0x00000000fb500000)
  to   space 72192K, 0% used [0x00000000fb980000,0x00000000fb980000,0x0000000100000000)
 ParOldGen       total 205824K, used 192209K [0x0000000080000000, 0x000000008c900000, 0x00000000d5580000)
  object space 205824K, 93% used [0x0000000080000000,0x000000008bbb4640,0x000000008c900000)
 Metaspace       used 153093K, capacity 161178K, committed 161356K, reserved 1189888K
  class space    used 20040K, capacity 21862K, committed 21888K, reserved 1048576K
}
Event: 195.046 GC heap before
{Heap before GC invocations=22 (full 5):
 PSYoungGen      total 622080K, used 53973K [0x00000000d5580000, 0x0000000100000000, 0x0000000100000000)
  eden space 567808K, 0% used [0x00000000d5580000,0x00000000d5580000,0x00000000f8000000)
  from space 54272K, 99% used [0x00000000f8000000,0x00000000fb4b5480,0x00000000fb500000)
  to   space 72192K, 0% used [0x00000000fb980000,0x00000000fb980000,0x0000000100000000)
 ParOldGen       total 205824K, used 192209K [0x0000000080000000, 0x000000008c900000, 0x00000000d5580000)
  object space 205824K, 93% used [0x0000000080000000,0x000000008bbb4640,0x000000008c900000)
 Metaspace       used 153093K, capacity 161178K, committed 161356K, reserved 1189888K
  class space    used 20040K, capacity 21862K, committed 21888K, reserved 1048576K
Event: 195.458 GC heap after
Heap after GC invocations=22 (full 5):
 PSYoungGen      total 622080K, used 0K [0x00000000d5580000, 0x0000000100000000, 0x0000000100000000)
  eden space 567808K, 0% used [0x00000000d5580000,0x00000000d5580000,0x00000000f8000000)
  from space 54272K, 0% used [0x00000000f8000000,0x00000000f8000000,0x00000000fb500000)
  to   space 72192K, 0% used [0x00000000fb980000,0x00000000fb980000,0x0000000100000000)
 ParOldGen       total 320000K, used 164419K [0x0000000080000000, 0x0000000093880000, 0x00000000d5580000)
  object space 320000K, 51% used [0x0000000080000000,0x000000008a090ff0,0x0000000093880000)
 Metaspace       used 152905K, capacity 160660K, committed 161356K, reserved 1189888K
  class space    used 19986K, capacity 21741K, committed 21888K, reserved 1048576K
}
Event: 199.874 GC heap before
{Heap before GC invocations=23 (full 5):
 PSYoungGen      total 622080K, used 567808K [0x00000000d5580000, 0x0000000100000000, 0x0000000100000000)
  eden space 567808K, 100% used [0x00000000d5580000,0x00000000f8000000,0x00000000f8000000)
  from space 54272K, 0% used [0x00000000f8000000,0x00000000f8000000,0x00000000fb500000)
  to   space 72192K, 0% used [0x00000000fb980000,0x00000000fb980000,0x0000000100000000)
 ParOldGen       total 320000K, used 164419K [0x0000000080000000, 0x0000000093880000, 0x00000000d5580000)
  object space 320000K, 51% used [0x0000000080000000,0x000000008a090ff0,0x0000000093880000)
 Metaspace       used 166567K, capacity 176318K, committed 176588K, reserved 1202176K
  class space    used 21898K, capacity 23906K, committed 24064K, reserved 1048576K
Event: 199.938 GC heap after
Heap after GC invocations=23 (full 5):
 PSYoungGen      total 613376K, used 59013K [0x00000000d5580000, 0x0000000100000000, 0x0000000100000000)
  eden space 541184K, 0% used [0x00000000d5580000,0x00000000d5580000,0x00000000f6600000)
  from space 72192K, 81% used [0x00000000fb980000,0x00000000ff3214b0,0x0000000100000000)
  to   space 78848K, 0% used [0x00000000f6600000,0x00000000f6600000,0x00000000fb300000)
 ParOldGen       total 320000K, used 164427K [0x0000000080000000, 0x0000000093880000, 0x00000000d5580000)
  object space 320000K, 51% used [0x0000000080000000,0x000000008a092ff0,0x0000000093880000)
 Metaspace       used 166567K, capacity 176318K, committed 176588K, reserved 1202176K
  class space    used 21898K, capacity 23906K, committed 24064K, reserved 1048576K
}

