# JRE version: OpenJDK Runtime Environment (8.0_242-b01) (build 1.8.0_242-release-1644-b01)
# Java VM: OpenJDK 64-Bit Server VM (25.242-b01 mixed mode windows-amd64 compressed oops)
Heap:
 PSYoungGen      total 59392K, used 39540K [0x00000000e0000000, 0x00000000e6d00000, 0x0000000100000000)
  eden space 47616K, 66% used [0x00000000e0000000,0x00000000e1f1b358,0x00000000e2e80000)
  from space 11776K, 65% used [0x00000000e2e80000,0x00000000e3601dc0,0x00000000e3a00000)
  to   space 11264K, 0% used [0x00000000e6200000,0x00000000e6200000,0x00000000e6d00000)
 ParOldGen       total 57344K, used 7215K [0x00000000a0000000, 0x00000000a3800000, 0x00000000e0000000)
  object space 57344K, 12% used [0x00000000a0000000,0x00000000a070bf00,0x00000000a3800000)
 Metaspace       used 32528K, capacity 33558K, committed 33664K, reserved 1079296K
  class space    used 4387K, capacity 4684K, committed 4736K, reserved 1048576K
GC Heap History (10 events):
Event: 33.815 GC heap before
{Heap before GC invocations=4 (full 0):
 PSYoungGen      total 57344K, used 57328K [0x00000000e0000000, 0x00000000e4000000, 0x0000000100000000)
  eden space 49152K, 100% used [0x00000000e0000000,0x00000000e3000000,0x00000000e3000000)
  from space 8192K, 99% used [0x00000000e3000000,0x00000000e37fc210,0x00000000e3800000)
  to   space 8192K, 0% used [0x00000000e3800000,0x00000000e3800000,0x00000000e4000000)
 ParOldGen       total 131072K, used 515K [0x00000000a0000000, 0x00000000a8000000, 0x00000000e0000000)
  object space 131072K, 0% used [0x00000000a0000000,0x00000000a0080e60,0x00000000a8000000)
 Metaspace       used 20404K, capacity 20978K, committed 21248K, reserved 1067008K
  class space    used 2843K, capacity 3025K, committed 3072K, reserved 1048576K
Event: 33.824 GC heap after
Heap after GC invocations=4 (full 0):
 PSYoungGen      total 57344K, used 8173K [0x00000000e0000000, 0x00000000e4000000, 0x0000000100000000)
  eden space 49152K, 0% used [0x00000000e0000000,0x00000000e0000000,0x00000000e3000000)
  from space 8192K, 99% used [0x00000000e3800000,0x00000000e3ffb428,0x00000000e4000000)
  to   space 8192K, 0% used [0x00000000e3000000,0x00000000e3000000,0x00000000e3800000)
 ParOldGen       total 131072K, used 2719K [0x00000000a0000000, 0x00000000a8000000, 0x00000000e0000000)
  object space 131072K, 2% used [0x00000000a0000000,0x00000000a02a7d00,0x00000000a8000000)
 Metaspace       used 20404K, capacity 20978K, committed 21248K, reserved 1067008K
  class space    used 2843K, capacity 3025K, committed 3072K, reserved 1048576K
}
Event: 50.701 GC heap before
{Heap before GC invocations=5 (full 0):
 PSYoungGen      total 57344K, used 18421K [0x00000000e0000000, 0x00000000e4000000, 0x0000000100000000)
  eden space 49152K, 20% used [0x00000000e0000000,0x00000000e0a02008,0x00000000e3000000)
  from space 8192K, 99% used [0x00000000e3800000,0x00000000e3ffb428,0x00000000e4000000)
  to   space 8192K, 0% used [0x00000000e3000000,0x00000000e3000000,0x00000000e3800000)
 ParOldGen       total 131072K, used 2719K [0x00000000a0000000, 0x00000000a8000000, 0x00000000e0000000)
  object space 131072K, 2% used [0x00000000a0000000,0x00000000a02a7d00,0x00000000a8000000)
 Metaspace       used 20561K, capacity 21192K, committed 21248K, reserved 1067008K
  class space    used 2865K, capacity 3070K, committed 3072K, reserved 1048576K
Event: 50.724 GC heap after
Heap after GC invocations=5 (full 0):
 PSYoungGen      total 56320K, used 7296K [0x00000000e0000000, 0x00000000e4500000, 0x0000000100000000)
  eden space 48128K, 0% used [0x00000000e0000000,0x00000000e0000000,0x00000000e2f00000)
  from space 8192K, 89% used [0x00000000e3000000,0x00000000e3720030,0x00000000e3800000)
  to   space 11264K, 0% used [0x00000000e3a00000,0x00000000e3a00000,0x00000000e4500000)
 ParOldGen       total 131072K, used 2727K [0x00000000a0000000, 0x00000000a8000000, 0x00000000e0000000)
  object space 131072K, 2% used [0x00000000a0000000,0x00000000a02a9d00,0x00000000a8000000)
 Metaspace       used 20561K, capacity 21192K, committed 21248K, reserved 1067008K
  class space    used 2865K, capacity 3070K, committed 3072K, reserved 1048576K
}
Event: 50.724 GC heap before
{Heap before GC invocations=6 (full 1):
 PSYoungGen      total 56320K, used 7296K [0x00000000e0000000, 0x00000000e4500000, 0x0000000100000000)
  eden space 48128K, 0% used [0x00000000e0000000,0x00000000e0000000,0x00000000e2f00000)
  from space 8192K, 89% used [0x00000000e3000000,0x00000000e3720030,0x00000000e3800000)
  to   space 11264K, 0% used [0x00000000e3a00000,0x00000000e3a00000,0x00000000e4500000)
 ParOldGen       total 131072K, used 2727K [0x00000000a0000000, 0x00000000a8000000, 0x00000000e0000000)
  object space 131072K, 2% used [0x00000000a0000000,0x00000000a02a9d00,0x00000000a8000000)
 Metaspace       used 20561K, capacity 21192K, committed 21248K, reserved 1067008K
  class space    used 2865K, capacity 3070K, committed 3072K, reserved 1048576K
Event: 50.855 GC heap after
Heap after GC invocations=6 (full 1):
 PSYoungGen      total 56320K, used 0K [0x00000000e0000000, 0x00000000e4500000, 0x0000000100000000)
  eden space 48128K, 0% used [0x00000000e0000000,0x00000000e0000000,0x00000000e2f00000)
  from space 8192K, 0% used [0x00000000e3000000,0x00000000e3000000,0x00000000e3800000)
  to   space 11264K, 0% used [0x00000000e3a00000,0x00000000e3a00000,0x00000000e4500000)
 ParOldGen       total 57344K, used 7199K [0x00000000a0000000, 0x00000000a3800000, 0x00000000e0000000)
  object space 57344K, 12% used [0x00000000a0000000,0x00000000a0707f00,0x00000000a3800000)
 Metaspace       used 20561K, capacity 21192K, committed 21248K, reserved 1067008K
  class space    used 2865K, capacity 3070K, committed 3072K, reserved 1048576K
}
Event: 53.601 GC heap before
{Heap before GC invocations=7 (full 1):
 PSYoungGen      total 56320K, used 48128K [0x00000000e0000000, 0x00000000e4500000, 0x0000000100000000)
  eden space 48128K, 100% used [0x00000000e0000000,0x00000000e2f00000,0x00000000e2f00000)
  from space 8192K, 0% used [0x00000000e3000000,0x00000000e3000000,0x00000000e3800000)
  to   space 11264K, 0% used [0x00000000e3a00000,0x00000000e3a00000,0x00000000e4500000)
 ParOldGen       total 57344K, used 7199K [0x00000000a0000000, 0x00000000a3800000, 0x00000000e0000000)
  object space 57344K, 12% used [0x00000000a0000000,0x00000000a0707f00,0x00000000a3800000)
 Metaspace       used 23798K, capacity 24668K, committed 24960K, reserved 1071104K
  class space    used 3392K, capacity 3668K, committed 3712K, reserved 1048576K
Event: 53.677 GC heap after
Heap after GC invocations=7 (full 1):
 PSYoungGen      total 58880K, used 4150K [0x00000000e0000000, 0x00000000e6b00000, 0x0000000100000000)
  eden space 47616K, 0% used [0x00000000e0000000,0x00000000e0000000,0x00000000e2e80000)
  from space 11264K, 36% used [0x00000000e3a00000,0x00000000e3e0d9a8,0x00000000e4500000)
  to   space 11776K, 0% used [0x00000000e2e80000,0x00000000e2e80000,0x00000000e3a00000)
 ParOldGen       total 57344K, used 7207K [0x00000000a0000000, 0x00000000a3800000, 0x00000000e0000000)
  object space 57344K, 12% used [0x00000000a0000000,0x00000000a0709f00,0x00000000a3800000)
 Metaspace       used 23798K, capacity 24668K, committed 24960K, reserved 1071104K
  class space    used 3392K, capacity 3668K, committed 3712K, reserved 1048576K
}
Event: 57.195 GC heap before
{Heap before GC invocations=8 (full 1):
 PSYoungGen      total 58880K, used 51766K [0x00000000e0000000, 0x00000000e6b00000, 0x0000000100000000)
  eden space 47616K, 100% used [0x00000000e0000000,0x00000000e2e80000,0x00000000e2e80000)
  from space 11264K, 36% used [0x00000000e3a00000,0x00000000e3e0d9a8,0x00000000e4500000)
  to   space 11776K, 0% used [0x00000000e2e80000,0x00000000e2e80000,0x00000000e3a00000)
 ParOldGen       total 57344K, used 7207K [0x00000000a0000000, 0x00000000a3800000, 0x00000000e0000000)
  object space 57344K, 12% used [0x00000000a0000000,0x00000000a0709f00,0x00000000a3800000)
 Metaspace       used 30973K, capacity 31866K, committed 32128K, reserved 1077248K
  class space    used 4144K, capacity 4396K, committed 4480K, reserved 1048576K
Event: 57.340 GC heap after
Heap after GC invocations=8 (full 1):
 PSYoungGen      total 59392K, used 7687K [0x00000000e0000000, 0x00000000e6d00000, 0x0000000100000000)
  eden space 47616K, 0% used [0x00000000e0000000,0x00000000e0000000,0x00000000e2e80000)
  from space 11776K, 65% used [0x00000000e2e80000,0x00000000e3601dc0,0x00000000e3a00000)
  to   space 11264K, 0% used [0x00000000e6200000,0x00000000e6200000,0x00000000e6d00000)
 ParOldGen       total 57344K, used 7215K [0x00000000a0000000, 0x00000000a3800000, 0x00000000e0000000)
  object space 57344K, 12% used [0x00000000a0000000,0x00000000a070bf00,0x00000000a3800000)
 Metaspace       used 30973K, capacity 31866K, committed 32128K, reserved 1077248K
  class space    used 4144K, capacity 4396K, committed 4480K, reserved 1048576K
}

