# JRE version: OpenJDK Runtime Environment (8.0_242-b01) (build 1.8.0_242-release-1644-b01)
# Java VM: OpenJDK 64-Bit Server VM (25.242-b01 mixed mode windows-amd64 compressed oops)
Heap:
 PSYoungGen      total 362496K, used 208697K [0x00000000e0000000, 0x00000000fe400000, 0x0000000100000000)
  eden space 270848K, 77% used [0x00000000e0000000,0x00000000ecbce448,0x00000000f0880000)
  from space 91648K, 0% used [0x00000000f0880000,0x00000000f0880000,0x00000000f6200000)
  to   space 89088K, 0% used [0x00000000f8d00000,0x00000000f8d00000,0x00000000fe400000)
 ParOldGen       total 356864K, used 77658K [0x00000000a0000000, 0x00000000b5c80000, 0x00000000e0000000)
  object space 356864K, 21% used [0x00000000a0000000,0x00000000a4bd6958,0x00000000b5c80000)
 Metaspace       used 111001K, capacity 116146K, committed 116264K, reserved 1150976K
  class space    used 14305K, capacity 15341K, committed 15408K, reserved 1048576K
GC Heap History (10 events):
Event: 37.375 GC heap before
{Heap before GC invocations=20 (full 4):
 PSYoungGen      total 316928K, used 18131K [0x00000000e0000000, 0x00000000f6180000, 0x0000000100000000)
  eden space 275968K, 0% used [0x00000000e0000000,0x00000000e0000000,0x00000000f0d80000)
  from space 40960K, 44% used [0x00000000f3380000,0x00000000f4534f88,0x00000000f5b80000)
  to   space 38912K, 0% used [0x00000000f0d80000,0x00000000f0d80000,0x00000000f3380000)
 ParOldGen       total 178176K, used 77871K [0x00000000a0000000, 0x00000000aae00000, 0x00000000e0000000)
  object space 178176K, 43% used [0x00000000a0000000,0x00000000a4c0bd58,0x00000000aae00000)
 Metaspace       used 94229K, capacity 98578K, committed 98600K, reserved 1134592K
  class space    used 12458K, capacity 13340K, committed 13360K, reserved 1048576K
Event: 37.643 GC heap after
Heap after GC invocations=20 (full 4):
 PSYoungGen      total 316928K, used 0K [0x00000000e0000000, 0x00000000f6180000, 0x0000000100000000)
  eden space 275968K, 0% used [0x00000000e0000000,0x00000000e0000000,0x00000000f0d80000)
  from space 40960K, 0% used [0x00000000f3380000,0x00000000f3380000,0x00000000f5b80000)
  to   space 38912K, 0% used [0x00000000f0d80000,0x00000000f0d80000,0x00000000f3380000)
 ParOldGen       total 269824K, used 72529K [0x00000000a0000000, 0x00000000b0780000, 0x00000000e0000000)
  object space 269824K, 26% used [0x00000000a0000000,0x00000000a46d4778,0x00000000b0780000)
 Metaspace       used 94152K, capacity 98352K, committed 98600K, reserved 1134592K
  class space    used 12436K, capacity 13299K, committed 13360K, reserved 1048576K
}
Event: 40.701 GC heap before
{Heap before GC invocations=21 (full 4):
 PSYoungGen      total 316928K, used 275968K [0x00000000e0000000, 0x00000000f6180000, 0x0000000100000000)
  eden space 275968K, 100% used [0x00000000e0000000,0x00000000f0d80000,0x00000000f0d80000)
  from space 40960K, 0% used [0x00000000f3380000,0x00000000f3380000,0x00000000f5b80000)
  to   space 38912K, 0% used [0x00000000f0d80000,0x00000000f0d80000,0x00000000f3380000)
 ParOldGen       total 269824K, used 72529K [0x00000000a0000000, 0x00000000b0780000, 0x00000000e0000000)
  object space 269824K, 26% used [0x00000000a0000000,0x00000000a46d4778,0x00000000b0780000)
 Metaspace       used 101857K, capacity 106744K, committed 107048K, reserved 1142784K
  class space    used 13300K, capacity 14273K, committed 14384K, reserved 1048576K
Event: 40.743 GC heap after
Heap after GC invocations=21 (full 4):
 PSYoungGen      total 314880K, used 38908K [0x00000000e0000000, 0x00000000f9280000, 0x0000000100000000)
  eden space 275968K, 0% used [0x00000000e0000000,0x00000000e0000000,0x00000000f0d80000)
  from space 38912K, 99% used [0x00000000f0d80000,0x00000000f337f278,0x00000000f3380000)
  to   space 49664K, 0% used [0x00000000f6200000,0x00000000f6200000,0x00000000f9280000)
 ParOldGen       total 269824K, used 86448K [0x00000000a0000000, 0x00000000b0780000, 0x00000000e0000000)
  object space 269824K, 32% used [0x00000000a0000000,0x00000000a546c118,0x00000000b0780000)
 Metaspace       used 101857K, capacity 106744K, committed 107048K, reserved 1142784K
  class space    used 13300K, capacity 14273K, committed 14384K, reserved 1048576K
}
Event: 42.502 GC heap before
{Heap before GC invocations=22 (full 4):
 PSYoungGen      total 314880K, used 314876K [0x00000000e0000000, 0x00000000f9280000, 0x0000000100000000)
  eden space 275968K, 100% used [0x00000000e0000000,0x00000000f0d80000,0x00000000f0d80000)
  from space 38912K, 99% used [0x00000000f0d80000,0x00000000f337f278,0x00000000f3380000)
  to   space 49664K, 0% used [0x00000000f6200000,0x00000000f6200000,0x00000000f9280000)
 ParOldGen       total 269824K, used 86448K [0x00000000a0000000, 0x00000000b0780000, 0x00000000e0000000)
  object space 269824K, 32% used [0x00000000a0000000,0x00000000a546c118,0x00000000b0780000)
 Metaspace       used 107538K, capacity 112430K, committed 112680K, reserved 1146880K
  class space    used 13924K, capacity 14864K, committed 14896K, reserved 1048576K
Event: 42.631 GC heap after
Heap after GC invocations=22 (full 4):
 PSYoungGen      total 320512K, used 49657K [0x00000000e0000000, 0x00000000ff100000, 0x0000000100000000)
  eden space 270848K, 0% used [0x00000000e0000000,0x00000000e0000000,0x00000000f0880000)
  from space 49664K, 99% used [0x00000000f6200000,0x00000000f927e4e8,0x00000000f9280000)
  to   space 91648K, 0% used [0x00000000f0880000,0x00000000f0880000,0x00000000f6200000)
 ParOldGen       total 269824K, used 178742K [0x00000000a0000000, 0x00000000b0780000, 0x00000000e0000000)
  object space 269824K, 66% used [0x00000000a0000000,0x00000000aae8d9e0,0x00000000b0780000)
 Metaspace       used 107538K, capacity 112430K, committed 112680K, reserved 1146880K
  class space    used 13924K, capacity 14864K, committed 14896K, reserved 1048576K
}
Event: 46.410 GC heap before
{Heap before GC invocations=23 (full 4):
 PSYoungGen      total 320512K, used 320505K [0x00000000e0000000, 0x00000000ff100000, 0x0000000100000000)
  eden space 270848K, 100% used [0x00000000e0000000,0x00000000f0880000,0x00000000f0880000)
  from space 49664K, 99% used [0x00000000f6200000,0x00000000f927e4e8,0x00000000f9280000)
  to   space 91648K, 0% used [0x00000000f0880000,0x00000000f0880000,0x00000000f6200000)
 ParOldGen       total 269824K, used 178742K [0x00000000a0000000, 0x00000000b0780000, 0x00000000e0000000)
  object space 269824K, 66% used [0x00000000a0000000,0x00000000aae8d9e0,0x00000000b0780000)
 Metaspace       used 109382K, capacity 114408K, committed 114600K, reserved 1148928K
  class space    used 14110K, capacity 15158K, committed 15280K, reserved 1048576K
Event: 46.496 GC heap after
Heap after GC invocations=23 (full 4):
 PSYoungGen      total 362496K, used 12566K [0x00000000e0000000, 0x00000000fe400000, 0x0000000100000000)
  eden space 270848K, 0% used [0x00000000e0000000,0x00000000e0000000,0x00000000f0880000)
  from space 91648K, 13% used [0x00000000f0880000,0x00000000f14c58b0,0x00000000f6200000)
  to   space 89088K, 0% used [0x00000000f8d00000,0x00000000f8d00000,0x00000000fe400000)
 ParOldGen       total 269824K, used 223059K [0x00000000a0000000, 0x00000000b0780000, 0x00000000e0000000)
  object space 269824K, 82% used [0x00000000a0000000,0x00000000ad9d4cf0,0x00000000b0780000)
 Metaspace       used 109382K, capacity 114408K, committed 114600K, reserved 1148928K
  class space    used 14110K, capacity 15158K, committed 15280K, reserved 1048576K
}
Event: 46.496 GC heap before
{Heap before GC invocations=24 (full 5):
 PSYoungGen      total 362496K, used 12566K [0x00000000e0000000, 0x00000000fe400000, 0x0000000100000000)
  eden space 270848K, 0% used [0x00000000e0000000,0x00000000e0000000,0x00000000f0880000)
  from space 91648K, 13% used [0x00000000f0880000,0x00000000f14c58b0,0x00000000f6200000)
  to   space 89088K, 0% used [0x00000000f8d00000,0x00000000f8d00000,0x00000000fe400000)
 ParOldGen       total 269824K, used 223059K [0x00000000a0000000, 0x00000000b0780000, 0x00000000e0000000)
  object space 269824K, 82% used [0x00000000a0000000,0x00000000ad9d4cf0,0x00000000b0780000)
 Metaspace       used 109382K, capacity 114408K, committed 114600K, reserved 1148928K
  class space    used 14110K, capacity 15158K, committed 15280K, reserved 1048576K
Event: 46.702 GC heap after
Heap after GC invocations=24 (full 5):
 PSYoungGen      total 362496K, used 0K [0x00000000e0000000, 0x00000000fe400000, 0x0000000100000000)
  eden space 270848K, 0% used [0x00000000e0000000,0x00000000e0000000,0x00000000f0880000)
  from space 91648K, 0% used [0x00000000f0880000,0x00000000f0880000,0x00000000f6200000)
  to   space 89088K, 0% used [0x00000000f8d00000,0x00000000f8d00000,0x00000000fe400000)
 ParOldGen       total 356864K, used 77658K [0x00000000a0000000, 0x00000000b5c80000, 0x00000000e0000000)
  object space 356864K, 21% used [0x00000000a0000000,0x00000000a4bd6958,0x00000000b5c80000)
 Metaspace       used 109319K, capacity 114248K, committed 114600K, reserved 1148928K
  class space    used 14087K, capacity 15116K, committed 15280K, reserved 1048576K
}

