# JRE version: OpenJDK Runtime Environment (8.0_242-b01) (build 1.8.0_242-release-1644-b01)
# Java VM: OpenJDK 64-Bit Server VM (25.242-b01 mixed mode windows-amd64 compressed oops)
Heap:
 PSYoungGen      total 476160K, used 360050K [0x00000000e0000000, 0x0000000100000000, 0x0000000100000000)
  eden space 437760K, 73% used [0x00000000e0000000,0x00000000f3a6e408,0x00000000fab80000)
  from space 38400K, 99% used [0x00000000fab80000,0x00000000fd0ae718,0x00000000fd100000)
  to   space 46080K, 0% used [0x00000000fd300000,0x00000000fd300000,0x0000000100000000)
 ParOldGen       total 243712K, used 82425K [0x00000000a0000000, 0x00000000aee00000, 0x00000000e0000000)
  object space 243712K, 33% used [0x00000000a0000000,0x00000000a507e508,0x00000000aee00000)
 Metaspace       used 117725K, capacity 123824K, committed 123992K, reserved 1157120K
  class space    used 15248K, capacity 16477K, committed 16512K, reserved 1048576K
GC Heap History (10 events):
Event: 38.015 GC heap before
{Heap before GC invocations=21 (full 4):
 PSYoungGen      total 405504K, used 390173K [0x00000000e0000000, 0x00000000fb480000, 0x0000000100000000)
  eden space 368128K, 100% used [0x00000000e0000000,0x00000000f6780000,0x00000000f6780000)
  from space 37376K, 58% used [0x00000000f9000000,0x00000000fa5874b8,0x00000000fb480000)
  to   space 39424K, 0% used [0x00000000f6780000,0x00000000f6780000,0x00000000f8e00000)
 ParOldGen       total 243712K, used 74147K [0x00000000a0000000, 0x00000000aee00000, 0x00000000e0000000)
  object space 243712K, 30% used [0x00000000a0000000,0x00000000a4868ff0,0x00000000aee00000)
 Metaspace       used 99392K, capacity 104058K, committed 104408K, reserved 1140736K
  class space    used 13029K, capacity 14030K, committed 14080K, reserved 1048576K
Event: 38.052 GC heap after
Heap after GC invocations=21 (full 4):
 PSYoungGen      total 407552K, used 26514K [0x00000000e0000000, 0x00000000ff880000, 0x0000000100000000)
  eden space 368128K, 0% used [0x00000000e0000000,0x00000000e0000000,0x00000000f6780000)
  from space 39424K, 67% used [0x00000000f6780000,0x00000000f8164830,0x00000000f8e00000)
  to   space 40960K, 0% used [0x00000000fd080000,0x00000000fd080000,0x00000000ff880000)
 ParOldGen       total 243712K, used 74155K [0x00000000a0000000, 0x00000000aee00000, 0x00000000e0000000)
  object space 243712K, 30% used [0x00000000a0000000,0x00000000a486aff0,0x00000000aee00000)
 Metaspace       used 99392K, capacity 104058K, committed 104408K, reserved 1140736K
  class space    used 13029K, capacity 14030K, committed 14080K, reserved 1048576K
}
Event: 38.653 GC heap before
{Heap before GC invocations=22 (full 4):
 PSYoungGen      total 407552K, used 394642K [0x00000000e0000000, 0x00000000ff880000, 0x0000000100000000)
  eden space 368128K, 100% used [0x00000000e0000000,0x00000000f6780000,0x00000000f6780000)
  from space 39424K, 67% used [0x00000000f6780000,0x00000000f8164830,0x00000000f8e00000)
  to   space 40960K, 0% used [0x00000000fd080000,0x00000000fd080000,0x00000000ff880000)
 ParOldGen       total 243712K, used 74155K [0x00000000a0000000, 0x00000000aee00000, 0x00000000e0000000)
  object space 243712K, 30% used [0x00000000a0000000,0x00000000a486aff0,0x00000000aee00000)
 Metaspace       used 99415K, capacity 104058K, committed 104408K, reserved 1140736K
  class space    used 13029K, capacity 14030K, committed 14080K, reserved 1048576K
Event: 38.698 GC heap after
Heap after GC invocations=22 (full 4):
 PSYoungGen      total 473600K, used 30083K [0x00000000e0000000, 0x0000000100000000, 0x0000000100000000)
  eden space 432640K, 0% used [0x00000000e0000000,0x00000000e0000000,0x00000000fa680000)
  from space 40960K, 73% used [0x00000000fd080000,0x00000000fede0d38,0x00000000ff880000)
  to   space 43008K, 0% used [0x00000000fa680000,0x00000000fa680000,0x00000000fd080000)
 ParOldGen       total 243712K, used 74163K [0x00000000a0000000, 0x00000000aee00000, 0x00000000e0000000)
  object space 243712K, 30% used [0x00000000a0000000,0x00000000a486cff0,0x00000000aee00000)
 Metaspace       used 99415K, capacity 104058K, committed 104408K, reserved 1140736K
  class space    used 13029K, capacity 14030K, committed 14080K, reserved 1048576K
}
Event: 39.402 GC heap before
{Heap before GC invocations=23 (full 4):
 PSYoungGen      total 473600K, used 462723K [0x00000000e0000000, 0x0000000100000000, 0x0000000100000000)
  eden space 432640K, 100% used [0x00000000e0000000,0x00000000fa680000,0x00000000fa680000)
  from space 40960K, 73% used [0x00000000fd080000,0x00000000fede0d38,0x00000000ff880000)
  to   space 43008K, 0% used [0x00000000fa680000,0x00000000fa680000,0x00000000fd080000)
 ParOldGen       total 243712K, used 74163K [0x00000000a0000000, 0x00000000aee00000, 0x00000000e0000000)
  object space 243712K, 30% used [0x00000000a0000000,0x00000000a486cff0,0x00000000aee00000)
 Metaspace       used 99421K, capacity 104058K, committed 104408K, reserved 1140736K
  class space    used 13029K, capacity 14030K, committed 14080K, reserved 1048576K
Event: 39.436 GC heap after
Heap after GC invocations=23 (full 4):
 PSYoungGen      total 475648K, used 26389K [0x00000000e0000000, 0x0000000100000000, 0x0000000100000000)
  eden space 432640K, 0% used [0x00000000e0000000,0x00000000e0000000,0x00000000fa680000)
  from space 43008K, 61% used [0x00000000fa680000,0x00000000fc0454b8,0x00000000fd080000)
  to   space 43520K, 0% used [0x00000000fd580000,0x00000000fd580000,0x0000000100000000)
 ParOldGen       total 243712K, used 74171K [0x00000000a0000000, 0x00000000aee00000, 0x00000000e0000000)
  object space 243712K, 30% used [0x00000000a0000000,0x00000000a486eff0,0x00000000aee00000)
 Metaspace       used 99421K, capacity 104058K, committed 104408K, reserved 1140736K
  class space    used 13029K, capacity 14030K, committed 14080K, reserved 1048576K
}
Event: 43.156 GC heap before
{Heap before GC invocations=24 (full 4):
 PSYoungGen      total 475648K, used 459029K [0x00000000e0000000, 0x0000000100000000, 0x0000000100000000)
  eden space 432640K, 100% used [0x00000000e0000000,0x00000000fa680000,0x00000000fa680000)
  from space 43008K, 61% used [0x00000000fa680000,0x00000000fc0454b8,0x00000000fd080000)
  to   space 43520K, 0% used [0x00000000fd580000,0x00000000fd580000,0x0000000100000000)
 ParOldGen       total 243712K, used 74171K [0x00000000a0000000, 0x00000000aee00000, 0x00000000e0000000)
  object space 243712K, 30% used [0x00000000a0000000,0x00000000a486eff0,0x00000000aee00000)
 Metaspace       used 107231K, capacity 112560K, committed 112856K, reserved 1146880K
  class space    used 14128K, capacity 15269K, committed 15360K, reserved 1048576K
Event: 43.186 GC heap after
Heap after GC invocations=24 (full 4):
 PSYoungGen      total 477696K, used 16361K [0x00000000e0000000, 0x00000000ffc80000, 0x0000000100000000)
  eden space 437760K, 0% used [0x00000000e0000000,0x00000000e0000000,0x00000000fab80000)
  from space 39936K, 40% used [0x00000000fd580000,0x00000000fe57a5d8,0x00000000ffc80000)
  to   space 41472K, 0% used [0x00000000fab80000,0x00000000fab80000,0x00000000fd400000)
 ParOldGen       total 243712K, used 82281K [0x00000000a0000000, 0x00000000aee00000, 0x00000000e0000000)
  object space 243712K, 33% used [0x00000000a0000000,0x00000000a505a4a8,0x00000000aee00000)
 Metaspace       used 107231K, capacity 112560K, committed 112856K, reserved 1146880K
  class space    used 14128K, capacity 15269K, committed 15360K, reserved 1048576K
}
Event: 47.204 GC heap before
{Heap before GC invocations=25 (full 4):
 PSYoungGen      total 477696K, used 454121K [0x00000000e0000000, 0x00000000ffc80000, 0x0000000100000000)
  eden space 437760K, 100% used [0x00000000e0000000,0x00000000fab80000,0x00000000fab80000)
  from space 39936K, 40% used [0x00000000fd580000,0x00000000fe57a5d8,0x00000000ffc80000)
  to   space 41472K, 0% used [0x00000000fab80000,0x00000000fab80000,0x00000000fd400000)
 ParOldGen       total 243712K, used 82281K [0x00000000a0000000, 0x00000000aee00000, 0x00000000e0000000)
  object space 243712K, 33% used [0x00000000a0000000,0x00000000a505a4a8,0x00000000aee00000)
 Metaspace       used 113653K, capacity 119792K, committed 120024K, reserved 1153024K
  class space    used 14844K, capacity 16083K, committed 16128K, reserved 1048576K
Event: 47.247 GC heap after
Heap after GC invocations=25 (full 4):
 PSYoungGen      total 476160K, used 38073K [0x00000000e0000000, 0x0000000100000000, 0x0000000100000000)
  eden space 437760K, 0% used [0x00000000e0000000,0x00000000e0000000,0x00000000fab80000)
  from space 38400K, 99% used [0x00000000fab80000,0x00000000fd0ae718,0x00000000fd100000)
  to   space 46080K, 0% used [0x00000000fd300000,0x00000000fd300000,0x0000000100000000)
 ParOldGen       total 243712K, used 82425K [0x00000000a0000000, 0x00000000aee00000, 0x00000000e0000000)
  object space 243712K, 33% used [0x00000000a0000000,0x00000000a507e508,0x00000000aee00000)
 Metaspace       used 113653K, capacity 119792K, committed 120024K, reserved 1153024K
  class space    used 14844K, capacity 16083K, committed 16128K, reserved 1048576K
}

