# JRE version: OpenJDK Runtime Environment (8.0_242-b01) (build 1.8.0_242-release-1644-b01)
# Java VM: OpenJDK 64-Bit Server VM (25.242-b01 mixed mode windows-amd64 compressed oops)
Heap:
 PSYoungGen      total 211456K, used 34735K [0x00000000e0000000, 0x00000000ee400000, 0x0000000100000000)
  eden space 190464K, 18% used [0x00000000e0000000,0x00000000e21ebc70,0x00000000eba00000)
  from space 20992K, 0% used [0x00000000eba00000,0x00000000eba00000,0x00000000ece80000)
  to   space 16896K, 0% used [0x00000000ece80000,0x00000000ece80000,0x00000000edf00000)
 ParOldGen       total 108032K, used 29485K [0x00000000a0000000, 0x00000000a6980000, 0x00000000e0000000)
  object space 108032K, 27% used [0x00000000a0000000,0x00000000a1ccb490,0x00000000a6980000)
 Metaspace       used 57392K, capacity 59648K, committed 59992K, reserved 1101824K
  class space    used 7506K, capacity 7963K, committed 8064K, reserved 1048576K
GC Heap History (10 events):
Event: 10.824 GC heap before
{Heap before GC invocations=10 (full 2):
 PSYoungGen      total 163328K, used 12189K [0x00000000e0000000, 0x00000000eb800000, 0x0000000100000000)
  eden space 150528K, 0% used [0x00000000e0000000,0x00000000e0000000,0x00000000e9300000)
  from space 12800K, 95% used [0x00000000ea100000,0x00000000eace7488,0x00000000ead80000)
  to   space 14336K, 0% used [0x00000000e9300000,0x00000000e9300000,0x00000000ea100000)
 ParOldGen       total 69632K, used 7329K [0x00000000a0000000, 0x00000000a4400000, 0x00000000e0000000)
  object space 69632K, 10% used [0x00000000a0000000,0x00000000a0728768,0x00000000a4400000)
 Metaspace       used 34002K, capacity 35270K, committed 35416K, reserved 1079296K
  class space    used 4587K, capacity 4888K, committed 4992K, reserved 1048576K
Event: 11.105 GC heap after
Heap after GC invocations=10 (full 2):
 PSYoungGen      total 163328K, used 0K [0x00000000e0000000, 0x00000000eb800000, 0x0000000100000000)
  eden space 150528K, 0% used [0x00000000e0000000,0x00000000e0000000,0x00000000e9300000)
  from space 12800K, 0% used [0x00000000ea100000,0x00000000ea100000,0x00000000ead80000)
  to   space 14336K, 0% used [0x00000000e9300000,0x00000000e9300000,0x00000000ea100000)
 ParOldGen       total 108032K, used 18372K [0x00000000a0000000, 0x00000000a6980000, 0x00000000e0000000)
  object space 108032K, 17% used [0x00000000a0000000,0x00000000a11f1238,0x00000000a6980000)
 Metaspace       used 34002K, capacity 35270K, committed 35416K, reserved 1079296K
  class space    used 4587K, capacity 4888K, committed 4992K, reserved 1048576K
}
Event: 15.408 GC heap before
{Heap before GC invocations=11 (full 2):
 PSYoungGen      total 163328K, used 150528K [0x00000000e0000000, 0x00000000eb800000, 0x0000000100000000)
  eden space 150528K, 100% used [0x00000000e0000000,0x00000000e9300000,0x00000000e9300000)
  from space 12800K, 0% used [0x00000000ea100000,0x00000000ea100000,0x00000000ead80000)
  to   space 14336K, 0% used [0x00000000e9300000,0x00000000e9300000,0x00000000ea100000)
 ParOldGen       total 108032K, used 18372K [0x00000000a0000000, 0x00000000a6980000, 0x00000000e0000000)
  object space 108032K, 17% used [0x00000000a0000000,0x00000000a11f1238,0x00000000a6980000)
 Metaspace       used 41663K, capacity 43548K, committed 43608K, reserved 1087488K
  class space    used 5618K, capacity 6012K, committed 6016K, reserved 1048576K
Event: 15.440 GC heap after
Heap after GC invocations=11 (full 2):
 PSYoungGen      total 164864K, used 14329K [0x00000000e0000000, 0x00000000edf00000, 0x0000000100000000)
  eden space 150528K, 0% used [0x00000000e0000000,0x00000000e0000000,0x00000000e9300000)
  from space 14336K, 99% used [0x00000000e9300000,0x00000000ea0fe7a8,0x00000000ea100000)
  to   space 16896K, 0% used [0x00000000ece80000,0x00000000ece80000,0x00000000edf00000)
 ParOldGen       total 108032K, used 20155K [0x00000000a0000000, 0x00000000a6980000, 0x00000000e0000000)
  object space 108032K, 18% used [0x00000000a0000000,0x00000000a13aed88,0x00000000a6980000)
 Metaspace       used 41663K, capacity 43548K, committed 43608K, reserved 1087488K
  class space    used 5618K, capacity 6012K, committed 6016K, reserved 1048576K
}
Event: 20.811 GC heap before
{Heap before GC invocations=12 (full 2):
 PSYoungGen      total 164864K, used 164857K [0x00000000e0000000, 0x00000000edf00000, 0x0000000100000000)
  eden space 150528K, 100% used [0x00000000e0000000,0x00000000e9300000,0x00000000e9300000)
  from space 14336K, 99% used [0x00000000e9300000,0x00000000ea0fe7a8,0x00000000ea100000)
  to   space 16896K, 0% used [0x00000000ece80000,0x00000000ece80000,0x00000000edf00000)
 ParOldGen       total 108032K, used 20155K [0x00000000a0000000, 0x00000000a6980000, 0x00000000e0000000)
  object space 108032K, 18% used [0x00000000a0000000,0x00000000a13aed88,0x00000000a6980000)
 Metaspace       used 54341K, capacity 56642K, committed 56792K, reserved 1097728K
  class space    used 7132K, capacity 7635K, committed 7680K, reserved 1048576K
Event: 20.896 GC heap after
Heap after GC invocations=12 (full 2):
 PSYoungGen      total 207360K, used 16881K [0x00000000e0000000, 0x00000000ee400000, 0x0000000100000000)
  eden space 190464K, 0% used [0x00000000e0000000,0x00000000e0000000,0x00000000eba00000)
  from space 16896K, 99% used [0x00000000ece80000,0x00000000edefc618,0x00000000edf00000)
  to   space 20992K, 0% used [0x00000000eba00000,0x00000000eba00000,0x00000000ece80000)
 ParOldGen       total 108032K, used 24857K [0x00000000a0000000, 0x00000000a6980000, 0x00000000e0000000)
  object space 108032K, 23% used [0x00000000a0000000,0x00000000a1846648,0x00000000a6980000)
 Metaspace       used 54341K, capacity 56642K, committed 56792K, reserved 1097728K
  class space    used 7132K, capacity 7635K, committed 7680K, reserved 1048576K
}
Event: 21.639 GC heap before
{Heap before GC invocations=13 (full 2):
 PSYoungGen      total 207360K, used 44413K [0x00000000e0000000, 0x00000000ee400000, 0x0000000100000000)
  eden space 190464K, 14% used [0x00000000e0000000,0x00000000e1ae2ed8,0x00000000eba00000)
  from space 16896K, 99% used [0x00000000ece80000,0x00000000edefc618,0x00000000edf00000)
  to   space 20992K, 0% used [0x00000000eba00000,0x00000000eba00000,0x00000000ece80000)
 ParOldGen       total 108032K, used 24857K [0x00000000a0000000, 0x00000000a6980000, 0x00000000e0000000)
  object space 108032K, 23% used [0x00000000a0000000,0x00000000a1846648,0x00000000a6980000)
 Metaspace       used 56620K, capacity 58960K, committed 59028K, reserved 1099776K
  class space    used 7414K, capacity 7892K, committed 7936K, reserved 1048576K
Event: 21.667 GC heap after
Heap after GC invocations=13 (full 2):
 PSYoungGen      total 211456K, used 3540K [0x00000000e0000000, 0x00000000ee400000, 0x0000000100000000)
  eden space 190464K, 0% used [0x00000000e0000000,0x00000000e0000000,0x00000000eba00000)
  from space 20992K, 16% used [0x00000000eba00000,0x00000000ebd751f0,0x00000000ece80000)
  to   space 16896K, 0% used [0x00000000ece80000,0x00000000ece80000,0x00000000edf00000)
 ParOldGen       total 108032K, used 38772K [0x00000000a0000000, 0x00000000a6980000, 0x00000000e0000000)
  object space 108032K, 35% used [0x00000000a0000000,0x00000000a25dd3e0,0x00000000a6980000)
 Metaspace       used 56620K, capacity 58960K, committed 59028K, reserved 1099776K
  class space    used 7414K, capacity 7892K, committed 7936K, reserved 1048576K
}
Event: 21.667 GC heap before
{Heap before GC invocations=14 (full 3):
 PSYoungGen      total 211456K, used 3540K [0x00000000e0000000, 0x00000000ee400000, 0x0000000100000000)
  eden space 190464K, 0% used [0x00000000e0000000,0x00000000e0000000,0x00000000eba00000)
  from space 20992K, 16% used [0x00000000eba00000,0x00000000ebd751f0,0x00000000ece80000)
  to   space 16896K, 0% used [0x00000000ece80000,0x00000000ece80000,0x00000000edf00000)
 ParOldGen       total 108032K, used 38772K [0x00000000a0000000, 0x00000000a6980000, 0x00000000e0000000)
  object space 108032K, 35% used [0x00000000a0000000,0x00000000a25dd3e0,0x00000000a6980000)
 Metaspace       used 56620K, capacity 58960K, committed 59028K, reserved 1099776K
  class space    used 7414K, capacity 7892K, committed 7936K, reserved 1048576K
Event: 22.249 GC heap after
Heap after GC invocations=14 (full 3):
 PSYoungGen      total 211456K, used 0K [0x00000000e0000000, 0x00000000ee400000, 0x0000000100000000)
  eden space 190464K, 0% used [0x00000000e0000000,0x00000000e0000000,0x00000000eba00000)
  from space 20992K, 0% used [0x00000000eba00000,0x00000000eba00000,0x00000000ece80000)
  to   space 16896K, 0% used [0x00000000ece80000,0x00000000ece80000,0x00000000edf00000)
 ParOldGen       total 108032K, used 29485K [0x00000000a0000000, 0x00000000a6980000, 0x00000000e0000000)
  object space 108032K, 27% used [0x00000000a0000000,0x00000000a1ccb490,0x00000000a6980000)
 Metaspace       used 56525K, capacity 58732K, committed 59028K, reserved 1099776K
  class space    used 7387K, capacity 7828K, committed 7936K, reserved 1048576K
}

