# JRE version: OpenJDK Runtime Environment (8.0_242-b01) (build 1.8.0_242-release-1644-b01)
# Java VM: OpenJDK 64-Bit Server VM (25.242-b01 mixed mode windows-amd64 compressed oops)
Heap:
 PSYoungGen      total 478720K, used 104447K [0x00000000e0000000, 0x0000000100000000, 0x0000000100000000)
  eden space 433152K, 17% used [0x00000000e0000000,0x00000000e4c15590,0x00000000fa700000)
  from space 45568K, 60% used [0x00000000fd380000,0x00000000fee9d890,0x0000000100000000)
  to   space 45568K, 0% used [0x00000000fa700000,0x00000000fa700000,0x00000000fd380000)
 ParOldGen       total 215552K, used 111514K [0x00000000a0000000, 0x00000000ad280000, 0x00000000e0000000)
  object space 215552K, 51% used [0x00000000a0000000,0x00000000a6ce6990,0x00000000ad280000)
 Metaspace       used 119630K, capacity 125936K, committed 126156K, reserved 1159168K
  class space    used 15540K, capacity 16824K, committed 16896K, reserved 1048576K
GC Heap History (10 events):
Event: 101.942 GC heap before
{Heap before GC invocations=22 (full 4):
 PSYoungGen      total 488448K, used 471090K [0x00000000e0000000, 0x0000000100000000, 0x0000000100000000)
  eden space 452608K, 100% used [0x00000000e0000000,0x00000000fba00000,0x00000000fba00000)
  from space 35840K, 51% used [0x00000000fba00000,0x00000000fcc0cbf8,0x00000000fdd00000)
  to   space 34816K, 0% used [0x00000000fde00000,0x00000000fde00000,0x0000000100000000)
 ParOldGen       total 215552K, used 94321K [0x00000000a0000000, 0x00000000ad280000, 0x00000000e0000000)
  object space 215552K, 43% used [0x00000000a0000000,0x00000000a5c1c5c8,0x00000000ad280000)
 Metaspace       used 112849K, capacity 118940K, committed 119116K, reserved 1153024K
  class space    used 14716K, capacity 15941K, committed 16000K, reserved 1048576K
Event: 101.978 GC heap after
Heap after GC invocations=22 (full 4):
 PSYoungGen      total 483328K, used 28582K [0x00000000e0000000, 0x0000000100000000, 0x0000000100000000)
  eden space 448512K, 0% used [0x00000000e0000000,0x00000000e0000000,0x00000000fb600000)
  from space 34816K, 82% used [0x00000000fde00000,0x00000000ff9e9998,0x0000000100000000)
  to   space 37888K, 0% used [0x00000000fb600000,0x00000000fb600000,0x00000000fdb00000)
 ParOldGen       total 215552K, used 101500K [0x00000000a0000000, 0x00000000ad280000, 0x00000000e0000000)
  object space 215552K, 47% used [0x00000000a0000000,0x00000000a631f040,0x00000000ad280000)
 Metaspace       used 112849K, capacity 118940K, committed 119116K, reserved 1153024K
  class space    used 14716K, capacity 15941K, committed 16000K, reserved 1048576K
}
Event: 110.569 GC heap before
{Heap before GC invocations=23 (full 4):
 PSYoungGen      total 483328K, used 477094K [0x00000000e0000000, 0x0000000100000000, 0x0000000100000000)
  eden space 448512K, 100% used [0x00000000e0000000,0x00000000fb600000,0x00000000fb600000)
  from space 34816K, 82% used [0x00000000fde00000,0x00000000ff9e9998,0x0000000100000000)
  to   space 37888K, 0% used [0x00000000fb600000,0x00000000fb600000,0x00000000fdb00000)
 ParOldGen       total 215552K, used 101500K [0x00000000a0000000, 0x00000000ad280000, 0x00000000e0000000)
  object space 215552K, 47% used [0x00000000a0000000,0x00000000a631f040,0x00000000ad280000)
 Metaspace       used 118749K, capacity 124922K, committed 125004K, reserved 1157120K
  class space    used 15459K, capacity 16697K, committed 16768K, reserved 1048576K
Event: 110.605 GC heap after
Heap after GC invocations=23 (full 4):
 PSYoungGen      total 486400K, used 21825K [0x00000000e0000000, 0x0000000100000000, 0x0000000100000000)
  eden space 448512K, 0% used [0x00000000e0000000,0x00000000e0000000,0x00000000fb600000)
  from space 37888K, 57% used [0x00000000fb600000,0x00000000fcb50740,0x00000000fdb00000)
  to   space 37376K, 0% used [0x00000000fdb80000,0x00000000fdb80000,0x0000000100000000)
 ParOldGen       total 215552K, used 101508K [0x00000000a0000000, 0x00000000ad280000, 0x00000000e0000000)
  object space 215552K, 47% used [0x00000000a0000000,0x00000000a6321040,0x00000000ad280000)
 Metaspace       used 118749K, capacity 124922K, committed 125004K, reserved 1157120K
  class space    used 15459K, capacity 16697K, committed 16768K, reserved 1048576K
}
Event: 112.002 GC heap before
{Heap before GC invocations=24 (full 4):
 PSYoungGen      total 486400K, used 470337K [0x00000000e0000000, 0x0000000100000000, 0x0000000100000000)
  eden space 448512K, 100% used [0x00000000e0000000,0x00000000fb600000,0x00000000fb600000)
  from space 37888K, 57% used [0x00000000fb600000,0x00000000fcb50740,0x00000000fdb00000)
  to   space 37376K, 0% used [0x00000000fdb80000,0x00000000fdb80000,0x0000000100000000)
 ParOldGen       total 215552K, used 101508K [0x00000000a0000000, 0x00000000ad280000, 0x00000000e0000000)
  object space 215552K, 47% used [0x00000000a0000000,0x00000000a6321040,0x00000000ad280000)
 Metaspace       used 119391K, capacity 125594K, committed 125900K, reserved 1159168K
  class space    used 15531K, capacity 16785K, committed 16896K, reserved 1048576K
Event: 112.052 GC heap after
Heap after GC invocations=24 (full 4):
 PSYoungGen      total 472576K, used 37364K [0x00000000e0000000, 0x0000000100000000, 0x0000000100000000)
  eden space 435200K, 0% used [0x00000000e0000000,0x00000000e0000000,0x00000000fa900000)
  from space 37376K, 99% used [0x00000000fdb80000,0x00000000ffffd118,0x0000000100000000)
  to   space 44544K, 0% used [0x00000000fa900000,0x00000000fa900000,0x00000000fd480000)
 ParOldGen       total 215552K, used 105302K [0x00000000a0000000, 0x00000000ad280000, 0x00000000e0000000)
  object space 215552K, 48% used [0x00000000a0000000,0x00000000a66d5818,0x00000000ad280000)
 Metaspace       used 119391K, capacity 125594K, committed 125900K, reserved 1159168K
  class space    used 15531K, capacity 16785K, committed 16896K, reserved 1048576K
}
Event: 113.359 GC heap before
{Heap before GC invocations=25 (full 4):
 PSYoungGen      total 472576K, used 472564K [0x00000000e0000000, 0x0000000100000000, 0x0000000100000000)
  eden space 435200K, 100% used [0x00000000e0000000,0x00000000fa900000,0x00000000fa900000)
  from space 37376K, 99% used [0x00000000fdb80000,0x00000000ffffd118,0x0000000100000000)
  to   space 44544K, 0% used [0x00000000fa900000,0x00000000fa900000,0x00000000fd480000)
 ParOldGen       total 215552K, used 105302K [0x00000000a0000000, 0x00000000ad280000, 0x00000000e0000000)
  object space 215552K, 48% used [0x00000000a0000000,0x00000000a66d5818,0x00000000ad280000)
 Metaspace       used 119501K, capacity 125848K, committed 126156K, reserved 1159168K
  class space    used 15537K, capacity 16822K, committed 16896K, reserved 1048576K
Event: 113.400 GC heap after
Heap after GC invocations=25 (full 4):
 PSYoungGen      total 464896K, used 29545K [0x00000000e0000000, 0x0000000100000000, 0x0000000100000000)
  eden space 435200K, 0% used [0x00000000e0000000,0x00000000e0000000,0x00000000fa900000)
  from space 29696K, 99% used [0x00000000fa900000,0x00000000fc5da790,0x00000000fc600000)
  to   space 45568K, 0% used [0x00000000fd380000,0x00000000fd380000,0x0000000100000000)
 ParOldGen       total 215552K, used 111506K [0x00000000a0000000, 0x00000000ad280000, 0x00000000e0000000)
  object space 215552K, 51% used [0x00000000a0000000,0x00000000a6ce4990,0x00000000ad280000)
 Metaspace       used 119501K, capacity 125848K, committed 126156K, reserved 1159168K
  class space    used 15537K, capacity 16822K, committed 16896K, reserved 1048576K
}
Event: 114.424 GC heap before
{Heap before GC invocations=26 (full 4):
 PSYoungGen      total 464896K, used 464745K [0x00000000e0000000, 0x0000000100000000, 0x0000000100000000)
  eden space 435200K, 100% used [0x00000000e0000000,0x00000000fa900000,0x00000000fa900000)
  from space 29696K, 99% used [0x00000000fa900000,0x00000000fc5da790,0x00000000fc600000)
  to   space 45568K, 0% used [0x00000000fd380000,0x00000000fd380000,0x0000000100000000)
 ParOldGen       total 215552K, used 111506K [0x00000000a0000000, 0x00000000ad280000, 0x00000000e0000000)
  object space 215552K, 51% used [0x00000000a0000000,0x00000000a6ce4990,0x00000000ad280000)
 Metaspace       used 119614K, capacity 125932K, committed 126156K, reserved 1159168K
  class space    used 15540K, capacity 16824K, committed 16896K, reserved 1048576K
Event: 114.451 GC heap after
Heap after GC invocations=26 (full 4):
 PSYoungGen      total 478720K, used 27766K [0x00000000e0000000, 0x0000000100000000, 0x0000000100000000)
  eden space 433152K, 0% used [0x00000000e0000000,0x00000000e0000000,0x00000000fa700000)
  from space 45568K, 60% used [0x00000000fd380000,0x00000000fee9d890,0x0000000100000000)
  to   space 45568K, 0% used [0x00000000fa700000,0x00000000fa700000,0x00000000fd380000)
 ParOldGen       total 215552K, used 111514K [0x00000000a0000000, 0x00000000ad280000, 0x00000000e0000000)
  object space 215552K, 51% used [0x00000000a0000000,0x00000000a6ce6990,0x00000000ad280000)
 Metaspace       used 119614K, capacity 125932K, committed 126156K, reserved 1159168K
  class space    used 15540K, capacity 16824K, committed 16896K, reserved 1048576K
}

