# JRE version: OpenJDK Runtime Environment (8.0_242-b01) (build 1.8.0_242-release-1644-b01)
# Java VM: OpenJDK 64-Bit Server VM (25.242-b01 mixed mode windows-amd64 compressed oops)
Heap:
 PSYoungGen      total 440320K, used 148997K [0x00000000e0000000, 0x0000000100000000, 0x0000000100000000)
  eden space 356352K, 37% used [0x00000000e0000000,0x00000000e82d44d0,0x00000000f5c00000)
  from space 83968K, 17% used [0x00000000f5c00000,0x00000000f6aad0e0,0x00000000fae00000)
  to   space 81920K, 0% used [0x00000000fb000000,0x00000000fb000000,0x0000000100000000)
 ParOldGen       total 284672K, used 167678K [0x00000000a0000000, 0x00000000b1600000, 0x00000000e0000000)
  object space 284672K, 58% used [0x00000000a0000000,0x00000000aa3bf8d0,0x00000000b1600000)
 Metaspace       used 112764K, capacity 118219K, committed 118568K, reserved 1153024K
  class space    used 14488K, capacity 15546K, committed 15664K, reserved 1048576K
GC Heap History (10 events):
Event: 44.347 GC heap before
{Heap before GC invocations=27 (full 4):
 PSYoungGen      total 451584K, used 413740K [0x00000000e0000000, 0x0000000100000000, 0x0000000100000000)
  eden space 376832K, 100% used [0x00000000e0000000,0x00000000f7000000,0x00000000f7000000)
  from space 74752K, 49% used [0x00000000fb700000,0x00000000fdb0b1f8,0x0000000100000000)
  to   space 72704K, 0% used [0x00000000f7000000,0x00000000f7000000,0x00000000fb700000)
 ParOldGen       total 284672K, used 123836K [0x00000000a0000000, 0x00000000b1600000, 0x00000000e0000000)
  object space 284672K, 43% used [0x00000000a0000000,0x00000000a78ef368,0x00000000b1600000)
 Metaspace       used 108148K, capacity 113129K, committed 113576K, reserved 1148928K
  class space    used 13932K, capacity 14912K, committed 15024K, reserved 1048576K
Event: 44.447 GC heap after
Heap after GC invocations=27 (full 4):
 PSYoungGen      total 443392K, used 66191K [0x00000000e0000000, 0x0000000100000000, 0x0000000100000000)
  eden space 376832K, 0% used [0x00000000e0000000,0x00000000e0000000,0x00000000f7000000)
  from space 66560K, 99% used [0x00000000f7000000,0x00000000fb0a3e00,0x00000000fb100000)
  to   space 80896K, 0% used [0x00000000fb100000,0x00000000fb100000,0x0000000100000000)
 ParOldGen       total 284672K, used 138625K [0x00000000a0000000, 0x00000000b1600000, 0x00000000e0000000)
  object space 284672K, 48% used [0x00000000a0000000,0x00000000a87607b8,0x00000000b1600000)
 Metaspace       used 108148K, capacity 113129K, committed 113576K, reserved 1148928K
  class space    used 13932K, capacity 14912K, committed 15024K, reserved 1048576K
}
Event: 45.944 GC heap before
{Heap before GC invocations=28 (full 4):
 PSYoungGen      total 443392K, used 443023K [0x00000000e0000000, 0x0000000100000000, 0x0000000100000000)
  eden space 376832K, 100% used [0x00000000e0000000,0x00000000f7000000,0x00000000f7000000)
  from space 66560K, 99% used [0x00000000f7000000,0x00000000fb0a3e00,0x00000000fb100000)
  to   space 80896K, 0% used [0x00000000fb100000,0x00000000fb100000,0x0000000100000000)
 ParOldGen       total 284672K, used 138625K [0x00000000a0000000, 0x00000000b1600000, 0x00000000e0000000)
  object space 284672K, 48% used [0x00000000a0000000,0x00000000a87607b8,0x00000000b1600000)
 Metaspace       used 108435K, capacity 113451K, committed 113832K, reserved 1148928K
  class space    used 13939K, capacity 14949K, committed 15024K, reserved 1048576K
Event: 45.978 GC heap after
Heap after GC invocations=28 (full 4):
 PSYoungGen      total 443904K, used 13976K [0x00000000e0000000, 0x0000000100000000, 0x0000000100000000)
  eden space 363008K, 0% used [0x00000000e0000000,0x00000000e0000000,0x00000000f6280000)
  from space 80896K, 17% used [0x00000000fb100000,0x00000000fbea6350,0x0000000100000000)
  to   space 80384K, 0% used [0x00000000f6280000,0x00000000f6280000,0x00000000fb100000)
 ParOldGen       total 284672K, used 149613K [0x00000000a0000000, 0x00000000b1600000, 0x00000000e0000000)
  object space 284672K, 52% used [0x00000000a0000000,0x00000000a921b5c8,0x00000000b1600000)
 Metaspace       used 108435K, capacity 113451K, committed 113832K, reserved 1148928K
  class space    used 13939K, capacity 14949K, committed 15024K, reserved 1048576K
}
Event: 46.853 GC heap before
{Heap before GC invocations=29 (full 4):
 PSYoungGen      total 443904K, used 376984K [0x00000000e0000000, 0x0000000100000000, 0x0000000100000000)
  eden space 363008K, 100% used [0x00000000e0000000,0x00000000f6280000,0x00000000f6280000)
  from space 80896K, 17% used [0x00000000fb100000,0x00000000fbea6350,0x0000000100000000)
  to   space 80384K, 0% used [0x00000000f6280000,0x00000000f6280000,0x00000000fb100000)
 ParOldGen       total 284672K, used 149613K [0x00000000a0000000, 0x00000000b1600000, 0x00000000e0000000)
  object space 284672K, 52% used [0x00000000a0000000,0x00000000a921b5c8,0x00000000b1600000)
 Metaspace       used 108488K, capacity 113493K, committed 113832K, reserved 1148928K
  class space    used 13942K, capacity 14952K, committed 15024K, reserved 1048576K
Event: 46.882 GC heap after
Heap after GC invocations=29 (full 4):
 PSYoungGen      total 371200K, used 8063K [0x00000000e0000000, 0x00000000ffe80000, 0x0000000100000000)
  eden space 363008K, 0% used [0x00000000e0000000,0x00000000e0000000,0x00000000f6280000)
  from space 8192K, 98% used [0x00000000f6280000,0x00000000f6a5fdf8,0x00000000f6a80000)
  to   space 79872K, 0% used [0x00000000fb080000,0x00000000fb080000,0x00000000ffe80000)
 ParOldGen       total 284672K, used 162561K [0x00000000a0000000, 0x00000000b1600000, 0x00000000e0000000)
  object space 284672K, 57% used [0x00000000a0000000,0x00000000a9ec0710,0x00000000b1600000)
 Metaspace       used 108488K, capacity 113493K, committed 113832K, reserved 1148928K
  class space    used 13942K, capacity 14952K, committed 15024K, reserved 1048576K
}
Event: 48.869 GC heap before
{Heap before GC invocations=30 (full 4):
 PSYoungGen      total 371200K, used 371071K [0x00000000e0000000, 0x00000000ffe80000, 0x0000000100000000)
  eden space 363008K, 100% used [0x00000000e0000000,0x00000000f6280000,0x00000000f6280000)
  from space 8192K, 98% used [0x00000000f6280000,0x00000000f6a5fdf8,0x00000000f6a80000)
  to   space 79872K, 0% used [0x00000000fb080000,0x00000000fb080000,0x00000000ffe80000)
 ParOldGen       total 284672K, used 162561K [0x00000000a0000000, 0x00000000b1600000, 0x00000000e0000000)
  object space 284672K, 57% used [0x00000000a0000000,0x00000000a9ec0710,0x00000000b1600000)
 Metaspace       used 109340K, capacity 114487K, committed 114728K, reserved 1148928K
  class space    used 14042K, capacity 15061K, committed 15152K, reserved 1048576K
Event: 48.969 GC heap after
Heap after GC invocations=30 (full 4):
 PSYoungGen      total 436224K, used 54449K [0x00000000e0000000, 0x0000000100000000, 0x0000000100000000)
  eden space 356352K, 0% used [0x00000000e0000000,0x00000000e0000000,0x00000000f5c00000)
  from space 79872K, 68% used [0x00000000fb080000,0x00000000fe5ac4a8,0x00000000ffe80000)
  to   space 83968K, 0% used [0x00000000f5c00000,0x00000000f5c00000,0x00000000fae00000)
 ParOldGen       total 284672K, used 167115K [0x00000000a0000000, 0x00000000b1600000, 0x00000000e0000000)
  object space 284672K, 58% used [0x00000000a0000000,0x00000000aa332e78,0x00000000b1600000)
 Metaspace       used 109340K, capacity 114487K, committed 114728K, reserved 1148928K
  class space    used 14042K, capacity 15061K, committed 15152K, reserved 1048576K
}
Event: 54.420 GC heap before
{Heap before GC invocations=31 (full 4):
 PSYoungGen      total 436224K, used 410801K [0x00000000e0000000, 0x0000000100000000, 0x0000000100000000)
  eden space 356352K, 100% used [0x00000000e0000000,0x00000000f5c00000,0x00000000f5c00000)
  from space 79872K, 68% used [0x00000000fb080000,0x00000000fe5ac4a8,0x00000000ffe80000)
  to   space 83968K, 0% used [0x00000000f5c00000,0x00000000f5c00000,0x00000000fae00000)
 ParOldGen       total 284672K, used 167117K [0x00000000a0000000, 0x00000000b1600000, 0x00000000e0000000)
  object space 284672K, 58% used [0x00000000a0000000,0x00000000aa333580,0x00000000b1600000)
 Metaspace       used 111865K, capacity 117213K, committed 117416K, reserved 1150976K
  class space    used 14373K, capacity 15427K, committed 15536K, reserved 1048576K
Event: 54.440 GC heap after
Heap after GC invocations=31 (full 4):
 PSYoungGen      total 440320K, used 15028K [0x00000000e0000000, 0x0000000100000000, 0x0000000100000000)
  eden space 356352K, 0% used [0x00000000e0000000,0x00000000e0000000,0x00000000f5c00000)
  from space 83968K, 17% used [0x00000000f5c00000,0x00000000f6aad0e0,0x00000000fae00000)
  to   space 81920K, 0% used [0x00000000fb000000,0x00000000fb000000,0x0000000100000000)
 ParOldGen       total 284672K, used 167678K [0x00000000a0000000, 0x00000000b1600000, 0x00000000e0000000)
  object space 284672K, 58% used [0x00000000a0000000,0x00000000aa3bf8d0,0x00000000b1600000)
 Metaspace       used 111865K, capacity 117213K, committed 117416K, reserved 1150976K
  class space    used 14373K, capacity 15427K, committed 15536K, reserved 1048576K
}

