# JRE version: OpenJDK Runtime Environment (8.0_242-b01) (build 1.8.0_242-release-1644-b01)
# Java VM: OpenJDK 64-Bit Server VM (25.242-b01 mixed mode windows-amd64 compressed oops)
Heap:
 PSYoungGen      total 205824K, used 180582K [0x00000000e0000000, 0x00000000f6880000, 0x0000000100000000)
  eden space 193536K, 93% used [0x00000000e0000000,0x00000000eb059898,0x00000000ebd00000)
  from space 12288K, 0% used [0x00000000ebd00000,0x00000000ebd00000,0x00000000ec900000)
  to   space 12800K, 0% used [0x00000000f5c00000,0x00000000f5c00000,0x00000000f6880000)
 ParOldGen       total 84992K, used 16521K [0x00000000a0000000, 0x00000000a5300000, 0x00000000e0000000)
  object space 84992K, 19% used [0x00000000a0000000,0x00000000a10227f0,0x00000000a5300000)
 Metaspace       used 42590K, capacity 44612K, committed 44888K, reserved 1087488K
  class space    used 5780K, capacity 6196K, committed 6272K, reserved 1048576K
GC Heap History (10 events):
Event: 9.084 GC heap before
{Heap before GC invocations=5 (full 0):
 PSYoungGen      total 106496K, used 11186K [0x00000000e0000000, 0x00000000e7000000, 0x0000000100000000)
  eden space 98304K, 3% used [0x00000000e0000000,0x00000000e02f20a0,0x00000000e6000000)
  from space 8192K, 99% used [0x00000000e6800000,0x00000000e6ffa8d0,0x00000000e7000000)
  to   space 8192K, 0% used [0x00000000e6000000,0x00000000e6000000,0x00000000e6800000)
 ParOldGen       total 131072K, used 2828K [0x00000000a0000000, 0x00000000a8000000, 0x00000000e0000000)
  object space 131072K, 2% used [0x00000000a0000000,0x00000000a02c3150,0x00000000a8000000)
 Metaspace       used 20479K, capacity 21166K, committed 21248K, reserved 1067008K
  class space    used 2858K, capacity 3039K, committed 3072K, reserved 1048576K
Event: 9.131 GC heap after
Heap after GC invocations=5 (full 0):
 PSYoungGen      total 106496K, used 6944K [0x00000000e0000000, 0x00000000ed600000, 0x0000000100000000)
  eden space 98304K, 0% used [0x00000000e0000000,0x00000000e0000000,0x00000000e6000000)
  from space 8192K, 84% used [0x00000000e6000000,0x00000000e66c8030,0x00000000e6800000)
  to   space 11264K, 0% used [0x00000000ecb00000,0x00000000ecb00000,0x00000000ed600000)
 ParOldGen       total 131072K, used 2836K [0x00000000a0000000, 0x00000000a8000000, 0x00000000e0000000)
  object space 131072K, 2% used [0x00000000a0000000,0x00000000a02c5150,0x00000000a8000000)
 Metaspace       used 20479K, capacity 21166K, committed 21248K, reserved 1067008K
  class space    used 2858K, capacity 3039K, committed 3072K, reserved 1048576K
}
Event: 9.131 GC heap before
{Heap before GC invocations=6 (full 1):
 PSYoungGen      total 106496K, used 6944K [0x00000000e0000000, 0x00000000ed600000, 0x0000000100000000)
  eden space 98304K, 0% used [0x00000000e0000000,0x00000000e0000000,0x00000000e6000000)
  from space 8192K, 84% used [0x00000000e6000000,0x00000000e66c8030,0x00000000e6800000)
  to   space 11264K, 0% used [0x00000000ecb00000,0x00000000ecb00000,0x00000000ed600000)
 ParOldGen       total 131072K, used 2836K [0x00000000a0000000, 0x00000000a8000000, 0x00000000e0000000)
  object space 131072K, 2% used [0x00000000a0000000,0x00000000a02c5150,0x00000000a8000000)
 Metaspace       used 20479K, capacity 21166K, committed 21248K, reserved 1067008K
  class space    used 2858K, capacity 3039K, committed 3072K, reserved 1048576K
Event: 9.244 GC heap after
Heap after GC invocations=6 (full 1):
 PSYoungGen      total 106496K, used 0K [0x00000000e0000000, 0x00000000ed600000, 0x0000000100000000)
  eden space 98304K, 0% used [0x00000000e0000000,0x00000000e0000000,0x00000000e6000000)
  from space 8192K, 0% used [0x00000000e6000000,0x00000000e6000000,0x00000000e6800000)
  to   space 11264K, 0% used [0x00000000ecb00000,0x00000000ecb00000,0x00000000ed600000)
 ParOldGen       total 64000K, used 7333K [0x00000000a0000000, 0x00000000a3e80000, 0x00000000e0000000)
  object space 64000K, 11% used [0x00000000a0000000,0x00000000a07294e8,0x00000000a3e80000)
 Metaspace       used 20479K, capacity 21166K, committed 21248K, reserved 1067008K
  class space    used 2858K, capacity 3039K, committed 3072K, reserved 1048576K
}
Event: 11.629 GC heap before
{Heap before GC invocations=7 (full 1):
 PSYoungGen      total 106496K, used 98304K [0x00000000e0000000, 0x00000000ed600000, 0x0000000100000000)
  eden space 98304K, 100% used [0x00000000e0000000,0x00000000e6000000,0x00000000e6000000)
  from space 8192K, 0% used [0x00000000e6000000,0x00000000e6000000,0x00000000e6800000)
  to   space 11264K, 0% used [0x00000000ecb00000,0x00000000ecb00000,0x00000000ed600000)
 ParOldGen       total 64000K, used 7333K [0x00000000a0000000, 0x00000000a3e80000, 0x00000000e0000000)
  object space 64000K, 11% used [0x00000000a0000000,0x00000000a07294e8,0x00000000a3e80000)
 Metaspace       used 29864K, capacity 30964K, committed 31360K, reserved 1077248K
  class space    used 4114K, capacity 4418K, committed 4480K, reserved 1048576K
Event: 11.664 GC heap after
Heap after GC invocations=7 (full 1):
 PSYoungGen      total 195584K, used 10107K [0x00000000e0000000, 0x00000000ed500000, 0x0000000100000000)
  eden space 185344K, 0% used [0x00000000e0000000,0x00000000e0000000,0x00000000eb500000)
  from space 10240K, 98% used [0x00000000ecb00000,0x00000000ed4dedc0,0x00000000ed500000)
  to   space 12288K, 0% used [0x00000000ebd00000,0x00000000ebd00000,0x00000000ec900000)
 ParOldGen       total 64000K, used 7341K [0x00000000a0000000, 0x00000000a3e80000, 0x00000000e0000000)
  object space 64000K, 11% used [0x00000000a0000000,0x00000000a072b4e8,0x00000000a3e80000)
 Metaspace       used 29864K, capacity 30964K, committed 31360K, reserved 1077248K
  class space    used 4114K, capacity 4418K, committed 4480K, reserved 1048576K
}
Event: 15.098 GC heap before
{Heap before GC invocations=8 (full 1):
 PSYoungGen      total 195584K, used 86476K [0x00000000e0000000, 0x00000000ed500000, 0x0000000100000000)
  eden space 185344K, 41% used [0x00000000e0000000,0x00000000e4a94328,0x00000000eb500000)
  from space 10240K, 98% used [0x00000000ecb00000,0x00000000ed4dedc0,0x00000000ed500000)
  to   space 12288K, 0% used [0x00000000ebd00000,0x00000000ebd00000,0x00000000ec900000)
 ParOldGen       total 64000K, used 7341K [0x00000000a0000000, 0x00000000a3e80000, 0x00000000e0000000)
  object space 64000K, 11% used [0x00000000a0000000,0x00000000a072b4e8,0x00000000a3e80000)
 Metaspace       used 33965K, capacity 35276K, committed 35416K, reserved 1079296K
  class space    used 4585K, capacity 4889K, committed 4992K, reserved 1048576K
Event: 15.142 GC heap after
Heap after GC invocations=8 (full 1):
 PSYoungGen      total 205824K, used 10423K [0x00000000e0000000, 0x00000000f6880000, 0x0000000100000000)
  eden space 193536K, 0% used [0x00000000e0000000,0x00000000e0000000,0x00000000ebd00000)
  from space 12288K, 84% used [0x00000000ebd00000,0x00000000ec72df18,0x00000000ec900000)
  to   space 12800K, 0% used [0x00000000f5c00000,0x00000000f5c00000,0x00000000f6880000)
 ParOldGen       total 64000K, used 7349K [0x00000000a0000000, 0x00000000a3e80000, 0x00000000e0000000)
  object space 64000K, 11% used [0x00000000a0000000,0x00000000a072d4e8,0x00000000a3e80000)
 Metaspace       used 33965K, capacity 35276K, committed 35416K, reserved 1079296K
  class space    used 4585K, capacity 4889K, committed 4992K, reserved 1048576K
}
Event: 15.142 GC heap before
{Heap before GC invocations=9 (full 2):
 PSYoungGen      total 205824K, used 10423K [0x00000000e0000000, 0x00000000f6880000, 0x0000000100000000)
  eden space 193536K, 0% used [0x00000000e0000000,0x00000000e0000000,0x00000000ebd00000)
  from space 12288K, 84% used [0x00000000ebd00000,0x00000000ec72df18,0x00000000ec900000)
  to   space 12800K, 0% used [0x00000000f5c00000,0x00000000f5c00000,0x00000000f6880000)
 ParOldGen       total 64000K, used 7349K [0x00000000a0000000, 0x00000000a3e80000, 0x00000000e0000000)
  object space 64000K, 11% used [0x00000000a0000000,0x00000000a072d4e8,0x00000000a3e80000)
 Metaspace       used 33965K, capacity 35276K, committed 35416K, reserved 1079296K
  class space    used 4585K, capacity 4889K, committed 4992K, reserved 1048576K
Event: 15.309 GC heap after
Heap after GC invocations=9 (full 2):
 PSYoungGen      total 205824K, used 0K [0x00000000e0000000, 0x00000000f6880000, 0x0000000100000000)
  eden space 193536K, 0% used [0x00000000e0000000,0x00000000e0000000,0x00000000ebd00000)
  from space 12288K, 0% used [0x00000000ebd00000,0x00000000ebd00000,0x00000000ec900000)
  to   space 12800K, 0% used [0x00000000f5c00000,0x00000000f5c00000,0x00000000f6880000)
 ParOldGen       total 84992K, used 16521K [0x00000000a0000000, 0x00000000a5300000, 0x00000000e0000000)
  object space 84992K, 19% used [0x00000000a0000000,0x00000000a10227f0,0x00000000a5300000)
 Metaspace       used 33965K, capacity 35276K, committed 35416K, reserved 1079296K
  class space    used 4585K, capacity 4889K, committed 4992K, reserved 1048576K
}

