# JRE version: OpenJDK Runtime Environment (8.0_242-b01) (build 1.8.0_242-release-1644-b01)
# Java VM: OpenJDK 64-Bit Server VM (25.242-b01 mixed mode windows-amd64 compressed oops)
Heap:
 PSYoungGen      total 204800K, used 106495K [0x00000000e0000000, 0x00000000f7000000, 0x0000000100000000)
  eden space 196608K, 54% used [0x00000000e0000000,0x00000000e67fffa8,0x00000000ec000000)
  from space 8192K, 0% used [0x00000000ec000000,0x00000000ec000000,0x00000000ec800000)
  to   space 17920K, 0% used [0x00000000f5e80000,0x00000000f5e80000,0x00000000f7000000)
 ParOldGen       total 105984K, used 21935K [0x00000000a0000000, 0x00000000a6780000, 0x00000000e0000000)
  object space 105984K, 20% used [0x00000000a0000000,0x00000000a156bda8,0x00000000a6780000)
 Metaspace       used 37839K, capacity 39486K, committed 39640K, reserved 1083392K
  class space    used 5189K, capacity 5590K, committed 5592K, reserved 1048576K
GC Heap History (10 events):
Event: 24.467 GC heap before
{Heap before GC invocations=3 (full 0):
 PSYoungGen      total 106496K, used 105137K [0x00000000e0000000, 0x00000000e7000000, 0x0000000100000000)
  eden space 98304K, 100% used [0x00000000e0000000,0x00000000e6000000,0x00000000e6000000)
  from space 8192K, 83% used [0x00000000e6800000,0x00000000e6eac5d0,0x00000000e7000000)
  to   space 8192K, 0% used [0x00000000e6000000,0x00000000e6000000,0x00000000e6800000)
 ParOldGen       total 131072K, used 16K [0x00000000a0000000, 0x00000000a8000000, 0x00000000e0000000)
  object space 131072K, 0% used [0x00000000a0000000,0x00000000a0004000,0x00000000a8000000)
 Metaspace       used 20372K, capacity 20978K, committed 21248K, reserved 1067008K
  class space    used 2843K, capacity 3025K, committed 3072K, reserved 1048576K
Event: 24.489 GC heap after
Heap after GC invocations=3 (full 0):
 PSYoungGen      total 106496K, used 8180K [0x00000000e0000000, 0x00000000ed000000, 0x0000000100000000)
  eden space 98304K, 0% used [0x00000000e0000000,0x00000000e0000000,0x00000000e6000000)
  from space 8192K, 99% used [0x00000000e6000000,0x00000000e67fd0f0,0x00000000e6800000)
  to   space 8192K, 0% used [0x00000000ec800000,0x00000000ec800000,0x00000000ed000000)
 ParOldGen       total 131072K, used 5665K [0x00000000a0000000, 0x00000000a8000000, 0x00000000e0000000)
  object space 131072K, 4% used [0x00000000a0000000,0x00000000a05887c0,0x00000000a8000000)
 Metaspace       used 20372K, capacity 20978K, committed 21248K, reserved 1067008K
  class space    used 2843K, capacity 3025K, committed 3072K, reserved 1048576K
}
Event: 30.187 GC heap before
{Heap before GC invocations=4 (full 0):
 PSYoungGen      total 106496K, used 16591K [0x00000000e0000000, 0x00000000ed000000, 0x0000000100000000)
  eden space 98304K, 8% used [0x00000000e0000000,0x00000000e0836cb8,0x00000000e6000000)
  from space 8192K, 99% used [0x00000000e6000000,0x00000000e67fd0f0,0x00000000e6800000)
  to   space 8192K, 0% used [0x00000000ec800000,0x00000000ec800000,0x00000000ed000000)
 ParOldGen       total 131072K, used 5665K [0x00000000a0000000, 0x00000000a8000000, 0x00000000e0000000)
  object space 131072K, 4% used [0x00000000a0000000,0x00000000a05887c0,0x00000000a8000000)
 Metaspace       used 20600K, capacity 21204K, committed 21248K, reserved 1067008K
  class space    used 2874K, capacity 3072K, committed 3072K, reserved 1048576K
Event: 30.272 GC heap after
Heap after GC invocations=4 (full 0):
 PSYoungGen      total 204800K, used 7348K [0x00000000e0000000, 0x00000000ed000000, 0x0000000100000000)
  eden space 196608K, 0% used [0x00000000e0000000,0x00000000e0000000,0x00000000ec000000)
  from space 8192K, 89% used [0x00000000ec800000,0x00000000ecf2d060,0x00000000ed000000)
  to   space 8192K, 0% used [0x00000000ec000000,0x00000000ec000000,0x00000000ec800000)
 ParOldGen       total 131072K, used 5673K [0x00000000a0000000, 0x00000000a8000000, 0x00000000e0000000)
  object space 131072K, 4% used [0x00000000a0000000,0x00000000a058a7c0,0x00000000a8000000)
 Metaspace       used 20600K, capacity 21204K, committed 21248K, reserved 1067008K
  class space    used 2874K, capacity 3072K, committed 3072K, reserved 1048576K
}
Event: 30.272 GC heap before
{Heap before GC invocations=5 (full 1):
 PSYoungGen      total 204800K, used 7348K [0x00000000e0000000, 0x00000000ed000000, 0x0000000100000000)
  eden space 196608K, 0% used [0x00000000e0000000,0x00000000e0000000,0x00000000ec000000)
  from space 8192K, 89% used [0x00000000ec800000,0x00000000ecf2d060,0x00000000ed000000)
  to   space 8192K, 0% used [0x00000000ec000000,0x00000000ec000000,0x00000000ec800000)
 ParOldGen       total 131072K, used 5673K [0x00000000a0000000, 0x00000000a8000000, 0x00000000e0000000)
  object space 131072K, 4% used [0x00000000a0000000,0x00000000a058a7c0,0x00000000a8000000)
 Metaspace       used 20600K, capacity 21204K, committed 21248K, reserved 1067008K
  class space    used 2874K, capacity 3072K, committed 3072K, reserved 1048576K
Event: 30.496 GC heap after
Heap after GC invocations=5 (full 1):
 PSYoungGen      total 204800K, used 0K [0x00000000e0000000, 0x00000000ed000000, 0x0000000100000000)
  eden space 196608K, 0% used [0x00000000e0000000,0x00000000e0000000,0x00000000ec000000)
  from space 8192K, 0% used [0x00000000ec800000,0x00000000ec800000,0x00000000ed000000)
  to   space 8192K, 0% used [0x00000000ec000000,0x00000000ec000000,0x00000000ec800000)
 ParOldGen       total 73216K, used 7707K [0x00000000a0000000, 0x00000000a4780000, 0x00000000e0000000)
  object space 73216K, 10% used [0x00000000a0000000,0x00000000a0786f68,0x00000000a4780000)
 Metaspace       used 20600K, capacity 21204K, committed 21248K, reserved 1067008K
  class space    used 2874K, capacity 3072K, committed 3072K, reserved 1048576K
}
Event: 56.418 GC heap before
{Heap before GC invocations=6 (full 1):
 PSYoungGen      total 204800K, used 173188K [0x00000000e0000000, 0x00000000ed000000, 0x0000000100000000)
  eden space 196608K, 88% used [0x00000000e0000000,0x00000000ea921278,0x00000000ec000000)
  from space 8192K, 0% used [0x00000000ec800000,0x00000000ec800000,0x00000000ed000000)
  to   space 8192K, 0% used [0x00000000ec000000,0x00000000ec000000,0x00000000ec800000)
 ParOldGen       total 73216K, used 7707K [0x00000000a0000000, 0x00000000a4780000, 0x00000000e0000000)
  object space 73216K, 10% used [0x00000000a0000000,0x00000000a0786f68,0x00000000a4780000)
 Metaspace       used 34139K, capacity 35328K, committed 35416K, reserved 1079296K
  class space    used 4591K, capacity 4918K, committed 4952K, reserved 1048576K
Event: 56.471 GC heap after
Heap after GC invocations=6 (full 1):
 PSYoungGen      total 204800K, used 8191K [0x00000000e0000000, 0x00000000f7000000, 0x0000000100000000)
  eden space 196608K, 0% used [0x00000000e0000000,0x00000000e0000000,0x00000000ec000000)
  from space 8192K, 99% used [0x00000000ec000000,0x00000000ec7fff68,0x00000000ec800000)
  to   space 17920K, 0% used [0x00000000f5e80000,0x00000000f5e80000,0x00000000f7000000)
 ParOldGen       total 73216K, used 15344K [0x00000000a0000000, 0x00000000a4780000, 0x00000000e0000000)
  object space 73216K, 20% used [0x00000000a0000000,0x00000000a0efc360,0x00000000a4780000)
 Metaspace       used 34139K, capacity 35328K, committed 35416K, reserved 1079296K
  class space    used 4591K, capacity 4918K, committed 4952K, reserved 1048576K
}
Event: 56.471 GC heap before
{Heap before GC invocations=7 (full 2):
 PSYoungGen      total 204800K, used 8191K [0x00000000e0000000, 0x00000000f7000000, 0x0000000100000000)
  eden space 196608K, 0% used [0x00000000e0000000,0x00000000e0000000,0x00000000ec000000)
  from space 8192K, 99% used [0x00000000ec000000,0x00000000ec7fff68,0x00000000ec800000)
  to   space 17920K, 0% used [0x00000000f5e80000,0x00000000f5e80000,0x00000000f7000000)
 ParOldGen       total 73216K, used 15344K [0x00000000a0000000, 0x00000000a4780000, 0x00000000e0000000)
  object space 73216K, 20% used [0x00000000a0000000,0x00000000a0efc360,0x00000000a4780000)
 Metaspace       used 34139K, capacity 35328K, committed 35416K, reserved 1079296K
  class space    used 4591K, capacity 4918K, committed 4952K, reserved 1048576K
Event: 56.632 GC heap after
Heap after GC invocations=7 (full 2):
 PSYoungGen      total 204800K, used 0K [0x00000000e0000000, 0x00000000f7000000, 0x0000000100000000)
  eden space 196608K, 0% used [0x00000000e0000000,0x00000000e0000000,0x00000000ec000000)
  from space 8192K, 0% used [0x00000000ec000000,0x00000000ec000000,0x00000000ec800000)
  to   space 17920K, 0% used [0x00000000f5e80000,0x00000000f5e80000,0x00000000f7000000)
 ParOldGen       total 105984K, used 21935K [0x00000000a0000000, 0x00000000a6780000, 0x00000000e0000000)
  object space 105984K, 20% used [0x00000000a0000000,0x00000000a156bda8,0x00000000a6780000)
 Metaspace       used 34139K, capacity 35328K, committed 35416K, reserved 1079296K
  class space    used 4591K, capacity 4918K, committed 4952K, reserved 1048576K
}

