# JRE version: OpenJDK Runtime Environment (8.0_242-b01) (build 1.8.0_242-release-1644-b01)
# Java VM: OpenJDK 64-Bit Server VM (25.242-b01 mixed mode windows-amd64 compressed oops)
Heap:
 PSYoungGen      total 104448K, used 52340K [0x00000000e0000000, 0x00000000ec580000, 0x0000000100000000)
  eden space 92672K, 56% used [0x00000000e0000000,0x00000000e331d0c8,0x00000000e5a80000)
  from space 11776K, 0% used [0x00000000e5a80000,0x00000000e5a80000,0x00000000e6600000)
  to   space 13824K, 0% used [0x00000000eb800000,0x00000000eb800000,0x00000000ec580000)
 ParOldGen       total 96768K, used 18406K [0x00000000a0000000, 0x00000000a5e80000, 0x00000000e0000000)
  object space 96768K, 19% used [0x00000000a0000000,0x00000000a11f9920,0x00000000a5e80000)
 Metaspace       used 38012K, capacity 39356K, committed 39640K, reserved 1083392K
  class space    used 5005K, capacity 5327K, committed 5376K, reserved 1048576K
GC Heap History (10 events):
Event: 24.716 GC heap before
{Heap before GC invocations=5 (full 0):
 PSYoungGen      total 57344K, used 11524K [0x00000000e0000000, 0x00000000e4000000, 0x0000000100000000)
  eden space 49152K, 6% used [0x00000000e0000000,0x00000000e0341a98,0x00000000e3000000)
  from space 8192K, 99% used [0x00000000e3800000,0x00000000e3fff6f8,0x00000000e4000000)
  to   space 8192K, 0% used [0x00000000e3000000,0x00000000e3000000,0x00000000e3800000)
 ParOldGen       total 131072K, used 2765K [0x00000000a0000000, 0x00000000a8000000, 0x00000000e0000000)
  object space 131072K, 2% used [0x00000000a0000000,0x00000000a02b3450,0x00000000a8000000)
 Metaspace       used 20471K, capacity 21152K, committed 21248K, reserved 1067008K
  class space    used 2859K, capacity 3034K, committed 3072K, reserved 1048576K
Event: 24.733 GC heap after
Heap after GC invocations=5 (full 0):
 PSYoungGen      total 57344K, used 7045K [0x00000000e0000000, 0x00000000e7600000, 0x0000000100000000)
  eden space 49152K, 0% used [0x00000000e0000000,0x00000000e0000000,0x00000000e3000000)
  from space 8192K, 86% used [0x00000000e3000000,0x00000000e36e14e8,0x00000000e3800000)
  to   space 11264K, 0% used [0x00000000e6b00000,0x00000000e6b00000,0x00000000e7600000)
 ParOldGen       total 131072K, used 2773K [0x00000000a0000000, 0x00000000a8000000, 0x00000000e0000000)
  object space 131072K, 2% used [0x00000000a0000000,0x00000000a02b5450,0x00000000a8000000)
 Metaspace       used 20471K, capacity 21152K, committed 21248K, reserved 1067008K
  class space    used 2859K, capacity 3034K, committed 3072K, reserved 1048576K
}
Event: 24.733 GC heap before
{Heap before GC invocations=6 (full 1):
 PSYoungGen      total 57344K, used 7045K [0x00000000e0000000, 0x00000000e7600000, 0x0000000100000000)
  eden space 49152K, 0% used [0x00000000e0000000,0x00000000e0000000,0x00000000e3000000)
  from space 8192K, 86% used [0x00000000e3000000,0x00000000e36e14e8,0x00000000e3800000)
  to   space 11264K, 0% used [0x00000000e6b00000,0x00000000e6b00000,0x00000000e7600000)
 ParOldGen       total 131072K, used 2773K [0x00000000a0000000, 0x00000000a8000000, 0x00000000e0000000)
  object space 131072K, 2% used [0x00000000a0000000,0x00000000a02b5450,0x00000000a8000000)
 Metaspace       used 20471K, capacity 21152K, committed 21248K, reserved 1067008K
  class space    used 2859K, capacity 3034K, committed 3072K, reserved 1048576K
Event: 24.847 GC heap after
Heap after GC invocations=6 (full 1):
 PSYoungGen      total 57344K, used 0K [0x00000000e0000000, 0x00000000e7600000, 0x0000000100000000)
  eden space 49152K, 0% used [0x00000000e0000000,0x00000000e0000000,0x00000000e3000000)
  from space 8192K, 0% used [0x00000000e3000000,0x00000000e3000000,0x00000000e3800000)
  to   space 11264K, 0% used [0x00000000e6b00000,0x00000000e6b00000,0x00000000e7600000)
 ParOldGen       total 64000K, used 7360K [0x00000000a0000000, 0x00000000a3e80000, 0x00000000e0000000)
  object space 64000K, 11% used [0x00000000a0000000,0x00000000a07302d8,0x00000000a3e80000)
 Metaspace       used 20471K, capacity 21152K, committed 21248K, reserved 1067008K
  class space    used 2859K, capacity 3034K, committed 3072K, reserved 1048576K
}
Event: 27.223 GC heap before
{Heap before GC invocations=7 (full 1):
 PSYoungGen      total 57344K, used 49152K [0x00000000e0000000, 0x00000000e7600000, 0x0000000100000000)
  eden space 49152K, 100% used [0x00000000e0000000,0x00000000e3000000,0x00000000e3000000)
  from space 8192K, 0% used [0x00000000e3000000,0x00000000e3000000,0x00000000e3800000)
  to   space 11264K, 0% used [0x00000000e6b00000,0x00000000e6b00000,0x00000000e7600000)
 ParOldGen       total 64000K, used 7364K [0x00000000a0000000, 0x00000000a3e80000, 0x00000000e0000000)
  object space 64000K, 11% used [0x00000000a0000000,0x00000000a07311d8,0x00000000a3e80000)
 Metaspace       used 23335K, capacity 24334K, committed 24576K, reserved 1071104K
  class space    used 3311K, capacity 3561K, committed 3584K, reserved 1048576K
Event: 27.236 GC heap after
Heap after GC invocations=7 (full 1):
 PSYoungGen      total 99328K, used 4050K [0x00000000e0000000, 0x00000000e7180000, 0x0000000100000000)
  eden space 92672K, 0% used [0x00000000e0000000,0x00000000e0000000,0x00000000e5a80000)
  from space 6656K, 60% used [0x00000000e6b00000,0x00000000e6ef48d8,0x00000000e7180000)
  to   space 11776K, 0% used [0x00000000e5a80000,0x00000000e5a80000,0x00000000e6600000)
 ParOldGen       total 64000K, used 7372K [0x00000000a0000000, 0x00000000a3e80000, 0x00000000e0000000)
  object space 64000K, 11% used [0x00000000a0000000,0x00000000a07331d8,0x00000000a3e80000)
 Metaspace       used 23335K, capacity 24334K, committed 24576K, reserved 1071104K
  class space    used 3311K, capacity 3561K, committed 3584K, reserved 1048576K
}
Event: 30.414 GC heap before
{Heap before GC invocations=8 (full 1):
 PSYoungGen      total 99328K, used 96722K [0x00000000e0000000, 0x00000000e7180000, 0x0000000100000000)
  eden space 92672K, 100% used [0x00000000e0000000,0x00000000e5a80000,0x00000000e5a80000)
  from space 6656K, 60% used [0x00000000e6b00000,0x00000000e6ef48d8,0x00000000e7180000)
  to   space 11776K, 0% used [0x00000000e5a80000,0x00000000e5a80000,0x00000000e6600000)
 ParOldGen       total 64000K, used 7372K [0x00000000a0000000, 0x00000000a3e80000, 0x00000000e0000000)
  object space 64000K, 11% used [0x00000000a0000000,0x00000000a07331d8,0x00000000a3e80000)
 Metaspace       used 34106K, capacity 35240K, committed 35416K, reserved 1079296K
  class space    used 4622K, capacity 4927K, committed 4992K, reserved 1048576K
Event: 30.538 GC heap after
Heap after GC invocations=8 (full 1):
 PSYoungGen      total 104448K, used 11771K [0x00000000e0000000, 0x00000000ec580000, 0x0000000100000000)
  eden space 92672K, 0% used [0x00000000e0000000,0x00000000e0000000,0x00000000e5a80000)
  from space 11776K, 99% used [0x00000000e5a80000,0x00000000e65feda0,0x00000000e6600000)
  to   space 13824K, 0% used [0x00000000eb800000,0x00000000eb800000,0x00000000ec580000)
 ParOldGen       total 64000K, used 7920K [0x00000000a0000000, 0x00000000a3e80000, 0x00000000e0000000)
  object space 64000K, 12% used [0x00000000a0000000,0x00000000a07bc120,0x00000000a3e80000)
 Metaspace       used 34106K, capacity 35240K, committed 35416K, reserved 1079296K
  class space    used 4622K, capacity 4927K, committed 4992K, reserved 1048576K
}
Event: 30.538 GC heap before
{Heap before GC invocations=9 (full 2):
 PSYoungGen      total 104448K, used 11771K [0x00000000e0000000, 0x00000000ec580000, 0x0000000100000000)
  eden space 92672K, 0% used [0x00000000e0000000,0x00000000e0000000,0x00000000e5a80000)
  from space 11776K, 99% used [0x00000000e5a80000,0x00000000e65feda0,0x00000000e6600000)
  to   space 13824K, 0% used [0x00000000eb800000,0x00000000eb800000,0x00000000ec580000)
 ParOldGen       total 64000K, used 7920K [0x00000000a0000000, 0x00000000a3e80000, 0x00000000e0000000)
  object space 64000K, 12% used [0x00000000a0000000,0x00000000a07bc120,0x00000000a3e80000)
 Metaspace       used 34106K, capacity 35240K, committed 35416K, reserved 1079296K
  class space    used 4622K, capacity 4927K, committed 4992K, reserved 1048576K
Event: 30.784 GC heap after
Heap after GC invocations=9 (full 2):
 PSYoungGen      total 104448K, used 0K [0x00000000e0000000, 0x00000000ec580000, 0x0000000100000000)
  eden space 92672K, 0% used [0x00000000e0000000,0x00000000e0000000,0x00000000e5a80000)
  from space 11776K, 0% used [0x00000000e5a80000,0x00000000e5a80000,0x00000000e6600000)
  to   space 13824K, 0% used [0x00000000eb800000,0x00000000eb800000,0x00000000ec580000)
 ParOldGen       total 96768K, used 18406K [0x00000000a0000000, 0x00000000a5e80000, 0x00000000e0000000)
  object space 96768K, 19% used [0x00000000a0000000,0x00000000a11f9920,0x00000000a5e80000)
 Metaspace       used 34106K, capacity 35240K, committed 35416K, reserved 1079296K
  class space    used 4622K, capacity 4927K, committed 4992K, reserved 1048576K
}

