# JRE version: OpenJDK Runtime Environment (8.0_242-b01) (build 1.8.0_242-release-1644-b01)
# Java VM: OpenJDK 64-Bit Server VM (25.242-b01 mixed mode windows-amd64 compressed oops)
Heap:
 PSYoungGen      total 141824K, used 129787K [0x00000000f5580000, 0x0000000100000000, 0x0000000100000000)
  eden space 131072K, 99% used [0x00000000f5580000,0x00000000fd43ec58,0x00000000fd580000)
  from space 10752K, 0% used [0x00000000fd580000,0x00000000fd580000,0x00000000fe000000)
  to   space 10752K, 0% used [0x00000000ff580000,0x00000000ff580000,0x0000000100000000)
 ParOldGen       total 175104K, used 12488K [0x00000000e0000000, 0x00000000eab00000, 0x00000000f5580000)
  object space 175104K, 7% used [0x00000000e0000000,0x00000000e0c322a0,0x00000000eab00000)
 Metaspace       used 32385K, capacity 33598K, committed 34048K, reserved 1079296K
  class space    used 4444K, capacity 4742K, committed 4864K, reserved 1048576K
GC Heap History (8 events):
Event: 4.788 GC heap before
{Heap before GC invocations=1 (full 0):
 PSYoungGen      total 76288K, used 65536K [0x00000000f5580000, 0x00000000faa80000, 0x0000000100000000)
  eden space 65536K, 100% used [0x00000000f5580000,0x00000000f9580000,0x00000000f9580000)
  from space 10752K, 0% used [0x00000000fa000000,0x00000000fa000000,0x00000000faa80000)
  to   space 10752K, 0% used [0x00000000f9580000,0x00000000f9580000,0x00000000fa000000)
 ParOldGen       total 175104K, used 0K [0x00000000e0000000, 0x00000000eab00000, 0x00000000f5580000)
  object space 175104K, 0% used [0x00000000e0000000,0x00000000e0000000,0x00000000eab00000)
 Metaspace       used 7708K, capacity 7976K, committed 8320K, reserved 1056768K
  class space    used 938K, capacity 1039K, committed 1152K, reserved 1048576K
Event: 5.000 GC heap after
Heap after GC invocations=1 (full 0):
 PSYoungGen      total 76288K, used 5849K [0x00000000f5580000, 0x00000000fea80000, 0x0000000100000000)
  eden space 65536K, 0% used [0x00000000f5580000,0x00000000f5580000,0x00000000f9580000)
  from space 10752K, 54% used [0x00000000f9580000,0x00000000f9b36740,0x00000000fa000000)
  to   space 10752K, 0% used [0x00000000fe000000,0x00000000fe000000,0x00000000fea80000)
 ParOldGen       total 175104K, used 16K [0x00000000e0000000, 0x00000000eab00000, 0x00000000f5580000)
  object space 175104K, 0% used [0x00000000e0000000,0x00000000e0004000,0x00000000eab00000)
 Metaspace       used 7708K, capacity 7976K, committed 8320K, reserved 1056768K
  class space    used 938K, capacity 1039K, committed 1152K, reserved 1048576K
}
Event: 21.744 GC heap before
{Heap before GC invocations=2 (full 0):
 PSYoungGen      total 76288K, used 71385K [0x00000000f5580000, 0x00000000fea80000, 0x0000000100000000)
  eden space 65536K, 100% used [0x00000000f5580000,0x00000000f9580000,0x00000000f9580000)
  from space 10752K, 54% used [0x00000000f9580000,0x00000000f9b36740,0x00000000fa000000)
  to   space 10752K, 0% used [0x00000000fe000000,0x00000000fe000000,0x00000000fea80000)
 ParOldGen       total 175104K, used 16K [0x00000000e0000000, 0x00000000eab00000, 0x00000000f5580000)
  object space 175104K, 0% used [0x00000000e0000000,0x00000000e0004000,0x00000000eab00000)
 Metaspace       used 14162K, capacity 14588K, committed 14720K, reserved 1062912K
  class space    used 1953K, capacity 2062K, committed 2176K, reserved 1048576K
Event: 21.784 GC heap after
Heap after GC invocations=2 (full 0):
 PSYoungGen      total 141824K, used 9216K [0x00000000f5580000, 0x00000000fea80000, 0x0000000100000000)
  eden space 131072K, 0% used [0x00000000f5580000,0x00000000f5580000,0x00000000fd580000)
  from space 10752K, 85% used [0x00000000fe000000,0x00000000fe900200,0x00000000fea80000)
  to   space 10752K, 0% used [0x00000000fd580000,0x00000000fd580000,0x00000000fe000000)
 ParOldGen       total 175104K, used 24K [0x00000000e0000000, 0x00000000eab00000, 0x00000000f5580000)
  object space 175104K, 0% used [0x00000000e0000000,0x00000000e0006000,0x00000000eab00000)
 Metaspace       used 14162K, capacity 14588K, committed 14720K, reserved 1062912K
  class space    used 1953K, capacity 2062K, committed 2176K, reserved 1048576K
}
Event: 25.633 GC heap before
{Heap before GC invocations=3 (full 0):
 PSYoungGen      total 141824K, used 93753K [0x00000000f5580000, 0x00000000fea80000, 0x0000000100000000)
  eden space 131072K, 64% used [0x00000000f5580000,0x00000000fa80e378,0x00000000fd580000)
  from space 10752K, 85% used [0x00000000fe000000,0x00000000fe900200,0x00000000fea80000)
  to   space 10752K, 0% used [0x00000000fd580000,0x00000000fd580000,0x00000000fe000000)
 ParOldGen       total 175104K, used 24K [0x00000000e0000000, 0x00000000eab00000, 0x00000000f5580000)
  object space 175104K, 0% used [0x00000000e0000000,0x00000000e0006000,0x00000000eab00000)
 Metaspace       used 20426K, capacity 21152K, committed 21296K, reserved 1067008K
  class space    used 2926K, capacity 3114K, committed 3200K, reserved 1048576K
Event: 25.953 GC heap after
Heap after GC invocations=3 (full 0):
 PSYoungGen      total 141824K, used 10746K [0x00000000f5580000, 0x0000000100000000, 0x0000000100000000)
  eden space 131072K, 0% used [0x00000000f5580000,0x00000000f5580000,0x00000000fd580000)
  from space 10752K, 99% used [0x00000000fd580000,0x00000000fdffe9d8,0x00000000fe000000)
  to   space 10752K, 0% used [0x00000000ff580000,0x00000000ff580000,0x0000000100000000)
 ParOldGen       total 175104K, used 2154K [0x00000000e0000000, 0x00000000eab00000, 0x00000000f5580000)
  object space 175104K, 1% used [0x00000000e0000000,0x00000000e021aac0,0x00000000eab00000)
 Metaspace       used 20426K, capacity 21152K, committed 21296K, reserved 1067008K
  class space    used 2926K, capacity 3114K, committed 3200K, reserved 1048576K
}
Event: 25.953 GC heap before
{Heap before GC invocations=4 (full 1):
 PSYoungGen      total 141824K, used 10746K [0x00000000f5580000, 0x0000000100000000, 0x0000000100000000)
  eden space 131072K, 0% used [0x00000000f5580000,0x00000000f5580000,0x00000000fd580000)
  from space 10752K, 99% used [0x00000000fd580000,0x00000000fdffe9d8,0x00000000fe000000)
  to   space 10752K, 0% used [0x00000000ff580000,0x00000000ff580000,0x0000000100000000)
 ParOldGen       total 175104K, used 2154K [0x00000000e0000000, 0x00000000eab00000, 0x00000000f5580000)
  object space 175104K, 1% used [0x00000000e0000000,0x00000000e021aac0,0x00000000eab00000)
 Metaspace       used 20426K, capacity 21152K, committed 21296K, reserved 1067008K
  class space    used 2926K, capacity 3114K, committed 3200K, reserved 1048576K
Event: 26.342 GC heap after
Heap after GC invocations=4 (full 1):
 PSYoungGen      total 141824K, used 0K [0x00000000f5580000, 0x0000000100000000, 0x0000000100000000)
  eden space 131072K, 0% used [0x00000000f5580000,0x00000000f5580000,0x00000000fd580000)
  from space 10752K, 0% used [0x00000000fd580000,0x00000000fd580000,0x00000000fe000000)
  to   space 10752K, 0% used [0x00000000ff580000,0x00000000ff580000,0x0000000100000000)
 ParOldGen       total 175104K, used 12488K [0x00000000e0000000, 0x00000000eab00000, 0x00000000f5580000)
  object space 175104K, 7% used [0x00000000e0000000,0x00000000e0c322a0,0x00000000eab00000)
 Metaspace       used 20426K, capacity 21152K, committed 21296K, reserved 1067008K
  class space    used 2926K, capacity 3114K, committed 3200K, reserved 1048576K
}

