# JRE version: OpenJDK Runtime Environment (8.0_242-b01) (build 1.8.0_242-release-1644-b01)
# Java VM: OpenJDK 64-Bit Server VM (25.242-b01 mixed mode windows-amd64 compressed oops)
Heap:
 PSYoungGen      total 258048K, used 48193K [0x00000000e0000000, 0x00000000f0f80000, 0x0000000100000000)
  eden space 248320K, 19% used [0x00000000e0000000,0x00000000e2f10580,0x00000000ef280000)
  from space 9728K, 0% used [0x00000000f0600000,0x00000000f0600000,0x00000000f0f80000)
  to   space 14848K, 0% used [0x00000000ef280000,0x00000000ef280000,0x00000000f0100000)
 ParOldGen       total 123904K, used 40739K [0x00000000a0000000, 0x00000000a7900000, 0x00000000e0000000)
  object space 123904K, 32% used [0x00000000a0000000,0x00000000a27c8c00,0x00000000a7900000)
 Metaspace       used 59759K, capacity 61660K, committed 61784K, reserved 1103872K
  class space    used 7735K, capacity 8208K, committed 8280K, reserved 1048576K
GC Heap History (10 events):
Event: 23.431 GC heap before
{Heap before GC invocations=15 (full 2):
 PSYoungGen      total 258048K, used 248320K [0x00000000e0000000, 0x00000000f0f80000, 0x0000000100000000)
  eden space 248320K, 100% used [0x00000000e0000000,0x00000000ef280000,0x00000000ef280000)
  from space 9728K, 0% used [0x00000000f0600000,0x00000000f0600000,0x00000000f0f80000)
  to   space 14848K, 0% used [0x00000000ef280000,0x00000000ef280000,0x00000000f0100000)
 ParOldGen       total 123904K, used 14635K [0x00000000a0000000, 0x00000000a7900000, 0x00000000e0000000)
  object space 123904K, 11% used [0x00000000a0000000,0x00000000a0e4ac30,0x00000000a7900000)
 Metaspace       used 46032K, capacity 47294K, committed 47616K, reserved 1091584K
  class space    used 5982K, capacity 6284K, committed 6400K, reserved 1048576K
Event: 23.446 GC heap after
Heap after GC invocations=15 (full 2):
 PSYoungGen      total 263168K, used 14838K [0x00000000e0000000, 0x00000000f0f80000, 0x0000000100000000)
  eden space 248320K, 0% used [0x00000000e0000000,0x00000000e0000000,0x00000000ef280000)
  from space 14848K, 99% used [0x00000000ef280000,0x00000000f00fd810,0x00000000f0100000)
  to   space 9728K, 0% used [0x00000000f0600000,0x00000000f0600000,0x00000000f0f80000)
 ParOldGen       total 123904K, used 18555K [0x00000000a0000000, 0x00000000a7900000, 0x00000000e0000000)
  object space 123904K, 14% used [0x00000000a0000000,0x00000000a121eed0,0x00000000a7900000)
 Metaspace       used 46032K, capacity 47294K, committed 47616K, reserved 1091584K
  class space    used 5982K, capacity 6284K, committed 6400K, reserved 1048576K
}
Event: 25.765 GC heap before
{Heap before GC invocations=16 (full 2):
 PSYoungGen      total 263168K, used 263158K [0x00000000e0000000, 0x00000000f0f80000, 0x0000000100000000)
  eden space 248320K, 100% used [0x00000000e0000000,0x00000000ef280000,0x00000000ef280000)
  from space 14848K, 99% used [0x00000000ef280000,0x00000000f00fd810,0x00000000f0100000)
  to   space 9728K, 0% used [0x00000000f0600000,0x00000000f0600000,0x00000000f0f80000)
 ParOldGen       total 123904K, used 18555K [0x00000000a0000000, 0x00000000a7900000, 0x00000000e0000000)
  object space 123904K, 14% used [0x00000000a0000000,0x00000000a121eed0,0x00000000a7900000)
 Metaspace       used 46046K, capacity 47294K, committed 47616K, reserved 1091584K
  class space    used 5982K, capacity 6284K, committed 6400K, reserved 1048576K
Event: 25.775 GC heap after
Heap after GC invocations=16 (full 2):
 PSYoungGen      total 258048K, used 9705K [0x00000000e0000000, 0x00000000f0f80000, 0x0000000100000000)
  eden space 248320K, 0% used [0x00000000e0000000,0x00000000e0000000,0x00000000ef280000)
  from space 9728K, 99% used [0x00000000f0600000,0x00000000f0f7a420,0x00000000f0f80000)
  to   space 14848K, 0% used [0x00000000ef280000,0x00000000ef280000,0x00000000f0100000)
 ParOldGen       total 123904K, used 25634K [0x00000000a0000000, 0x00000000a7900000, 0x00000000e0000000)
  object space 123904K, 20% used [0x00000000a0000000,0x00000000a1908a70,0x00000000a7900000)
 Metaspace       used 46046K, capacity 47294K, committed 47616K, reserved 1091584K
  class space    used 5982K, capacity 6284K, committed 6400K, reserved 1048576K
}
Event: 27.492 GC heap before
{Heap before GC invocations=17 (full 2):
 PSYoungGen      total 258048K, used 258025K [0x00000000e0000000, 0x00000000f0f80000, 0x0000000100000000)
  eden space 248320K, 100% used [0x00000000e0000000,0x00000000ef280000,0x00000000ef280000)
  from space 9728K, 99% used [0x00000000f0600000,0x00000000f0f7a420,0x00000000f0f80000)
  to   space 14848K, 0% used [0x00000000ef280000,0x00000000ef280000,0x00000000f0100000)
 ParOldGen       total 123904K, used 25634K [0x00000000a0000000, 0x00000000a7900000, 0x00000000e0000000)
  object space 123904K, 20% used [0x00000000a0000000,0x00000000a1908a70,0x00000000a7900000)
 Metaspace       used 46051K, capacity 47294K, committed 47616K, reserved 1091584K
  class space    used 5982K, capacity 6284K, committed 6400K, reserved 1048576K
Event: 27.499 GC heap after
Heap after GC invocations=17 (full 2):
 PSYoungGen      total 263168K, used 352K [0x00000000e0000000, 0x00000000f0f80000, 0x0000000100000000)
  eden space 248320K, 0% used [0x00000000e0000000,0x00000000e0000000,0x00000000ef280000)
  from space 14848K, 2% used [0x00000000ef280000,0x00000000ef2d8000,0x00000000f0100000)
  to   space 9728K, 0% used [0x00000000f0600000,0x00000000f0600000,0x00000000f0f80000)
 ParOldGen       total 123904K, used 34926K [0x00000000a0000000, 0x00000000a7900000, 0x00000000e0000000)
  object space 123904K, 28% used [0x00000000a0000000,0x00000000a221b950,0x00000000a7900000)
 Metaspace       used 46051K, capacity 47294K, committed 47616K, reserved 1091584K
  class space    used 5982K, capacity 6284K, committed 6400K, reserved 1048576K
}
Event: 29.380 GC heap before
{Heap before GC invocations=18 (full 2):
 PSYoungGen      total 263168K, used 185029K [0x00000000e0000000, 0x00000000f0f80000, 0x0000000100000000)
  eden space 248320K, 74% used [0x00000000e0000000,0x00000000eb4594e0,0x00000000ef280000)
  from space 14848K, 2% used [0x00000000ef280000,0x00000000ef2d8000,0x00000000f0100000)
  to   space 9728K, 0% used [0x00000000f0600000,0x00000000f0600000,0x00000000f0f80000)
 ParOldGen       total 123904K, used 34926K [0x00000000a0000000, 0x00000000a7900000, 0x00000000e0000000)
  object space 123904K, 28% used [0x00000000a0000000,0x00000000a221b950,0x00000000a7900000)
 Metaspace       used 57265K, capacity 59004K, committed 59096K, reserved 1099776K
  class space    used 7380K, capacity 7819K, committed 7896K, reserved 1048576K
Event: 29.394 GC heap after
Heap after GC invocations=18 (full 2):
 PSYoungGen      total 258048K, used 9723K [0x00000000e0000000, 0x00000000f0f80000, 0x0000000100000000)
  eden space 248320K, 0% used [0x00000000e0000000,0x00000000e0000000,0x00000000ef280000)
  from space 9728K, 99% used [0x00000000f0600000,0x00000000f0f7eeb0,0x00000000f0f80000)
  to   space 14848K, 0% used [0x00000000ef280000,0x00000000ef280000,0x00000000f0100000)
 ParOldGen       total 123904K, used 41421K [0x00000000a0000000, 0x00000000a7900000, 0x00000000e0000000)
  object space 123904K, 33% used [0x00000000a0000000,0x00000000a2873638,0x00000000a7900000)
 Metaspace       used 57265K, capacity 59004K, committed 59096K, reserved 1099776K
  class space    used 7380K, capacity 7819K, committed 7896K, reserved 1048576K
}
Event: 29.394 GC heap before
{Heap before GC invocations=19 (full 3):
 PSYoungGen      total 258048K, used 9723K [0x00000000e0000000, 0x00000000f0f80000, 0x0000000100000000)
  eden space 248320K, 0% used [0x00000000e0000000,0x00000000e0000000,0x00000000ef280000)
  from space 9728K, 99% used [0x00000000f0600000,0x00000000f0f7eeb0,0x00000000f0f80000)
  to   space 14848K, 0% used [0x00000000ef280000,0x00000000ef280000,0x00000000f0100000)
 ParOldGen       total 123904K, used 41421K [0x00000000a0000000, 0x00000000a7900000, 0x00000000e0000000)
  object space 123904K, 33% used [0x00000000a0000000,0x00000000a2873638,0x00000000a7900000)
 Metaspace       used 57265K, capacity 59004K, committed 59096K, reserved 1099776K
  class space    used 7380K, capacity 7819K, committed 7896K, reserved 1048576K
Event: 29.663 GC heap after
Heap after GC invocations=19 (full 3):
 PSYoungGen      total 258048K, used 0K [0x00000000e0000000, 0x00000000f0f80000, 0x0000000100000000)
  eden space 248320K, 0% used [0x00000000e0000000,0x00000000e0000000,0x00000000ef280000)
  from space 9728K, 0% used [0x00000000f0600000,0x00000000f0600000,0x00000000f0f80000)
  to   space 14848K, 0% used [0x00000000ef280000,0x00000000ef280000,0x00000000f0100000)
 ParOldGen       total 123904K, used 40739K [0x00000000a0000000, 0x00000000a7900000, 0x00000000e0000000)
  object space 123904K, 32% used [0x00000000a0000000,0x00000000a27c8c00,0x00000000a7900000)
 Metaspace       used 57163K, capacity 58764K, committed 59096K, reserved 1099776K
  class space    used 7349K, capacity 7780K, committed 7896K, reserved 1048576K
}

