# JRE version: OpenJDK Runtime Environment (8.0_242-b01) (build 1.8.0_242-release-1644-b01)
# Java VM: OpenJDK 64-Bit Server VM (25.242-b01 mixed mode windows-amd64 compressed oops)
Heap:
 PSYoungGen      total 200192K, used 87851K [0x00000000e0000000, 0x00000000ee180000, 0x0000000100000000)
  eden space 182784K, 42% used [0x00000000e0000000,0x00000000e4c213f8,0x00000000eb280000)
  from space 17408K, 56% used [0x00000000ec880000,0x00000000ed229bc0,0x00000000ed980000)
  to   space 22528K, 0% used [0x00000000eb280000,0x00000000eb280000,0x00000000ec880000)
 ParOldGen       total 113152K, used 77167K [0x00000000a0000000, 0x00000000a6e80000, 0x00000000e0000000)
  object space 113152K, 68% used [0x00000000a0000000,0x00000000a4b5bca8,0x00000000a6e80000)
 Metaspace       used 75095K, capacity 79170K, committed 79512K, reserved 1118208K
  class space    used 9929K, capacity 10826K, committed 10920K, reserved 1048576K
GC Heap History (10 events):
Event: 9.539 GC heap before
{Heap before GC invocations=13 (full 3):
 PSYoungGen      total 200192K, used 17406K [0x00000000e0000000, 0x00000000ee180000, 0x0000000100000000)
  eden space 182784K, 0% used [0x00000000e0000000,0x00000000e0000000,0x00000000eb280000)
  from space 17408K, 99% used [0x00000000ec880000,0x00000000ed97fab8,0x00000000ed980000)
  to   space 22528K, 0% used [0x00000000eb280000,0x00000000eb280000,0x00000000ec880000)
 ParOldGen       total 113152K, used 30438K [0x00000000a0000000, 0x00000000a6e80000, 0x00000000e0000000)
  object space 113152K, 26% used [0x00000000a0000000,0x00000000a1db9978,0x00000000a6e80000)
 Metaspace       used 56951K, capacity 59048K, committed 59160K, reserved 1099776K
  class space    used 7698K, capacity 8212K, committed 8232K, reserved 1048576K
Event: 9.835 GC heap after
Heap after GC invocations=13 (full 3):
 PSYoungGen      total 200192K, used 0K [0x00000000e0000000, 0x00000000ee180000, 0x0000000100000000)
  eden space 182784K, 0% used [0x00000000e0000000,0x00000000e0000000,0x00000000eb280000)
  from space 17408K, 0% used [0x00000000ec880000,0x00000000ec880000,0x00000000ed980000)
  to   space 22528K, 0% used [0x00000000eb280000,0x00000000eb280000,0x00000000ec880000)
 ParOldGen       total 113152K, used 39761K [0x00000000a0000000, 0x00000000a6e80000, 0x00000000e0000000)
  object space 113152K, 35% used [0x00000000a0000000,0x00000000a26d4450,0x00000000a6e80000)
 Metaspace       used 56926K, capacity 58964K, committed 59160K, reserved 1099776K
  class space    used 7690K, capacity 8198K, committed 8232K, reserved 1048576K
}
Event: 12.400 GC heap before
{Heap before GC invocations=14 (full 3):
 PSYoungGen      total 200192K, used 182784K [0x00000000e0000000, 0x00000000ee180000, 0x0000000100000000)
  eden space 182784K, 100% used [0x00000000e0000000,0x00000000eb280000,0x00000000eb280000)
  from space 17408K, 0% used [0x00000000ec880000,0x00000000ec880000,0x00000000ed980000)
  to   space 22528K, 0% used [0x00000000eb280000,0x00000000eb280000,0x00000000ec880000)
 ParOldGen       total 113152K, used 39761K [0x00000000a0000000, 0x00000000a6e80000, 0x00000000e0000000)
  object space 113152K, 35% used [0x00000000a0000000,0x00000000a26d4450,0x00000000a6e80000)
 Metaspace       used 64709K, capacity 68020K, committed 68120K, reserved 1107968K
  class space    used 8693K, capacity 9479K, committed 9512K, reserved 1048576K
Event: 12.427 GC heap after
Heap after GC invocations=14 (full 3):
 PSYoungGen      total 205312K, used 22501K [0x00000000e0000000, 0x00000000ee180000, 0x0000000100000000)
  eden space 182784K, 0% used [0x00000000e0000000,0x00000000e0000000,0x00000000eb280000)
  from space 22528K, 99% used [0x00000000eb280000,0x00000000ec8794e0,0x00000000ec880000)
  to   space 17408K, 0% used [0x00000000ec880000,0x00000000ec880000,0x00000000ed980000)
 ParOldGen       total 113152K, used 40006K [0x00000000a0000000, 0x00000000a6e80000, 0x00000000e0000000)
  object space 113152K, 35% used [0x00000000a0000000,0x00000000a2711a10,0x00000000a6e80000)
 Metaspace       used 64709K, capacity 68020K, committed 68120K, reserved 1107968K
  class space    used 8693K, capacity 9479K, committed 9512K, reserved 1048576K
}
Event: 17.292 GC heap before
{Heap before GC invocations=15 (full 3):
 PSYoungGen      total 205312K, used 205285K [0x00000000e0000000, 0x00000000ee180000, 0x0000000100000000)
  eden space 182784K, 100% used [0x00000000e0000000,0x00000000eb280000,0x00000000eb280000)
  from space 22528K, 99% used [0x00000000eb280000,0x00000000ec8794e0,0x00000000ec880000)
  to   space 17408K, 0% used [0x00000000ec880000,0x00000000ec880000,0x00000000ed980000)
 ParOldGen       total 113152K, used 40006K [0x00000000a0000000, 0x00000000a6e80000, 0x00000000e0000000)
  object space 113152K, 35% used [0x00000000a0000000,0x00000000a2711a10,0x00000000a6e80000)
 Metaspace       used 73932K, capacity 77878K, committed 78104K, reserved 1116160K
  class space    used 9829K, capacity 10698K, committed 10792K, reserved 1048576K
Event: 17.320 GC heap after
Heap after GC invocations=15 (full 3):
 PSYoungGen      total 200192K, used 17376K [0x00000000e0000000, 0x00000000ee180000, 0x0000000100000000)
  eden space 182784K, 0% used [0x00000000e0000000,0x00000000e0000000,0x00000000eb280000)
  from space 17408K, 99% used [0x00000000ec880000,0x00000000ed9781f0,0x00000000ed980000)
  to   space 22528K, 0% used [0x00000000eb280000,0x00000000eb280000,0x00000000ec880000)
 ParOldGen       total 113152K, used 62303K [0x00000000a0000000, 0x00000000a6e80000, 0x00000000e0000000)
  object space 113152K, 55% used [0x00000000a0000000,0x00000000a3cd7d70,0x00000000a6e80000)
 Metaspace       used 73932K, capacity 77878K, committed 78104K, reserved 1116160K
  class space    used 9829K, capacity 10698K, committed 10792K, reserved 1048576K
}
Event: 17.763 GC heap before
{Heap before GC invocations=16 (full 3):
 PSYoungGen      total 200192K, used 200160K [0x00000000e0000000, 0x00000000ee180000, 0x0000000100000000)
  eden space 182784K, 100% used [0x00000000e0000000,0x00000000eb280000,0x00000000eb280000)
  from space 17408K, 99% used [0x00000000ec880000,0x00000000ed9781f0,0x00000000ed980000)
  to   space 22528K, 0% used [0x00000000eb280000,0x00000000eb280000,0x00000000ec880000)
 ParOldGen       total 113152K, used 62303K [0x00000000a0000000, 0x00000000a6e80000, 0x00000000e0000000)
  object space 113152K, 55% used [0x00000000a0000000,0x00000000a3cd7e38,0x00000000a6e80000)
 Metaspace       used 74899K, capacity 79018K, committed 79256K, reserved 1118208K
  class space    used 9918K, capacity 10822K, committed 10920K, reserved 1048576K
Event: 17.782 GC heap after
Heap after GC invocations=16 (full 3):
 PSYoungGen      total 205312K, used 10164K [0x00000000e0000000, 0x00000000ee180000, 0x0000000100000000)
  eden space 182784K, 0% used [0x00000000e0000000,0x00000000e0000000,0x00000000eb280000)
  from space 22528K, 45% used [0x00000000eb280000,0x00000000ebc6d308,0x00000000ec880000)
  to   space 17408K, 0% used [0x00000000ec880000,0x00000000ec880000,0x00000000ed980000)
 ParOldGen       total 113152K, used 77153K [0x00000000a0000000, 0x00000000a6e80000, 0x00000000e0000000)
  object space 113152K, 68% used [0x00000000a0000000,0x00000000a4b587d8,0x00000000a6e80000)
 Metaspace       used 74899K, capacity 79018K, committed 79256K, reserved 1118208K
  class space    used 9918K, capacity 10822K, committed 10920K, reserved 1048576K
}
Event: 18.116 GC heap before
{Heap before GC invocations=17 (full 3):
 PSYoungGen      total 205312K, used 192948K [0x00000000e0000000, 0x00000000ee180000, 0x0000000100000000)
  eden space 182784K, 100% used [0x00000000e0000000,0x00000000eb280000,0x00000000eb280000)
  from space 22528K, 45% used [0x00000000eb280000,0x00000000ebc6d308,0x00000000ec880000)
  to   space 17408K, 0% used [0x00000000ec880000,0x00000000ec880000,0x00000000ed980000)
 ParOldGen       total 113152K, used 77159K [0x00000000a0000000, 0x00000000a6e80000, 0x00000000e0000000)
  object space 113152K, 68% used [0x00000000a0000000,0x00000000a4b59ca8,0x00000000a6e80000)
 Metaspace       used 75076K, capacity 79106K, committed 79256K, reserved 1118208K
  class space    used 9928K, capacity 10826K, committed 10920K, reserved 1048576K
Event: 18.122 GC heap after
Heap after GC invocations=17 (full 3):
 PSYoungGen      total 200192K, used 9894K [0x00000000e0000000, 0x00000000ee180000, 0x0000000100000000)
  eden space 182784K, 0% used [0x00000000e0000000,0x00000000e0000000,0x00000000eb280000)
  from space 17408K, 56% used [0x00000000ec880000,0x00000000ed229bc0,0x00000000ed980000)
  to   space 22528K, 0% used [0x00000000eb280000,0x00000000eb280000,0x00000000ec880000)
 ParOldGen       total 113152K, used 77167K [0x00000000a0000000, 0x00000000a6e80000, 0x00000000e0000000)
  object space 113152K, 68% used [0x00000000a0000000,0x00000000a4b5bca8,0x00000000a6e80000)
 Metaspace       used 75076K, capacity 79106K, committed 79256K, reserved 1118208K
  class space    used 9928K, capacity 10826K, committed 10920K, reserved 1048576K
}

