# JRE version: OpenJDK Runtime Environment (8.0_242-b01) (build 1.8.0_242-release-1644-b01)
# Java VM: OpenJDK 64-Bit Server VM (25.242-b01 mixed mode windows-amd64 compressed oops)
Heap:
 PSYoungGen      total 200192K, used 40339K [0x00000000e0000000, 0x00000000f0d80000, 0x0000000100000000)
  eden space 189952K, 15% used [0x00000000e0000000,0x00000000e1d67c58,0x00000000eb980000)
  from space 10240K, 99% used [0x00000000ecc00000,0x00000000ed5fd300,0x00000000ed600000)
  to   space 18944K, 0% used [0x00000000eb980000,0x00000000eb980000,0x00000000ecc00000)
 ParOldGen       total 116736K, used 30150K [0x00000000a0000000, 0x00000000a7200000, 0x00000000e0000000)
  object space 116736K, 25% used [0x00000000a0000000,0x00000000a1d71958,0x00000000a7200000)
 Metaspace       used 50025K, capacity 51802K, committed 52008K, reserved 1093632K
  class space    used 6700K, capacity 7159K, committed 7208K, reserved 1048576K
GC Heap History (10 events):
Event: 3.626 GC heap before
{Heap before GC invocations=6 (full 1):
 PSYoungGen      total 106496K, used 7744K [0x00000000e0000000, 0x00000000ed800000, 0x0000000100000000)
  eden space 98304K, 0% used [0x00000000e0000000,0x00000000e0000000,0x00000000e6000000)
  from space 8192K, 94% used [0x00000000e6000000,0x00000000e67903a0,0x00000000e6800000)
  to   space 12288K, 0% used [0x00000000ecc00000,0x00000000ecc00000,0x00000000ed800000)
 ParOldGen       total 131072K, used 4328K [0x00000000a0000000, 0x00000000a8000000, 0x00000000e0000000)
  object space 131072K, 3% used [0x00000000a0000000,0x00000000a043a130,0x00000000a8000000)
 Metaspace       used 20723K, capacity 21216K, committed 21296K, reserved 1067008K
  class space    used 2992K, capacity 3179K, committed 3200K, reserved 1048576K
Event: 3.661 GC heap after
Heap after GC invocations=6 (full 1):
 PSYoungGen      total 106496K, used 0K [0x00000000e0000000, 0x00000000ed800000, 0x0000000100000000)
  eden space 98304K, 0% used [0x00000000e0000000,0x00000000e0000000,0x00000000e6000000)
  from space 8192K, 0% used [0x00000000e6000000,0x00000000e6000000,0x00000000e6800000)
  to   space 12288K, 0% used [0x00000000ecc00000,0x00000000ecc00000,0x00000000ed800000)
 ParOldGen       total 70144K, used 8085K [0x00000000a0000000, 0x00000000a4480000, 0x00000000e0000000)
  object space 70144K, 11% used [0x00000000a0000000,0x00000000a07e56e0,0x00000000a4480000)
 Metaspace       used 20723K, capacity 21216K, committed 21296K, reserved 1067008K
  class space    used 2992K, capacity 3179K, committed 3200K, reserved 1048576K
}
Event: 4.661 GC heap before
{Heap before GC invocations=7 (full 1):
 PSYoungGen      total 106496K, used 98304K [0x00000000e0000000, 0x00000000ed800000, 0x0000000100000000)
  eden space 98304K, 100% used [0x00000000e0000000,0x00000000e6000000,0x00000000e6000000)
  from space 8192K, 0% used [0x00000000e6000000,0x00000000e6000000,0x00000000e6800000)
  to   space 12288K, 0% used [0x00000000ecc00000,0x00000000ecc00000,0x00000000ed800000)
 ParOldGen       total 70144K, used 8085K [0x00000000a0000000, 0x00000000a4480000, 0x00000000e0000000)
  object space 70144K, 11% used [0x00000000a0000000,0x00000000a07e56e0,0x00000000a4480000)
 Metaspace       used 30058K, capacity 30672K, committed 30848K, reserved 1075200K
  class space    used 4139K, capacity 4363K, committed 4480K, reserved 1048576K
Event: 4.673 GC heap after
Heap after GC invocations=7 (full 1):
 PSYoungGen      total 185344K, used 9916K [0x00000000e0000000, 0x00000000ed600000, 0x0000000100000000)
  eden space 175104K, 0% used [0x00000000e0000000,0x00000000e0000000,0x00000000eab00000)
  from space 10240K, 96% used [0x00000000ecc00000,0x00000000ed5af238,0x00000000ed600000)
  to   space 12800K, 0% used [0x00000000ebd00000,0x00000000ebd00000,0x00000000ec980000)
 ParOldGen       total 70144K, used 8093K [0x00000000a0000000, 0x00000000a4480000, 0x00000000e0000000)
  object space 70144K, 11% used [0x00000000a0000000,0x00000000a07e76e0,0x00000000a4480000)
 Metaspace       used 30058K, capacity 30672K, committed 30848K, reserved 1075200K
  class space    used 4139K, capacity 4363K, committed 4480K, reserved 1048576K
}
Event: 5.717 GC heap before
{Heap before GC invocations=8 (full 1):
 PSYoungGen      total 185344K, used 101481K [0x00000000e0000000, 0x00000000ed600000, 0x0000000100000000)
  eden space 175104K, 52% used [0x00000000e0000000,0x00000000e596b218,0x00000000eab00000)
  from space 10240K, 96% used [0x00000000ecc00000,0x00000000ed5af238,0x00000000ed600000)
  to   space 12800K, 0% used [0x00000000ebd00000,0x00000000ebd00000,0x00000000ec980000)
 ParOldGen       total 70144K, used 8093K [0x00000000a0000000, 0x00000000a4480000, 0x00000000e0000000)
  object space 70144K, 11% used [0x00000000a0000000,0x00000000a07e76e0,0x00000000a4480000)
 Metaspace       used 34547K, capacity 35392K, committed 35496K, reserved 1079296K
  class space    used 4755K, capacity 5004K, committed 5032K, reserved 1048576K
Event: 5.730 GC heap after
Heap after GC invocations=8 (full 1):
 PSYoungGen      total 187904K, used 12468K [0x00000000e0000000, 0x00000000ed600000, 0x0000000100000000)
  eden space 175104K, 0% used [0x00000000e0000000,0x00000000e0000000,0x00000000eab00000)
  from space 12800K, 97% used [0x00000000ebd00000,0x00000000ec92d2f8,0x00000000ec980000)
  to   space 10240K, 0% used [0x00000000ecc00000,0x00000000ecc00000,0x00000000ed600000)
 ParOldGen       total 70144K, used 8101K [0x00000000a0000000, 0x00000000a4480000, 0x00000000e0000000)
  object space 70144K, 11% used [0x00000000a0000000,0x00000000a07e96e0,0x00000000a4480000)
 Metaspace       used 34547K, capacity 35392K, committed 35496K, reserved 1079296K
  class space    used 4755K, capacity 5004K, committed 5032K, reserved 1048576K
}
Event: 5.730 GC heap before
{Heap before GC invocations=9 (full 2):
 PSYoungGen      total 187904K, used 12468K [0x00000000e0000000, 0x00000000ed600000, 0x0000000100000000)
  eden space 175104K, 0% used [0x00000000e0000000,0x00000000e0000000,0x00000000eab00000)
  from space 12800K, 97% used [0x00000000ebd00000,0x00000000ec92d2f8,0x00000000ec980000)
  to   space 10240K, 0% used [0x00000000ecc00000,0x00000000ecc00000,0x00000000ed600000)
 ParOldGen       total 70144K, used 8101K [0x00000000a0000000, 0x00000000a4480000, 0x00000000e0000000)
  object space 70144K, 11% used [0x00000000a0000000,0x00000000a07e96e0,0x00000000a4480000)
 Metaspace       used 34547K, capacity 35392K, committed 35496K, reserved 1079296K
  class space    used 4755K, capacity 5004K, committed 5032K, reserved 1048576K
Event: 5.890 GC heap after
Heap after GC invocations=9 (full 2):
 PSYoungGen      total 187904K, used 0K [0x00000000e0000000, 0x00000000ed600000, 0x0000000100000000)
  eden space 175104K, 0% used [0x00000000e0000000,0x00000000e0000000,0x00000000eab00000)
  from space 12800K, 0% used [0x00000000ebd00000,0x00000000ebd00000,0x00000000ec980000)
  to   space 10240K, 0% used [0x00000000ecc00000,0x00000000ecc00000,0x00000000ed600000)
 ParOldGen       total 116736K, used 19330K [0x00000000a0000000, 0x00000000a7200000, 0x00000000e0000000)
  object space 116736K, 16% used [0x00000000a0000000,0x00000000a12e0830,0x00000000a7200000)
 Metaspace       used 34547K, capacity 35392K, committed 35496K, reserved 1079296K
  class space    used 4755K, capacity 5004K, committed 5032K, reserved 1048576K
}
Event: 8.139 GC heap before
{Heap before GC invocations=10 (full 2):
 PSYoungGen      total 187904K, used 175104K [0x00000000e0000000, 0x00000000ed600000, 0x0000000100000000)
  eden space 175104K, 100% used [0x00000000e0000000,0x00000000eab00000,0x00000000eab00000)
  from space 12800K, 0% used [0x00000000ebd00000,0x00000000ebd00000,0x00000000ec980000)
  to   space 10240K, 0% used [0x00000000ecc00000,0x00000000ecc00000,0x00000000ed600000)
 ParOldGen       total 116736K, used 19330K [0x00000000a0000000, 0x00000000a7200000, 0x00000000e0000000)
  object space 116736K, 16% used [0x00000000a0000000,0x00000000a12e0830,0x00000000a7200000)
 Metaspace       used 47993K, capacity 49614K, committed 49960K, reserved 1091584K
  class space    used 6446K, capacity 6872K, committed 6952K, reserved 1048576K
Event: 8.157 GC heap after
Heap after GC invocations=10 (full 2):
 PSYoungGen      total 200192K, used 10228K [0x00000000e0000000, 0x00000000f0d80000, 0x0000000100000000)
  eden space 189952K, 0% used [0x00000000e0000000,0x00000000e0000000,0x00000000eb980000)
  from space 10240K, 99% used [0x00000000ecc00000,0x00000000ed5fd300,0x00000000ed600000)
  to   space 18944K, 0% used [0x00000000eb980000,0x00000000eb980000,0x00000000ecc00000)
 ParOldGen       total 116736K, used 30150K [0x00000000a0000000, 0x00000000a7200000, 0x00000000e0000000)
  object space 116736K, 25% used [0x00000000a0000000,0x00000000a1d71958,0x00000000a7200000)
 Metaspace       used 47993K, capacity 49614K, committed 49960K, reserved 1091584K
  class space    used 6446K, capacity 6872K, committed 6952K, reserved 1048576K
}

