# JRE version: OpenJDK Runtime Environment (8.0_242-b01) (build 1.8.0_242-release-1644-b01)
# Java VM: OpenJDK 64-Bit Server VM (25.242-b01 mixed mode windows-amd64 compressed oops)
Heap:
 PSYoungGen      total 193024K, used 130783K [0x00000000e0000000, 0x00000000ee600000, 0x0000000100000000)
  eden space 160256K, 77% used [0x00000000e0000000,0x00000000e78dad68,0x00000000e9c80000)
  from space 32768K, 21% used [0x00000000e9c80000,0x00000000ea35d120,0x00000000ebc80000)
  to   space 26624K, 0% used [0x00000000ebc80000,0x00000000ebc80000,0x00000000ed680000)
 ParOldGen       total 144896K, used 76766K [0x00000000a0000000, 0x00000000a8d80000, 0x00000000e0000000)
  object space 144896K, 52% used [0x00000000a0000000,0x00000000a4af7bb8,0x00000000a8d80000)
 Metaspace       used 67116K, capacity 71212K, committed 71320K, reserved 1110016K
  class space    used 9140K, capacity 10113K, committed 10152K, reserved 1048576K
GC Heap History (10 events):
Event: 8.826 GC heap before
{Heap before GC invocations=10 (full 2):
 PSYoungGen      total 163328K, used 157121K [0x00000000e0000000, 0x00000000ee100000, 0x0000000100000000)
  eden space 147968K, 95% used [0x00000000e0000000,0x00000000e8a725a0,0x00000000e9080000)
  from space 15360K, 99% used [0x00000000e9080000,0x00000000e9f7df28,0x00000000e9f80000)
  to   space 18944K, 0% used [0x00000000ece80000,0x00000000ece80000,0x00000000ee100000)
 ParOldGen       total 144896K, used 22258K [0x00000000a0000000, 0x00000000a8d80000, 0x00000000e0000000)
  object space 144896K, 15% used [0x00000000a0000000,0x00000000a15bcba8,0x00000000a8d80000)
 Metaspace       used 56855K, capacity 59022K, committed 59160K, reserved 1099776K
  class space    used 7696K, capacity 8213K, committed 8232K, reserved 1048576K
Event: 8.850 GC heap after
Heap after GC invocations=10 (full 2):
 PSYoungGen      total 166912K, used 18941K [0x00000000e0000000, 0x00000000ee100000, 0x0000000100000000)
  eden space 147968K, 0% used [0x00000000e0000000,0x00000000e0000000,0x00000000e9080000)
  from space 18944K, 99% used [0x00000000ece80000,0x00000000ee0ff4d8,0x00000000ee100000)
  to   space 15360K, 0% used [0x00000000e9080000,0x00000000e9080000,0x00000000e9f80000)
 ParOldGen       total 144896K, used 29117K [0x00000000a0000000, 0x00000000a8d80000, 0x00000000e0000000)
  object space 144896K, 20% used [0x00000000a0000000,0x00000000a1c6f740,0x00000000a8d80000)
 Metaspace       used 56855K, capacity 59022K, committed 59160K, reserved 1099776K
  class space    used 7696K, capacity 8213K, committed 8232K, reserved 1048576K
}
Event: 8.850 GC heap before
{Heap before GC invocations=11 (full 3):
 PSYoungGen      total 166912K, used 18941K [0x00000000e0000000, 0x00000000ee100000, 0x0000000100000000)
  eden space 147968K, 0% used [0x00000000e0000000,0x00000000e0000000,0x00000000e9080000)
  from space 18944K, 99% used [0x00000000ece80000,0x00000000ee0ff4d8,0x00000000ee100000)
  to   space 15360K, 0% used [0x00000000e9080000,0x00000000e9080000,0x00000000e9f80000)
 ParOldGen       total 144896K, used 29117K [0x00000000a0000000, 0x00000000a8d80000, 0x00000000e0000000)
  object space 144896K, 20% used [0x00000000a0000000,0x00000000a1c6f740,0x00000000a8d80000)
 Metaspace       used 56855K, capacity 59022K, committed 59160K, reserved 1099776K
  class space    used 7696K, capacity 8213K, committed 8232K, reserved 1048576K
Event: 9.168 GC heap after
Heap after GC invocations=11 (full 3):
 PSYoungGen      total 166912K, used 0K [0x00000000e0000000, 0x00000000ee100000, 0x0000000100000000)
  eden space 147968K, 0% used [0x00000000e0000000,0x00000000e0000000,0x00000000e9080000)
  from space 18944K, 0% used [0x00000000ece80000,0x00000000ece80000,0x00000000ee100000)
  to   space 15360K, 0% used [0x00000000e9080000,0x00000000e9080000,0x00000000e9f80000)
 ParOldGen       total 144896K, used 41033K [0x00000000a0000000, 0x00000000a8d80000, 0x00000000e0000000)
  object space 144896K, 28% used [0x00000000a0000000,0x00000000a28126b8,0x00000000a8d80000)
 Metaspace       used 56819K, capacity 58902K, committed 59160K, reserved 1099776K
  class space    used 7685K, capacity 8193K, committed 8232K, reserved 1048576K
}
Event: 11.341 GC heap before
{Heap before GC invocations=12 (full 3):
 PSYoungGen      total 166912K, used 147968K [0x00000000e0000000, 0x00000000ee100000, 0x0000000100000000)
  eden space 147968K, 100% used [0x00000000e0000000,0x00000000e9080000,0x00000000e9080000)
  from space 18944K, 0% used [0x00000000ece80000,0x00000000ece80000,0x00000000ee100000)
  to   space 15360K, 0% used [0x00000000e9080000,0x00000000e9080000,0x00000000e9f80000)
 ParOldGen       total 144896K, used 41033K [0x00000000a0000000, 0x00000000a8d80000, 0x00000000e0000000)
  object space 144896K, 28% used [0x00000000a0000000,0x00000000a28126b8,0x00000000a8d80000)
 Metaspace       used 61865K, capacity 65090K, committed 65432K, reserved 1105920K
  class space    used 8473K, capacity 9294K, committed 9384K, reserved 1048576K
Event: 11.370 GC heap after
Heap after GC invocations=12 (full 3):
 PSYoungGen      total 163328K, used 15360K [0x00000000e0000000, 0x00000000ed680000, 0x0000000100000000)
  eden space 147968K, 0% used [0x00000000e0000000,0x00000000e0000000,0x00000000e9080000)
  from space 15360K, 100% used [0x00000000e9080000,0x00000000e9f80000,0x00000000e9f80000)
  to   space 26624K, 0% used [0x00000000ebc80000,0x00000000ebc80000,0x00000000ed680000)
 ParOldGen       total 144896K, used 45443K [0x00000000a0000000, 0x00000000a8d80000, 0x00000000e0000000)
  object space 144896K, 31% used [0x00000000a0000000,0x00000000a2c60e78,0x00000000a8d80000)
 Metaspace       used 61865K, capacity 65090K, committed 65432K, reserved 1105920K
  class space    used 8473K, capacity 9294K, committed 9384K, reserved 1048576K
}
Event: 12.450 GC heap before
{Heap before GC invocations=13 (full 3):
 PSYoungGen      total 163328K, used 163328K [0x00000000e0000000, 0x00000000ed680000, 0x0000000100000000)
  eden space 147968K, 100% used [0x00000000e0000000,0x00000000e9080000,0x00000000e9080000)
  from space 15360K, 100% used [0x00000000e9080000,0x00000000e9f80000,0x00000000e9f80000)
  to   space 26624K, 0% used [0x00000000ebc80000,0x00000000ebc80000,0x00000000ed680000)
 ParOldGen       total 144896K, used 45544K [0x00000000a0000000, 0x00000000a8d80000, 0x00000000e0000000)
  object space 144896K, 31% used [0x00000000a0000000,0x00000000a2c7a020,0x00000000a8d80000)
 Metaspace       used 66451K, capacity 70600K, committed 70808K, reserved 1110016K
  class space    used 9104K, capacity 10041K, committed 10152K, reserved 1048576K
Event: 12.479 GC heap after
Heap after GC invocations=13 (full 3):
 PSYoungGen      total 186880K, used 26600K [0x00000000e0000000, 0x00000000ee600000, 0x0000000100000000)
  eden space 160256K, 0% used [0x00000000e0000000,0x00000000e0000000,0x00000000e9c80000)
  from space 26624K, 99% used [0x00000000ebc80000,0x00000000ed67a048,0x00000000ed680000)
  to   space 32768K, 0% used [0x00000000e9c80000,0x00000000e9c80000,0x00000000ebc80000)
 ParOldGen       total 144896K, used 52166K [0x00000000a0000000, 0x00000000a8d80000, 0x00000000e0000000)
  object space 144896K, 36% used [0x00000000a0000000,0x00000000a32f1a08,0x00000000a8d80000)
 Metaspace       used 66451K, capacity 70600K, committed 70808K, reserved 1110016K
  class space    used 9104K, capacity 10041K, committed 10152K, reserved 1048576K
}
Event: 12.822 GC heap before
{Heap before GC invocations=14 (full 3):
 PSYoungGen      total 186880K, used 186856K [0x00000000e0000000, 0x00000000ee600000, 0x0000000100000000)
  eden space 160256K, 100% used [0x00000000e0000000,0x00000000e9c80000,0x00000000e9c80000)
  from space 26624K, 99% used [0x00000000ebc80000,0x00000000ed67a048,0x00000000ed680000)
  to   space 32768K, 0% used [0x00000000e9c80000,0x00000000e9c80000,0x00000000ebc80000)
 ParOldGen       total 144896K, used 52169K [0x00000000a0000000, 0x00000000a8d80000, 0x00000000e0000000)
  object space 144896K, 36% used [0x00000000a0000000,0x00000000a32f2680,0x00000000a8d80000)
 Metaspace       used 67039K, capacity 71078K, committed 71320K, reserved 1110016K
  class space    used 9140K, capacity 10112K, committed 10152K, reserved 1048576K
Event: 12.845 GC heap after
Heap after GC invocations=14 (full 3):
 PSYoungGen      total 193024K, used 7028K [0x00000000e0000000, 0x00000000ee600000, 0x0000000100000000)
  eden space 160256K, 0% used [0x00000000e0000000,0x00000000e0000000,0x00000000e9c80000)
  from space 32768K, 21% used [0x00000000e9c80000,0x00000000ea35d120,0x00000000ebc80000)
  to   space 26624K, 0% used [0x00000000ebc80000,0x00000000ebc80000,0x00000000ed680000)
 ParOldGen       total 144896K, used 76766K [0x00000000a0000000, 0x00000000a8d80000, 0x00000000e0000000)
  object space 144896K, 52% used [0x00000000a0000000,0x00000000a4af7bb8,0x00000000a8d80000)
 Metaspace       used 67039K, capacity 71078K, committed 71320K, reserved 1110016K
  class space    used 9140K, capacity 10112K, committed 10152K, reserved 1048576K
}

