# JRE version: OpenJDK Runtime Environment (8.0_242-b01) (build 1.8.0_242-release-1644-b01)
# Java VM: OpenJDK 64-Bit Server VM (25.242-b01 mixed mode windows-amd64 compressed oops)
Heap:
 PSYoungGen      total 204800K, used 125544K [0x00000000e0000000, 0x00000000f7500000, 0x0000000100000000)
  eden space 196608K, 63% used [0x00000000e0000000,0x00000000e7a9a380,0x00000000ec000000)
  from space 8192K, 0% used [0x00000000ec000000,0x00000000ec000000,0x00000000ec800000)
  to   space 16896K, 0% used [0x00000000f6480000,0x00000000f6480000,0x00000000f7500000)
 ParOldGen       total 108544K, used 20967K [0x00000000a0000000, 0x00000000a6a00000, 0x00000000e0000000)
  object space 108544K, 19% used [0x00000000a0000000,0x00000000a1479e20,0x00000000a6a00000)
 Metaspace       used 39036K, capacity 40888K, committed 41048K, reserved 1085440K
  class space    used 5338K, capacity 5737K, committed 5760K, reserved 1048576K
GC Heap History (10 events):
Event: 24.287 GC heap before
{Heap before GC invocations=3 (full 0):
 PSYoungGen      total 106496K, used 104685K [0x00000000e0000000, 0x00000000e7000000, 0x0000000100000000)
  eden space 98304K, 100% used [0x00000000e0000000,0x00000000e6000000,0x00000000e6000000)
  from space 8192K, 77% used [0x00000000e6800000,0x00000000e6e3b7e0,0x00000000e7000000)
  to   space 8192K, 0% used [0x00000000e6000000,0x00000000e6000000,0x00000000e6800000)
 ParOldGen       total 131072K, used 24K [0x00000000a0000000, 0x00000000a8000000, 0x00000000e0000000)
  object space 131072K, 0% used [0x00000000a0000000,0x00000000a0006000,0x00000000a8000000)
 Metaspace       used 19876K, capacity 20572K, committed 20736K, reserved 1067008K
  class space    used 2757K, capacity 2956K, committed 3072K, reserved 1048576K
Event: 24.530 GC heap after
Heap after GC invocations=3 (full 0):
 PSYoungGen      total 106496K, used 8190K [0x00000000e0000000, 0x00000000ed000000, 0x0000000100000000)
  eden space 98304K, 0% used [0x00000000e0000000,0x00000000e0000000,0x00000000e6000000)
  from space 8192K, 99% used [0x00000000e6000000,0x00000000e67ffaf0,0x00000000e6800000)
  to   space 8192K, 0% used [0x00000000ec800000,0x00000000ec800000,0x00000000ed000000)
 ParOldGen       total 131072K, used 5316K [0x00000000a0000000, 0x00000000a8000000, 0x00000000e0000000)
  object space 131072K, 4% used [0x00000000a0000000,0x00000000a0531030,0x00000000a8000000)
 Metaspace       used 19876K, capacity 20572K, committed 20736K, reserved 1067008K
  class space    used 2757K, capacity 2956K, committed 3072K, reserved 1048576K
}
Event: 27.325 GC heap before
{Heap before GC invocations=4 (full 0):
 PSYoungGen      total 106496K, used 17352K [0x00000000e0000000, 0x00000000ed000000, 0x0000000100000000)
  eden space 98304K, 9% used [0x00000000e0000000,0x00000000e08f2650,0x00000000e6000000)
  from space 8192K, 99% used [0x00000000e6000000,0x00000000e67ffaf0,0x00000000e6800000)
  to   space 8192K, 0% used [0x00000000ec800000,0x00000000ec800000,0x00000000ed000000)
 ParOldGen       total 131072K, used 5316K [0x00000000a0000000, 0x00000000a8000000, 0x00000000e0000000)
  object space 131072K, 4% used [0x00000000a0000000,0x00000000a0531030,0x00000000a8000000)
 Metaspace       used 20487K, capacity 21156K, committed 21248K, reserved 1067008K
  class space    used 2856K, capacity 3036K, committed 3072K, reserved 1048576K
Event: 27.381 GC heap after
Heap after GC invocations=4 (full 0):
 PSYoungGen      total 204800K, used 7285K [0x00000000e0000000, 0x00000000ed000000, 0x0000000100000000)
  eden space 196608K, 0% used [0x00000000e0000000,0x00000000e0000000,0x00000000ec000000)
  from space 8192K, 88% used [0x00000000ec800000,0x00000000ecf1d4d8,0x00000000ed000000)
  to   space 8192K, 0% used [0x00000000ec000000,0x00000000ec000000,0x00000000ec800000)
 ParOldGen       total 131072K, used 5324K [0x00000000a0000000, 0x00000000a8000000, 0x00000000e0000000)
  object space 131072K, 4% used [0x00000000a0000000,0x00000000a0533030,0x00000000a8000000)
 Metaspace       used 20487K, capacity 21156K, committed 21248K, reserved 1067008K
  class space    used 2856K, capacity 3036K, committed 3072K, reserved 1048576K
}
Event: 27.381 GC heap before
{Heap before GC invocations=5 (full 1):
 PSYoungGen      total 204800K, used 7285K [0x00000000e0000000, 0x00000000ed000000, 0x0000000100000000)
  eden space 196608K, 0% used [0x00000000e0000000,0x00000000e0000000,0x00000000ec000000)
  from space 8192K, 88% used [0x00000000ec800000,0x00000000ecf1d4d8,0x00000000ed000000)
  to   space 8192K, 0% used [0x00000000ec000000,0x00000000ec000000,0x00000000ec800000)
 ParOldGen       total 131072K, used 5324K [0x00000000a0000000, 0x00000000a8000000, 0x00000000e0000000)
  object space 131072K, 4% used [0x00000000a0000000,0x00000000a0533030,0x00000000a8000000)
 Metaspace       used 20487K, capacity 21156K, committed 21248K, reserved 1067008K
  class space    used 2856K, capacity 3036K, committed 3072K, reserved 1048576K
Event: 27.528 GC heap after
Heap after GC invocations=5 (full 1):
 PSYoungGen      total 204800K, used 0K [0x00000000e0000000, 0x00000000ed000000, 0x0000000100000000)
  eden space 196608K, 0% used [0x00000000e0000000,0x00000000e0000000,0x00000000ec000000)
  from space 8192K, 0% used [0x00000000ec800000,0x00000000ec800000,0x00000000ed000000)
  to   space 8192K, 0% used [0x00000000ec000000,0x00000000ec000000,0x00000000ec800000)
 ParOldGen       total 71680K, used 7642K [0x00000000a0000000, 0x00000000a4600000, 0x00000000e0000000)
  object space 71680K, 10% used [0x00000000a0000000,0x00000000a07769f0,0x00000000a4600000)
 Metaspace       used 20487K, capacity 21156K, committed 21248K, reserved 1067008K
  class space    used 2856K, capacity 3036K, committed 3072K, reserved 1048576K
}
Event: 63.721 GC heap before
{Heap before GC invocations=6 (full 1):
 PSYoungGen      total 204800K, used 177366K [0x00000000e0000000, 0x00000000ed000000, 0x0000000100000000)
  eden space 196608K, 90% used [0x00000000e0000000,0x00000000ead35a60,0x00000000ec000000)
  from space 8192K, 0% used [0x00000000ec800000,0x00000000ec800000,0x00000000ed000000)
  to   space 8192K, 0% used [0x00000000ec000000,0x00000000ec000000,0x00000000ec800000)
 ParOldGen       total 71680K, used 7642K [0x00000000a0000000, 0x00000000a4600000, 0x00000000e0000000)
  object space 71680K, 10% used [0x00000000a0000000,0x00000000a07769f0,0x00000000a4600000)
 Metaspace       used 34083K, capacity 35314K, committed 35416K, reserved 1079296K
  class space    used 4595K, capacity 4922K, committed 4992K, reserved 1048576K
Event: 63.805 GC heap after
Heap after GC invocations=6 (full 1):
 PSYoungGen      total 204800K, used 8170K [0x00000000e0000000, 0x00000000f7500000, 0x0000000100000000)
  eden space 196608K, 0% used [0x00000000e0000000,0x00000000e0000000,0x00000000ec000000)
  from space 8192K, 99% used [0x00000000ec000000,0x00000000ec7fa988,0x00000000ec800000)
  to   space 16896K, 0% used [0x00000000f6480000,0x00000000f6480000,0x00000000f7500000)
 ParOldGen       total 71680K, used 14561K [0x00000000a0000000, 0x00000000a4600000, 0x00000000e0000000)
  object space 71680K, 20% used [0x00000000a0000000,0x00000000a0e38410,0x00000000a4600000)
 Metaspace       used 34083K, capacity 35314K, committed 35416K, reserved 1079296K
  class space    used 4595K, capacity 4922K, committed 4992K, reserved 1048576K
}
Event: 63.805 GC heap before
{Heap before GC invocations=7 (full 2):
 PSYoungGen      total 204800K, used 8170K [0x00000000e0000000, 0x00000000f7500000, 0x0000000100000000)
  eden space 196608K, 0% used [0x00000000e0000000,0x00000000e0000000,0x00000000ec000000)
  from space 8192K, 99% used [0x00000000ec000000,0x00000000ec7fa988,0x00000000ec800000)
  to   space 16896K, 0% used [0x00000000f6480000,0x00000000f6480000,0x00000000f7500000)
 ParOldGen       total 71680K, used 14561K [0x00000000a0000000, 0x00000000a4600000, 0x00000000e0000000)
  object space 71680K, 20% used [0x00000000a0000000,0x00000000a0e38410,0x00000000a4600000)
 Metaspace       used 34083K, capacity 35314K, committed 35416K, reserved 1079296K
  class space    used 4595K, capacity 4922K, committed 4992K, reserved 1048576K
Event: 64.304 GC heap after
Heap after GC invocations=7 (full 2):
 PSYoungGen      total 204800K, used 0K [0x00000000e0000000, 0x00000000f7500000, 0x0000000100000000)
  eden space 196608K, 0% used [0x00000000e0000000,0x00000000e0000000,0x00000000ec000000)
  from space 8192K, 0% used [0x00000000ec000000,0x00000000ec000000,0x00000000ec800000)
  to   space 16896K, 0% used [0x00000000f6480000,0x00000000f6480000,0x00000000f7500000)
 ParOldGen       total 108544K, used 20967K [0x00000000a0000000, 0x00000000a6a00000, 0x00000000e0000000)
  object space 108544K, 19% used [0x00000000a0000000,0x00000000a1479e20,0x00000000a6a00000)
 Metaspace       used 34083K, capacity 35314K, committed 35416K, reserved 1079296K
  class space    used 4595K, capacity 4922K, committed 4992K, reserved 1048576K
}

