# JRE version: OpenJDK Runtime Environment (8.0_242-b01) (build 1.8.0_242-release-1644-b01)
# Java VM: OpenJDK 64-Bit Server VM (25.242-b01 mixed mode windows-amd64 compressed oops)
Heap:
 PSYoungGen      total 479744K, used 288179K [0x00000000e0000000, 0x0000000100000000, 0x0000000100000000)
  eden space 452608K, 57% used [0x00000000e0000000,0x00000000efef27d0,0x00000000fba00000)
  from space 27136K, 99% used [0x00000000fe580000,0x00000000ffffa820,0x0000000100000000)
  to   space 35840K, 0% used [0x00000000fba00000,0x00000000fba00000,0x00000000fdd00000)
 ParOldGen       total 142848K, used 51070K [0x00000000a0000000, 0x00000000a8b80000, 0x00000000e0000000)
  object space 142848K, 35% used [0x00000000a0000000,0x00000000a31df958,0x00000000a8b80000)
 Metaspace       used 80800K, capacity 84830K, committed 85012K, reserved 1122304K
  class space    used 10984K, capacity 11806K, committed 11836K, reserved 1048576K
GC Heap History (10 events):
Event: 43.554 GC heap before
{Heap before GC invocations=7 (full 2):
 PSYoungGen      total 204800K, used 8166K [0x00000000e0000000, 0x00000000f6e80000, 0x0000000100000000)
  eden space 196608K, 0% used [0x00000000e0000000,0x00000000e0000000,0x00000000ec000000)
  from space 8192K, 99% used [0x00000000ec000000,0x00000000ec7f9a70,0x00000000ec800000)
  to   space 16896K, 0% used [0x00000000f5e00000,0x00000000f5e00000,0x00000000f6e80000)
 ParOldGen       total 72704K, used 14490K [0x00000000a0000000, 0x00000000a4700000, 0x00000000e0000000)
  object space 72704K, 19% used [0x00000000a0000000,0x00000000a0e26bb0,0x00000000a4700000)
 Metaspace       used 34073K, capacity 35314K, committed 35416K, reserved 1079296K
  class space    used 4594K, capacity 4922K, committed 4992K, reserved 1048576K
Event: 43.907 GC heap after
Heap after GC invocations=7 (full 2):
 PSYoungGen      total 204800K, used 0K [0x00000000e0000000, 0x00000000f6e80000, 0x0000000100000000)
  eden space 196608K, 0% used [0x00000000e0000000,0x00000000e0000000,0x00000000ec000000)
  from space 8192K, 0% used [0x00000000ec000000,0x00000000ec000000,0x00000000ec800000)
  to   space 16896K, 0% used [0x00000000f5e00000,0x00000000f5e00000,0x00000000f6e80000)
 ParOldGen       total 103936K, used 20957K [0x00000000a0000000, 0x00000000a6580000, 0x00000000e0000000)
  object space 103936K, 20% used [0x00000000a0000000,0x00000000a1477650,0x00000000a6580000)
 Metaspace       used 34073K, capacity 35314K, committed 35416K, reserved 1079296K
  class space    used 4594K, capacity 4922K, committed 4992K, reserved 1048576K
}
Event: 67.690 GC heap before
{Heap before GC invocations=8 (full 2):
 PSYoungGen      total 204800K, used 196608K [0x00000000e0000000, 0x00000000f6e80000, 0x0000000100000000)
  eden space 196608K, 100% used [0x00000000e0000000,0x00000000ec000000,0x00000000ec000000)
  from space 8192K, 0% used [0x00000000ec000000,0x00000000ec000000,0x00000000ec800000)
  to   space 16896K, 0% used [0x00000000f5e00000,0x00000000f5e00000,0x00000000f6e80000)
 ParOldGen       total 103936K, used 20957K [0x00000000a0000000, 0x00000000a6580000, 0x00000000e0000000)
  object space 103936K, 20% used [0x00000000a0000000,0x00000000a1477650,0x00000000a6580000)
 Metaspace       used 42829K, capacity 44946K, committed 45272K, reserved 1087488K
  class space    used 5799K, capacity 6273K, committed 6400K, reserved 1048576K
Event: 67.719 GC heap after
Heap after GC invocations=8 (full 2):
 PSYoungGen      total 348672K, used 14226K [0x00000000e0000000, 0x00000000f6c00000, 0x0000000100000000)
  eden space 334336K, 0% used [0x00000000e0000000,0x00000000e0000000,0x00000000f4680000)
  from space 14336K, 99% used [0x00000000f5e00000,0x00000000f6be4988,0x00000000f6c00000)
  to   space 18432K, 0% used [0x00000000f4800000,0x00000000f4800000,0x00000000f5a00000)
 ParOldGen       total 103936K, used 20957K [0x00000000a0000000, 0x00000000a6580000, 0x00000000e0000000)
  object space 103936K, 20% used [0x00000000a0000000,0x00000000a1477650,0x00000000a6580000)
 Metaspace       used 42829K, capacity 44946K, committed 45272K, reserved 1087488K
  class space    used 5799K, capacity 6273K, committed 6400K, reserved 1048576K
}
Event: 76.009 GC heap before
{Heap before GC invocations=9 (full 2):
 PSYoungGen      total 348672K, used 206763K [0x00000000e0000000, 0x00000000f6c00000, 0x0000000100000000)
  eden space 334336K, 57% used [0x00000000e0000000,0x00000000ebc06488,0x00000000f4680000)
  from space 14336K, 99% used [0x00000000f5e00000,0x00000000f6be4988,0x00000000f6c00000)
  to   space 18432K, 0% used [0x00000000f4800000,0x00000000f4800000,0x00000000f5a00000)
 ParOldGen       total 103936K, used 20957K [0x00000000a0000000, 0x00000000a6580000, 0x00000000e0000000)
  object space 103936K, 20% used [0x00000000a0000000,0x00000000a1477650,0x00000000a6580000)
 Metaspace       used 56546K, capacity 58984K, committed 59028K, reserved 1099776K
  class space    used 7504K, capacity 8082K, committed 8124K, reserved 1048576K
Event: 76.080 GC heap after
Heap after GC invocations=9 (full 2):
 PSYoungGen      total 354304K, used 18412K [0x00000000e0000000, 0x0000000100000000, 0x0000000100000000)
  eden space 335872K, 0% used [0x00000000e0000000,0x00000000e0000000,0x00000000f4800000)
  from space 18432K, 99% used [0x00000000f4800000,0x00000000f59fb320,0x00000000f5a00000)
  to   space 27136K, 0% used [0x00000000fe580000,0x00000000fe580000,0x0000000100000000)
 ParOldGen       total 103936K, used 31813K [0x00000000a0000000, 0x00000000a6580000, 0x00000000e0000000)
  object space 103936K, 30% used [0x00000000a0000000,0x00000000a1f11658,0x00000000a6580000)
 Metaspace       used 56546K, capacity 58984K, committed 59028K, reserved 1099776K
  class space    used 7504K, capacity 8082K, committed 8124K, reserved 1048576K
}
Event: 76.080 GC heap before
{Heap before GC invocations=10 (full 3):
 PSYoungGen      total 354304K, used 18412K [0x00000000e0000000, 0x0000000100000000, 0x0000000100000000)
  eden space 335872K, 0% used [0x00000000e0000000,0x00000000e0000000,0x00000000f4800000)
  from space 18432K, 99% used [0x00000000f4800000,0x00000000f59fb320,0x00000000f5a00000)
  to   space 27136K, 0% used [0x00000000fe580000,0x00000000fe580000,0x0000000100000000)
 ParOldGen       total 103936K, used 31813K [0x00000000a0000000, 0x00000000a6580000, 0x00000000e0000000)
  object space 103936K, 30% used [0x00000000a0000000,0x00000000a1f11658,0x00000000a6580000)
 Metaspace       used 56546K, capacity 58984K, committed 59028K, reserved 1099776K
  class space    used 7504K, capacity 8082K, committed 8124K, reserved 1048576K
Event: 76.511 GC heap after
Heap after GC invocations=10 (full 3):
 PSYoungGen      total 354304K, used 0K [0x00000000e0000000, 0x0000000100000000, 0x0000000100000000)
  eden space 335872K, 0% used [0x00000000e0000000,0x00000000e0000000,0x00000000f4800000)
  from space 18432K, 0% used [0x00000000f4800000,0x00000000f4800000,0x00000000f5a00000)
  to   space 27136K, 0% used [0x00000000fe580000,0x00000000fe580000,0x0000000100000000)
 ParOldGen       total 142848K, used 41138K [0x00000000a0000000, 0x00000000a8b80000, 0x00000000e0000000)
  object space 142848K, 28% used [0x00000000a0000000,0x00000000a282ca20,0x00000000a8b80000)
 Metaspace       used 56533K, capacity 58936K, committed 59028K, reserved 1099776K
  class space    used 7500K, capacity 8074K, committed 8124K, reserved 1048576K
}
Event: 91.944 GC heap before
{Heap before GC invocations=11 (full 3):
 PSYoungGen      total 354304K, used 335872K [0x00000000e0000000, 0x0000000100000000, 0x0000000100000000)
  eden space 335872K, 100% used [0x00000000e0000000,0x00000000f4800000,0x00000000f4800000)
  from space 18432K, 0% used [0x00000000f4800000,0x00000000f4800000,0x00000000f5a00000)
  to   space 27136K, 0% used [0x00000000fe580000,0x00000000fe580000,0x0000000100000000)
 ParOldGen       total 142848K, used 41138K [0x00000000a0000000, 0x00000000a8b80000, 0x00000000e0000000)
  object space 142848K, 28% used [0x00000000a0000000,0x00000000a282ca20,0x00000000a8b80000)
 Metaspace       used 74009K, capacity 77516K, committed 77716K, reserved 1116160K
  class space    used 10187K, capacity 10917K, committed 10940K, reserved 1048576K
Event: 92.374 GC heap after
Heap after GC invocations=11 (full 3):
 PSYoungGen      total 479744K, used 27114K [0x00000000e0000000, 0x0000000100000000, 0x0000000100000000)
  eden space 452608K, 0% used [0x00000000e0000000,0x00000000e0000000,0x00000000fba00000)
  from space 27136K, 99% used [0x00000000fe580000,0x00000000ffffa820,0x0000000100000000)
  to   space 35840K, 0% used [0x00000000fba00000,0x00000000fba00000,0x00000000fdd00000)
 ParOldGen       total 142848K, used 51070K [0x00000000a0000000, 0x00000000a8b80000, 0x00000000e0000000)
  object space 142848K, 35% used [0x00000000a0000000,0x00000000a31df958,0x00000000a8b80000)
 Metaspace       used 74009K, capacity 77516K, committed 77716K, reserved 1116160K
  class space    used 10187K, capacity 10917K, committed 10940K, reserved 1048576K
}

