# JRE version: OpenJDK Runtime Environment (8.0_242-b01) (build 1.8.0_242-release-1644-b01)
# Java VM: OpenJDK 64-Bit Server VM (25.242-b01 mixed mode windows-amd64 compressed oops)
Heap:
 PSYoungGen      total 201728K, used 94794K [0x00000000e0000000, 0x00000000edf00000, 0x0000000100000000)
  eden space 187392K, 42% used [0x00000000e0000000,0x00000000e4e97c70,0x00000000eb700000)
  from space 14336K, 99% used [0x00000000ec980000,0x00000000ed77adf8,0x00000000ed780000)
  to   space 18944K, 0% used [0x00000000eb700000,0x00000000eb700000,0x00000000ec980000)
 ParOldGen       total 142336K, used 21428K [0x00000000a0000000, 0x00000000a8b00000, 0x00000000e0000000)
  object space 142336K, 15% used [0x00000000a0000000,0x00000000a14ed370,0x00000000a8b00000)
 Metaspace       used 54841K, capacity 57260K, committed 57560K, reserved 1099776K
  class space    used 7271K, capacity 7846K, committed 7936K, reserved 1048576K
GC Heap History (10 events):
Event: 30.698 GC heap before
{Heap before GC invocations=6 (full 1):
 PSYoungGen      total 106496K, used 97514K [0x00000000e0000000, 0x00000000ecd00000, 0x0000000100000000)
  eden space 98304K, 99% used [0x00000000e0000000,0x00000000e5f3aac0,0x00000000e6000000)
  from space 8192K, 0% used [0x00000000e6800000,0x00000000e6800000,0x00000000e7000000)
  to   space 8192K, 0% used [0x00000000e6000000,0x00000000e6000000,0x00000000e6800000)
 ParOldGen       total 93184K, used 10159K [0x00000000a0000000, 0x00000000a5b00000, 0x00000000e0000000)
  object space 93184K, 10% used [0x00000000a0000000,0x00000000a09ebfa0,0x00000000a5b00000)
 Metaspace       used 29982K, capacity 31040K, committed 31360K, reserved 1077248K
  class space    used 4126K, capacity 4418K, committed 4480K, reserved 1048576K
Event: 30.856 GC heap after
Heap after GC invocations=6 (full 1):
 PSYoungGen      total 106496K, used 8168K [0x00000000e0000000, 0x00000000ea480000, 0x0000000100000000)
  eden space 98304K, 0% used [0x00000000e0000000,0x00000000e0000000,0x00000000e6000000)
  from space 8192K, 99% used [0x00000000e6000000,0x00000000e67fa008,0x00000000e6800000)
  to   space 13824K, 0% used [0x00000000e9700000,0x00000000e9700000,0x00000000ea480000)
 ParOldGen       total 93184K, used 13339K [0x00000000a0000000, 0x00000000a5b00000, 0x00000000e0000000)
  object space 93184K, 14% used [0x00000000a0000000,0x00000000a0d06e38,0x00000000a5b00000)
 Metaspace       used 29982K, capacity 31040K, committed 31360K, reserved 1077248K
  class space    used 4126K, capacity 4418K, committed 4480K, reserved 1048576K
}
Event: 55.337 GC heap before
{Heap before GC invocations=7 (full 1):
 PSYoungGen      total 106496K, used 80080K [0x00000000e0000000, 0x00000000ea480000, 0x0000000100000000)
  eden space 98304K, 73% used [0x00000000e0000000,0x00000000e463a1f0,0x00000000e6000000)
  from space 8192K, 99% used [0x00000000e6000000,0x00000000e67fa008,0x00000000e6800000)
  to   space 13824K, 0% used [0x00000000e9700000,0x00000000e9700000,0x00000000ea480000)
 ParOldGen       total 93184K, used 13339K [0x00000000a0000000, 0x00000000a5b00000, 0x00000000e0000000)
  object space 93184K, 14% used [0x00000000a0000000,0x00000000a0d06e38,0x00000000a5b00000)
 Metaspace       used 34058K, capacity 35314K, committed 35416K, reserved 1079296K
  class space    used 4589K, capacity 4922K, committed 4992K, reserved 1048576K
Event: 55.388 GC heap after
Heap after GC invocations=7 (full 1):
 PSYoungGen      total 144896K, used 9235K [0x00000000e0000000, 0x00000000ea080000, 0x0000000100000000)
  eden space 135168K, 0% used [0x00000000e0000000,0x00000000e0000000,0x00000000e8400000)
  from space 9728K, 94% used [0x00000000e9700000,0x00000000ea004cf0,0x00000000ea080000)
  to   space 13824K, 0% used [0x00000000e8580000,0x00000000e8580000,0x00000000e9300000)
 ParOldGen       total 93184K, used 13347K [0x00000000a0000000, 0x00000000a5b00000, 0x00000000e0000000)
  object space 93184K, 14% used [0x00000000a0000000,0x00000000a0d08e38,0x00000000a5b00000)
 Metaspace       used 34058K, capacity 35314K, committed 35416K, reserved 1079296K
  class space    used 4589K, capacity 4922K, committed 4992K, reserved 1048576K
}
Event: 55.388 GC heap before
{Heap before GC invocations=8 (full 2):
 PSYoungGen      total 144896K, used 9235K [0x00000000e0000000, 0x00000000ea080000, 0x0000000100000000)
  eden space 135168K, 0% used [0x00000000e0000000,0x00000000e0000000,0x00000000e8400000)
  from space 9728K, 94% used [0x00000000e9700000,0x00000000ea004cf0,0x00000000ea080000)
  to   space 13824K, 0% used [0x00000000e8580000,0x00000000e8580000,0x00000000e9300000)
 ParOldGen       total 93184K, used 13347K [0x00000000a0000000, 0x00000000a5b00000, 0x00000000e0000000)
  object space 93184K, 14% used [0x00000000a0000000,0x00000000a0d08e38,0x00000000a5b00000)
 Metaspace       used 34058K, capacity 35314K, committed 35416K, reserved 1079296K
  class space    used 4589K, capacity 4922K, committed 4992K, reserved 1048576K
Event: 55.577 GC heap after
Heap after GC invocations=8 (full 2):
 PSYoungGen      total 144896K, used 0K [0x00000000e0000000, 0x00000000ea080000, 0x0000000100000000)
  eden space 135168K, 0% used [0x00000000e0000000,0x00000000e0000000,0x00000000e8400000)
  from space 9728K, 0% used [0x00000000e9700000,0x00000000e9700000,0x00000000ea080000)
  to   space 13824K, 0% used [0x00000000e8580000,0x00000000e8580000,0x00000000e9300000)
 ParOldGen       total 142336K, used 15331K [0x00000000a0000000, 0x00000000a8b00000, 0x00000000e0000000)
  object space 142336K, 10% used [0x00000000a0000000,0x00000000a0ef8e98,0x00000000a8b00000)
 Metaspace       used 34058K, capacity 35314K, committed 35416K, reserved 1079296K
  class space    used 4589K, capacity 4922K, committed 4992K, reserved 1048576K
}
Event: 75.238 GC heap before
{Heap before GC invocations=9 (full 2):
 PSYoungGen      total 144896K, used 135168K [0x00000000e0000000, 0x00000000ea080000, 0x0000000100000000)
  eden space 135168K, 100% used [0x00000000e0000000,0x00000000e8400000,0x00000000e8400000)
  from space 9728K, 0% used [0x00000000e9700000,0x00000000e9700000,0x00000000ea080000)
  to   space 13824K, 0% used [0x00000000e8580000,0x00000000e8580000,0x00000000e9300000)
 ParOldGen       total 142336K, used 15331K [0x00000000a0000000, 0x00000000a8b00000, 0x00000000e0000000)
  object space 142336K, 10% used [0x00000000a0000000,0x00000000a0ef8e98,0x00000000a8b00000)
 Metaspace       used 39034K, capacity 40822K, committed 41048K, reserved 1085440K
  class space    used 5335K, capacity 5738K, committed 5760K, reserved 1048576K
Event: 75.290 GC heap after
Heap after GC invocations=9 (full 2):
 PSYoungGen      total 150528K, used 11462K [0x00000000e0000000, 0x00000000ed780000, 0x0000000100000000)
  eden space 136704K, 0% used [0x00000000e0000000,0x00000000e0000000,0x00000000e8580000)
  from space 13824K, 82% used [0x00000000e8580000,0x00000000e90b1b00,0x00000000e9300000)
  to   space 14336K, 0% used [0x00000000ec980000,0x00000000ec980000,0x00000000ed780000)
 ParOldGen       total 142336K, used 15339K [0x00000000a0000000, 0x00000000a8b00000, 0x00000000e0000000)
  object space 142336K, 10% used [0x00000000a0000000,0x00000000a0efae98,0x00000000a8b00000)
 Metaspace       used 39034K, capacity 40822K, committed 41048K, reserved 1085440K
  class space    used 5335K, capacity 5738K, committed 5760K, reserved 1048576K
}
Event: 89.557 GC heap before
{Heap before GC invocations=10 (full 2):
 PSYoungGen      total 150528K, used 148166K [0x00000000e0000000, 0x00000000ed780000, 0x0000000100000000)
  eden space 136704K, 100% used [0x00000000e0000000,0x00000000e8580000,0x00000000e8580000)
  from space 13824K, 82% used [0x00000000e8580000,0x00000000e90b1b00,0x00000000e9300000)
  to   space 14336K, 0% used [0x00000000ec980000,0x00000000ec980000,0x00000000ed780000)
 ParOldGen       total 142336K, used 15339K [0x00000000a0000000, 0x00000000a8b00000, 0x00000000e0000000)
  object space 142336K, 10% used [0x00000000a0000000,0x00000000a0efae98,0x00000000a8b00000)
 Metaspace       used 51266K, capacity 53464K, committed 53592K, reserved 1095680K
  class space    used 6828K, capacity 7290K, committed 7296K, reserved 1048576K
Event: 89.627 GC heap after
Heap after GC invocations=10 (full 2):
 PSYoungGen      total 201728K, used 14315K [0x00000000e0000000, 0x00000000edf00000, 0x0000000100000000)
  eden space 187392K, 0% used [0x00000000e0000000,0x00000000e0000000,0x00000000eb700000)
  from space 14336K, 99% used [0x00000000ec980000,0x00000000ed77adf8,0x00000000ed780000)
  to   space 18944K, 0% used [0x00000000eb700000,0x00000000eb700000,0x00000000ec980000)
 ParOldGen       total 142336K, used 21428K [0x00000000a0000000, 0x00000000a8b00000, 0x00000000e0000000)
  object space 142336K, 15% used [0x00000000a0000000,0x00000000a14ed370,0x00000000a8b00000)
 Metaspace       used 51266K, capacity 53464K, committed 53592K, reserved 1095680K
  class space    used 6828K, capacity 7290K, committed 7296K, reserved 1048576K
}

