# JRE version: OpenJDK Runtime Environment (8.0_242-b01) (build 1.8.0_242-release-1644-b01)
# Java VM: OpenJDK 64-Bit Server VM (25.242-b01 mixed mode windows-amd64 compressed oops)
Heap:
 PSYoungGen      total 373760K, used 120556K [0x00000000d5580000, 0x00000000fa200000, 0x0000000100000000)
  eden space 354304K, 34% used [0x00000000d5580000,0x00000000dcb3b2e0,0x00000000eaf80000)
  from space 19456K, 0% used [0x00000000eaf80000,0x00000000eaf80000,0x00000000ec280000)
  to   space 26624K, 0% used [0x00000000f8800000,0x00000000f8800000,0x00000000fa200000)
 ParOldGen       total 144384K, used 39421K [0x0000000080000000, 0x0000000088d00000, 0x00000000d5580000)
  object space 144384K, 27% used [0x0000000080000000,0x000000008267f728,0x0000000088d00000)
 Metaspace       used 63302K, capacity 66144K, committed 66392K, reserved 1105920K
  class space    used 8618K, capacity 9245K, committed 9304K, reserved 1048576K
GC Heap History (10 events):
Event: 27.194 GC heap before
{Heap before GC invocations=6 (full 1):
 PSYoungGen      total 204800K, used 175266K [0x00000000d5580000, 0x00000000e2580000, 0x0000000100000000)
  eden space 196608K, 89% used [0x00000000d5580000,0x00000000e00a8940,0x00000000e1580000)
  from space 8192K, 0% used [0x00000000e1d80000,0x00000000e1d80000,0x00000000e2580000)
  to   space 8192K, 0% used [0x00000000e1580000,0x00000000e1580000,0x00000000e1d80000)
 ParOldGen       total 68608K, used 7433K [0x0000000080000000, 0x0000000084300000, 0x00000000d5580000)
  object space 68608K, 10% used [0x0000000080000000,0x0000000080742500,0x0000000084300000)
 Metaspace       used 34076K, capacity 35382K, committed 35416K, reserved 1079296K
  class space    used 4602K, capacity 4946K, committed 4952K, reserved 1048576K
Event: 27.213 GC heap after
Heap after GC invocations=6 (full 1):
 PSYoungGen      total 204800K, used 8189K [0x00000000d5580000, 0x00000000ed880000, 0x0000000100000000)
  eden space 196608K, 0% used [0x00000000d5580000,0x00000000d5580000,0x00000000e1580000)
  from space 8192K, 99% used [0x00000000e1580000,0x00000000e1d7f6d0,0x00000000e1d80000)
  to   space 17920K, 0% used [0x00000000ec700000,0x00000000ec700000,0x00000000ed880000)
 ParOldGen       total 68608K, used 15389K [0x0000000080000000, 0x0000000084300000, 0x00000000d5580000)
  object space 68608K, 22% used [0x0000000080000000,0x0000000080f076b0,0x0000000084300000)
 Metaspace       used 34076K, capacity 35382K, committed 35416K, reserved 1079296K
  class space    used 4602K, capacity 4946K, committed 4952K, reserved 1048576K
}
Event: 27.213 GC heap before
{Heap before GC invocations=7 (full 2):
 PSYoungGen      total 204800K, used 8189K [0x00000000d5580000, 0x00000000ed880000, 0x0000000100000000)
  eden space 196608K, 0% used [0x00000000d5580000,0x00000000d5580000,0x00000000e1580000)
  from space 8192K, 99% used [0x00000000e1580000,0x00000000e1d7f6d0,0x00000000e1d80000)
  to   space 17920K, 0% used [0x00000000ec700000,0x00000000ec700000,0x00000000ed880000)
 ParOldGen       total 68608K, used 15389K [0x0000000080000000, 0x0000000084300000, 0x00000000d5580000)
  object space 68608K, 22% used [0x0000000080000000,0x0000000080f076b0,0x0000000084300000)
 Metaspace       used 34076K, capacity 35382K, committed 35416K, reserved 1079296K
  class space    used 4602K, capacity 4946K, committed 4952K, reserved 1048576K
Event: 27.347 GC heap after
Heap after GC invocations=7 (full 2):
 PSYoungGen      total 204800K, used 0K [0x00000000d5580000, 0x00000000ed880000, 0x0000000100000000)
  eden space 196608K, 0% used [0x00000000d5580000,0x00000000d5580000,0x00000000e1580000)
  from space 8192K, 0% used [0x00000000e1580000,0x00000000e1580000,0x00000000e1d80000)
  to   space 17920K, 0% used [0x00000000ec700000,0x00000000ec700000,0x00000000ed880000)
 ParOldGen       total 103936K, used 21838K [0x0000000080000000, 0x0000000086580000, 0x00000000d5580000)
  object space 103936K, 21% used [0x0000000080000000,0x0000000081553b18,0x0000000086580000)
 Metaspace       used 34076K, capacity 35382K, committed 35416K, reserved 1079296K
  class space    used 4602K, capacity 4946K, committed 4952K, reserved 1048576K
}
Event: 39.297 GC heap before
{Heap before GC invocations=8 (full 2):
 PSYoungGen      total 204800K, used 196608K [0x00000000d5580000, 0x00000000ed880000, 0x0000000100000000)
  eden space 196608K, 100% used [0x00000000d5580000,0x00000000e1580000,0x00000000e1580000)
  from space 8192K, 0% used [0x00000000e1580000,0x00000000e1580000,0x00000000e1d80000)
  to   space 17920K, 0% used [0x00000000ec700000,0x00000000ec700000,0x00000000ed880000)
 ParOldGen       total 103936K, used 21838K [0x0000000080000000, 0x0000000086580000, 0x00000000d5580000)
  object space 103936K, 21% used [0x0000000080000000,0x0000000081553b18,0x0000000086580000)
 Metaspace       used 42630K, capacity 44804K, committed 45016K, reserved 1087488K
  class space    used 5817K, capacity 6306K, committed 6360K, reserved 1048576K
Event: 39.314 GC heap after
Heap after GC invocations=8 (full 2):
 PSYoungGen      total 337408K, used 14480K [0x00000000d5580000, 0x00000000ed580000, 0x0000000100000000)
  eden space 322560K, 0% used [0x00000000d5580000,0x00000000d5580000,0x00000000e9080000)
  from space 14848K, 97% used [0x00000000ec700000,0x00000000ed524360,0x00000000ed580000)
  to   space 19456K, 0% used [0x00000000eaf80000,0x00000000eaf80000,0x00000000ec280000)
 ParOldGen       total 103936K, used 21846K [0x0000000080000000, 0x0000000086580000, 0x00000000d5580000)
  object space 103936K, 21% used [0x0000000080000000,0x0000000081555b18,0x0000000086580000)
 Metaspace       used 42630K, capacity 44804K, committed 45016K, reserved 1087488K
  class space    used 5817K, capacity 6306K, committed 6360K, reserved 1048576K
}
Event: 45.424 GC heap before
{Heap before GC invocations=9 (full 2):
 PSYoungGen      total 337408K, used 183056K [0x00000000d5580000, 0x00000000ed580000, 0x0000000100000000)
  eden space 322560K, 52% used [0x00000000d5580000,0x00000000dfa1ff10,0x00000000e9080000)
  from space 14848K, 97% used [0x00000000ec700000,0x00000000ed524360,0x00000000ed580000)
  to   space 19456K, 0% used [0x00000000eaf80000,0x00000000eaf80000,0x00000000ec280000)
 ParOldGen       total 103936K, used 21846K [0x0000000080000000, 0x0000000086580000, 0x00000000d5580000)
  object space 103936K, 21% used [0x0000000080000000,0x0000000081555b18,0x0000000086580000)
 Metaspace       used 56415K, capacity 58956K, committed 59028K, reserved 1099776K
  class space    used 7553K, capacity 8128K, committed 8152K, reserved 1048576K
Event: 45.630 GC heap after
Heap after GC invocations=9 (full 2):
 PSYoungGen      total 373760K, used 19446K [0x00000000d5580000, 0x00000000fa200000, 0x0000000100000000)
  eden space 354304K, 0% used [0x00000000d5580000,0x00000000d5580000,0x00000000eaf80000)
  from space 19456K, 99% used [0x00000000eaf80000,0x00000000ec27dae8,0x00000000ec280000)
  to   space 26624K, 0% used [0x00000000f8800000,0x00000000f8800000,0x00000000fa200000)
 ParOldGen       total 103936K, used 29442K [0x0000000080000000, 0x0000000086580000, 0x00000000d5580000)
  object space 103936K, 28% used [0x0000000080000000,0x0000000081cc0a60,0x0000000086580000)
 Metaspace       used 56415K, capacity 58956K, committed 59028K, reserved 1099776K
  class space    used 7553K, capacity 8128K, committed 8152K, reserved 1048576K
}
Event: 45.630 GC heap before
{Heap before GC invocations=10 (full 3):
 PSYoungGen      total 373760K, used 19446K [0x00000000d5580000, 0x00000000fa200000, 0x0000000100000000)
  eden space 354304K, 0% used [0x00000000d5580000,0x00000000d5580000,0x00000000eaf80000)
  from space 19456K, 99% used [0x00000000eaf80000,0x00000000ec27dae8,0x00000000ec280000)
  to   space 26624K, 0% used [0x00000000f8800000,0x00000000f8800000,0x00000000fa200000)
 ParOldGen       total 103936K, used 29442K [0x0000000080000000, 0x0000000086580000, 0x00000000d5580000)
  object space 103936K, 28% used [0x0000000080000000,0x0000000081cc0a60,0x0000000086580000)
 Metaspace       used 56415K, capacity 58956K, committed 59028K, reserved 1099776K
  class space    used 7553K, capacity 8128K, committed 8152K, reserved 1048576K
Event: 46.308 GC heap after
Heap after GC invocations=10 (full 3):
 PSYoungGen      total 373760K, used 0K [0x00000000d5580000, 0x00000000fa200000, 0x0000000100000000)
  eden space 354304K, 0% used [0x00000000d5580000,0x00000000d5580000,0x00000000eaf80000)
  from space 19456K, 0% used [0x00000000eaf80000,0x00000000eaf80000,0x00000000ec280000)
  to   space 26624K, 0% used [0x00000000f8800000,0x00000000f8800000,0x00000000fa200000)
 ParOldGen       total 144384K, used 39421K [0x0000000080000000, 0x0000000088d00000, 0x00000000d5580000)
  object space 144384K, 27% used [0x0000000080000000,0x000000008267f728,0x0000000088d00000)
 Metaspace       used 56391K, capacity 58878K, committed 59028K, reserved 1099776K
  class space    used 7545K, capacity 8115K, committed 8152K, reserved 1048576K
}

