# JRE version: OpenJDK Runtime Environment (8.0_242-b01) (build 1.8.0_242-release-1644-b01)
# Java VM: OpenJDK 64-Bit Server VM (25.242-b01 mixed mode windows-amd64 compressed oops)
Heap:
 PSYoungGen      total 366592K, used 6995K [0x00000000d5580000, 0x00000000ecf80000, 0x0000000100000000)
  eden space 351744K, 1% used [0x00000000d5580000,0x00000000d5c54ea8,0x00000000ead00000)
  from space 14848K, 0% used [0x00000000ead00000,0x00000000ead00000,0x00000000ebb80000)
  to   space 12800K, 0% used [0x00000000ebb80000,0x00000000ebb80000,0x00000000ec800000)
 ParOldGen       total 118272K, used 39957K [0x0000000080000000, 0x0000000087380000, 0x00000000d5580000)
  object space 118272K, 33% used [0x0000000080000000,0x00000000827054b8,0x0000000087380000)
 Metaspace       used 56478K, capacity 59028K, committed 59284K, reserved 1099776K
  class space    used 7539K, capacity 8122K, committed 8192K, reserved 1048576K
GC Heap History (10 events):
Event: 26.911 GC heap before
{Heap before GC invocations=8 (full 1):
 PSYoungGen      total 198656K, used 80241K [0x00000000d5580000, 0x00000000e2b80000, 0x0000000100000000)
  eden space 187904K, 37% used [0x00000000d5580000,0x00000000d99b4d50,0x00000000e0d00000)
  from space 10752K, 96% used [0x00000000e2100000,0x00000000e2b276e0,0x00000000e2b80000)
  to   space 12800K, 0% used [0x00000000e1280000,0x00000000e1280000,0x00000000e1f00000)
 ParOldGen       total 62464K, used 7257K [0x0000000080000000, 0x0000000083d00000, 0x00000000d5580000)
  object space 62464K, 11% used [0x0000000080000000,0x00000000807167e0,0x0000000083d00000)
 Metaspace       used 34038K, capacity 35314K, committed 35416K, reserved 1079296K
  class space    used 4593K, capacity 4922K, committed 4992K, reserved 1048576K
Event: 26.926 GC heap after
Heap after GC invocations=8 (full 1):
 PSYoungGen      total 206336K, used 9683K [0x00000000d5580000, 0x00000000ec800000, 0x0000000100000000)
  eden space 193536K, 0% used [0x00000000d5580000,0x00000000d5580000,0x00000000e1280000)
  from space 12800K, 75% used [0x00000000e1280000,0x00000000e1bf4ff8,0x00000000e1f00000)
  to   space 12800K, 0% used [0x00000000ebb80000,0x00000000ebb80000,0x00000000ec800000)
 ParOldGen       total 62464K, used 7265K [0x0000000080000000, 0x0000000083d00000, 0x00000000d5580000)
  object space 62464K, 11% used [0x0000000080000000,0x00000000807187e0,0x0000000083d00000)
 Metaspace       used 34038K, capacity 35314K, committed 35416K, reserved 1079296K
  class space    used 4593K, capacity 4922K, committed 4992K, reserved 1048576K
}
Event: 26.926 GC heap before
{Heap before GC invocations=9 (full 2):
 PSYoungGen      total 206336K, used 9683K [0x00000000d5580000, 0x00000000ec800000, 0x0000000100000000)
  eden space 193536K, 0% used [0x00000000d5580000,0x00000000d5580000,0x00000000e1280000)
  from space 12800K, 75% used [0x00000000e1280000,0x00000000e1bf4ff8,0x00000000e1f00000)
  to   space 12800K, 0% used [0x00000000ebb80000,0x00000000ebb80000,0x00000000ec800000)
 ParOldGen       total 62464K, used 7265K [0x0000000080000000, 0x0000000083d00000, 0x00000000d5580000)
  object space 62464K, 11% used [0x0000000080000000,0x00000000807187e0,0x0000000083d00000)
 Metaspace       used 34038K, capacity 35314K, committed 35416K, reserved 1079296K
  class space    used 4593K, capacity 4922K, committed 4992K, reserved 1048576K
Event: 27.062 GC heap after
Heap after GC invocations=9 (full 2):
 PSYoungGen      total 206336K, used 0K [0x00000000d5580000, 0x00000000ec800000, 0x0000000100000000)
  eden space 193536K, 0% used [0x00000000d5580000,0x00000000d5580000,0x00000000e1280000)
  from space 12800K, 0% used [0x00000000e1280000,0x00000000e1280000,0x00000000e1f00000)
  to   space 12800K, 0% used [0x00000000ebb80000,0x00000000ebb80000,0x00000000ec800000)
 ParOldGen       total 78848K, used 15639K [0x0000000080000000, 0x0000000084d00000, 0x00000000d5580000)
  object space 78848K, 19% used [0x0000000080000000,0x0000000080f45d58,0x0000000084d00000)
 Metaspace       used 34038K, capacity 35314K, committed 35416K, reserved 1079296K
  class space    used 4593K, capacity 4922K, committed 4992K, reserved 1048576K
}
Event: 41.714 GC heap before
{Heap before GC invocations=10 (full 2):
 PSYoungGen      total 206336K, used 193536K [0x00000000d5580000, 0x00000000ec800000, 0x0000000100000000)
  eden space 193536K, 100% used [0x00000000d5580000,0x00000000e1280000,0x00000000e1280000)
  from space 12800K, 0% used [0x00000000e1280000,0x00000000e1280000,0x00000000e1f00000)
  to   space 12800K, 0% used [0x00000000ebb80000,0x00000000ebb80000,0x00000000ec800000)
 ParOldGen       total 78848K, used 15639K [0x0000000080000000, 0x0000000084d00000, 0x00000000d5580000)
  object space 78848K, 19% used [0x0000000080000000,0x0000000080f45d58,0x0000000084d00000)
 Metaspace       used 41835K, capacity 43942K, committed 44120K, reserved 1087488K
  class space    used 5733K, capacity 6187K, committed 6272K, reserved 1048576K
Event: 42.373 GC heap after
Heap after GC invocations=10 (full 2):
 PSYoungGen      total 364544K, used 12775K [0x00000000d5580000, 0x00000000ecf80000, 0x0000000100000000)
  eden space 351744K, 0% used [0x00000000d5580000,0x00000000d5580000,0x00000000ead00000)
  from space 12800K, 99% used [0x00000000ebb80000,0x00000000ec7f9f00,0x00000000ec800000)
  to   space 14848K, 0% used [0x00000000ead00000,0x00000000ead00000,0x00000000ebb80000)
 ParOldGen       total 78848K, used 16735K [0x0000000080000000, 0x0000000084d00000, 0x00000000d5580000)
  object space 78848K, 21% used [0x0000000080000000,0x0000000081057d08,0x0000000084d00000)
 Metaspace       used 41835K, capacity 43942K, committed 44120K, reserved 1087488K
  class space    used 5733K, capacity 6187K, committed 6272K, reserved 1048576K
}
Event: 51.724 GC heap before
{Heap before GC invocations=11 (full 2):
 PSYoungGen      total 364544K, used 196059K [0x00000000d5580000, 0x00000000ecf80000, 0x0000000100000000)
  eden space 351744K, 52% used [0x00000000d5580000,0x00000000e087ce20,0x00000000ead00000)
  from space 12800K, 99% used [0x00000000ebb80000,0x00000000ec7f9f00,0x00000000ec800000)
  to   space 14848K, 0% used [0x00000000ead00000,0x00000000ead00000,0x00000000ebb80000)
 ParOldGen       total 78848K, used 16735K [0x0000000080000000, 0x0000000084d00000, 0x00000000d5580000)
  object space 78848K, 21% used [0x0000000080000000,0x0000000081057d08,0x0000000084d00000)
 Metaspace       used 56322K, capacity 58880K, committed 59028K, reserved 1099776K
  class space    used 7500K, capacity 8100K, committed 8192K, reserved 1048576K
Event: 51.812 GC heap after
Heap after GC invocations=11 (full 2):
 PSYoungGen      total 366592K, used 14836K [0x00000000d5580000, 0x00000000ecf80000, 0x0000000100000000)
  eden space 351744K, 0% used [0x00000000d5580000,0x00000000d5580000,0x00000000ead00000)
  from space 14848K, 99% used [0x00000000ead00000,0x00000000ebb7d300,0x00000000ebb80000)
  to   space 12800K, 0% used [0x00000000ebb80000,0x00000000ebb80000,0x00000000ec800000)
 ParOldGen       total 78848K, used 29937K [0x0000000080000000, 0x0000000084d00000, 0x00000000d5580000)
  object space 78848K, 37% used [0x0000000080000000,0x0000000081d3c620,0x0000000084d00000)
 Metaspace       used 56322K, capacity 58880K, committed 59028K, reserved 1099776K
  class space    used 7500K, capacity 8100K, committed 8192K, reserved 1048576K
}
Event: 51.812 GC heap before
{Heap before GC invocations=12 (full 3):
 PSYoungGen      total 366592K, used 14836K [0x00000000d5580000, 0x00000000ecf80000, 0x0000000100000000)
  eden space 351744K, 0% used [0x00000000d5580000,0x00000000d5580000,0x00000000ead00000)
  from space 14848K, 99% used [0x00000000ead00000,0x00000000ebb7d300,0x00000000ebb80000)
  to   space 12800K, 0% used [0x00000000ebb80000,0x00000000ebb80000,0x00000000ec800000)
 ParOldGen       total 78848K, used 29937K [0x0000000080000000, 0x0000000084d00000, 0x00000000d5580000)
  object space 78848K, 37% used [0x0000000080000000,0x0000000081d3c620,0x0000000084d00000)
 Metaspace       used 56322K, capacity 58880K, committed 59028K, reserved 1099776K
  class space    used 7500K, capacity 8100K, committed 8192K, reserved 1048576K
Event: 52.409 GC heap after
Heap after GC invocations=12 (full 3):
 PSYoungGen      total 366592K, used 0K [0x00000000d5580000, 0x00000000ecf80000, 0x0000000100000000)
  eden space 351744K, 0% used [0x00000000d5580000,0x00000000d5580000,0x00000000ead00000)
  from space 14848K, 0% used [0x00000000ead00000,0x00000000ead00000,0x00000000ebb80000)
  to   space 12800K, 0% used [0x00000000ebb80000,0x00000000ebb80000,0x00000000ec800000)
 ParOldGen       total 118272K, used 39957K [0x0000000080000000, 0x0000000087380000, 0x00000000d5580000)
  object space 118272K, 33% used [0x0000000080000000,0x00000000827054b8,0x0000000087380000)
 Metaspace       used 56297K, capacity 58796K, committed 59028K, reserved 1099776K
  class space    used 7493K, capacity 8086K, committed 8192K, reserved 1048576K
}

