# JRE version: OpenJDK Runtime Environment (8.0_242-b01) (build 1.8.0_242-release-1644-b01)
# Java VM: OpenJDK 64-Bit Server VM (25.242-b01 mixed mode windows-amd64 compressed oops)
Heap:
 PSYoungGen      total 311296K, used 13868K [0x00000000d5580000, 0x00000000f1e80000, 0x0000000100000000)
  eden space 292352K, 4% used [0x00000000d5580000,0x00000000d630b138,0x00000000e7300000)
  from space 18944K, 0% used [0x00000000e7300000,0x00000000e7300000,0x00000000e8580000)
  to   space 27136K, 0% used [0x00000000f0400000,0x00000000f0400000,0x00000000f1e80000)
 ParOldGen       total 191488K, used 41188K [0x0000000080000000, 0x000000008bb00000, 0x00000000d5580000)
  object space 191488K, 21% used [0x0000000080000000,0x00000000828392b0,0x000000008bb00000)
 Metaspace       used 57475K, capacity 59984K, committed 60120K, reserved 1101824K
  class space    used 7759K, capacity 8350K, committed 8448K, reserved 1048576K
GC Heap History (10 events):
Event: 38.131 GC heap before
{Heap before GC invocations=6 (full 1):
 PSYoungGen      total 204800K, used 169386K [0x00000000d5580000, 0x00000000e2580000, 0x0000000100000000)
  eden space 196608K, 86% used [0x00000000d5580000,0x00000000dfaeabb0,0x00000000e1580000)
  from space 8192K, 0% used [0x00000000e1d80000,0x00000000e1d80000,0x00000000e2580000)
  to   space 8192K, 0% used [0x00000000e1580000,0x00000000e1580000,0x00000000e1d80000)
 ParOldGen       total 83456K, used 7676K [0x0000000080000000, 0x0000000085180000, 0x00000000d5580000)
  object space 83456K, 9% used [0x0000000080000000,0x000000008077f108,0x0000000085180000)
 Metaspace       used 33990K, capacity 35350K, committed 35416K, reserved 1079296K
  class space    used 4602K, capacity 4978K, committed 4992K, reserved 1048576K
Event: 38.189 GC heap after
Heap after GC invocations=6 (full 1):
 PSYoungGen      total 204800K, used 8168K [0x00000000d5580000, 0x00000000e9b00000, 0x0000000100000000)
  eden space 196608K, 0% used [0x00000000d5580000,0x00000000d5580000,0x00000000e1580000)
  from space 8192K, 99% used [0x00000000e1580000,0x00000000e1d7a010,0x00000000e1d80000)
  to   space 17408K, 0% used [0x00000000e8a00000,0x00000000e8a00000,0x00000000e9b00000)
 ParOldGen       total 83456K, used 14926K [0x0000000080000000, 0x0000000085180000, 0x00000000d5580000)
  object space 83456K, 17% used [0x0000000080000000,0x0000000080e93be8,0x0000000085180000)
 Metaspace       used 33990K, capacity 35350K, committed 35416K, reserved 1079296K
  class space    used 4602K, capacity 4978K, committed 4992K, reserved 1048576K
}
Event: 38.189 GC heap before
{Heap before GC invocations=7 (full 2):
 PSYoungGen      total 204800K, used 8168K [0x00000000d5580000, 0x00000000e9b00000, 0x0000000100000000)
  eden space 196608K, 0% used [0x00000000d5580000,0x00000000d5580000,0x00000000e1580000)
  from space 8192K, 99% used [0x00000000e1580000,0x00000000e1d7a010,0x00000000e1d80000)
  to   space 17408K, 0% used [0x00000000e8a00000,0x00000000e8a00000,0x00000000e9b00000)
 ParOldGen       total 83456K, used 14926K [0x0000000080000000, 0x0000000085180000, 0x00000000d5580000)
  object space 83456K, 17% used [0x0000000080000000,0x0000000080e93be8,0x0000000085180000)
 Metaspace       used 33990K, capacity 35350K, committed 35416K, reserved 1079296K
  class space    used 4602K, capacity 4978K, committed 4992K, reserved 1048576K
Event: 38.404 GC heap after
Heap after GC invocations=7 (full 2):
 PSYoungGen      total 204800K, used 0K [0x00000000d5580000, 0x00000000e9b00000, 0x0000000100000000)
  eden space 196608K, 0% used [0x00000000d5580000,0x00000000d5580000,0x00000000e1580000)
  from space 8192K, 0% used [0x00000000e1580000,0x00000000e1580000,0x00000000e1d80000)
  to   space 17408K, 0% used [0x00000000e8a00000,0x00000000e8a00000,0x00000000e9b00000)
 ParOldGen       total 135680K, used 21237K [0x0000000080000000, 0x0000000088480000, 0x00000000d5580000)
  object space 135680K, 15% used [0x0000000080000000,0x00000000814bd5b0,0x0000000088480000)
 Metaspace       used 33990K, capacity 35350K, committed 35416K, reserved 1079296K
  class space    used 4602K, capacity 4978K, committed 4992K, reserved 1048576K
}
Event: 72.143 GC heap before
{Heap before GC invocations=8 (full 2):
 PSYoungGen      total 204800K, used 196608K [0x00000000d5580000, 0x00000000e9b00000, 0x0000000100000000)
  eden space 196608K, 100% used [0x00000000d5580000,0x00000000e1580000,0x00000000e1580000)
  from space 8192K, 0% used [0x00000000e1580000,0x00000000e1580000,0x00000000e1d80000)
  to   space 17408K, 0% used [0x00000000e8a00000,0x00000000e8a00000,0x00000000e9b00000)
 ParOldGen       total 135680K, used 21237K [0x0000000080000000, 0x0000000088480000, 0x00000000d5580000)
  object space 135680K, 15% used [0x0000000080000000,0x00000000814bd5b0,0x0000000088480000)
 Metaspace       used 43103K, capacity 45206K, committed 45272K, reserved 1087488K
  class space    used 5849K, capacity 6339K, committed 6400K, reserved 1048576K
Event: 72.254 GC heap after
Heap after GC invocations=8 (full 2):
 PSYoungGen      total 299520K, used 14178K [0x00000000d5580000, 0x00000000e9800000, 0x0000000100000000)
  eden space 285184K, 0% used [0x00000000d5580000,0x00000000d5580000,0x00000000e6c00000)
  from space 14336K, 98% used [0x00000000e8a00000,0x00000000e97d88e8,0x00000000e9800000)
  to   space 18944K, 0% used [0x00000000e7300000,0x00000000e7300000,0x00000000e8580000)
 ParOldGen       total 135680K, used 21309K [0x0000000080000000, 0x0000000088480000, 0x00000000d5580000)
  object space 135680K, 15% used [0x0000000080000000,0x00000000814cf5c0,0x0000000088480000)
 Metaspace       used 43103K, capacity 45206K, committed 45272K, reserved 1087488K
  class space    used 5849K, capacity 6339K, committed 6400K, reserved 1048576K
}
Event: 89.798 GC heap before
{Heap before GC invocations=9 (full 2):
 PSYoungGen      total 299520K, used 193613K [0x00000000d5580000, 0x00000000e9800000, 0x0000000100000000)
  eden space 285184K, 62% used [0x00000000d5580000,0x00000000e04baca8,0x00000000e6c00000)
  from space 14336K, 98% used [0x00000000e8a00000,0x00000000e97d88e8,0x00000000e9800000)
  to   space 18944K, 0% used [0x00000000e7300000,0x00000000e7300000,0x00000000e8580000)
 ParOldGen       total 135680K, used 21309K [0x0000000080000000, 0x0000000088480000, 0x00000000d5580000)
  object space 135680K, 15% used [0x0000000080000000,0x00000000814cf5c0,0x0000000088480000)
 Metaspace       used 56462K, capacity 58974K, committed 59028K, reserved 1099776K
  class space    used 7537K, capacity 8145K, committed 8192K, reserved 1048576K
Event: 89.976 GC heap after
Heap after GC invocations=9 (full 2):
 PSYoungGen      total 311296K, used 18938K [0x00000000d5580000, 0x00000000f1e80000, 0x0000000100000000)
  eden space 292352K, 0% used [0x00000000d5580000,0x00000000d5580000,0x00000000e7300000)
  from space 18944K, 99% used [0x00000000e7300000,0x00000000e857e850,0x00000000e8580000)
  to   space 27136K, 0% used [0x00000000f0400000,0x00000000f0400000,0x00000000f1e80000)
 ParOldGen       total 135680K, used 31270K [0x0000000080000000, 0x0000000088480000, 0x00000000d5580000)
  object space 135680K, 23% used [0x0000000080000000,0x0000000081e89b50,0x0000000088480000)
 Metaspace       used 56462K, capacity 58974K, committed 59028K, reserved 1099776K
  class space    used 7537K, capacity 8145K, committed 8192K, reserved 1048576K
}
Event: 89.976 GC heap before
{Heap before GC invocations=10 (full 3):
 PSYoungGen      total 311296K, used 18938K [0x00000000d5580000, 0x00000000f1e80000, 0x0000000100000000)
  eden space 292352K, 0% used [0x00000000d5580000,0x00000000d5580000,0x00000000e7300000)
  from space 18944K, 99% used [0x00000000e7300000,0x00000000e857e850,0x00000000e8580000)
  to   space 27136K, 0% used [0x00000000f0400000,0x00000000f0400000,0x00000000f1e80000)
 ParOldGen       total 135680K, used 31270K [0x0000000080000000, 0x0000000088480000, 0x00000000d5580000)
  object space 135680K, 23% used [0x0000000080000000,0x0000000081e89b50,0x0000000088480000)
 Metaspace       used 56462K, capacity 58974K, committed 59028K, reserved 1099776K
  class space    used 7537K, capacity 8145K, committed 8192K, reserved 1048576K
Event: 90.319 GC heap after
Heap after GC invocations=10 (full 3):
 PSYoungGen      total 311296K, used 0K [0x00000000d5580000, 0x00000000f1e80000, 0x0000000100000000)
  eden space 292352K, 0% used [0x00000000d5580000,0x00000000d5580000,0x00000000e7300000)
  from space 18944K, 0% used [0x00000000e7300000,0x00000000e7300000,0x00000000e8580000)
  to   space 27136K, 0% used [0x00000000f0400000,0x00000000f0400000,0x00000000f1e80000)
 ParOldGen       total 191488K, used 41188K [0x0000000080000000, 0x000000008bb00000, 0x00000000d5580000)
  object space 191488K, 21% used [0x0000000080000000,0x00000000828392b0,0x000000008bb00000)
 Metaspace       used 56462K, capacity 58974K, committed 59028K, reserved 1099776K
  class space    used 7537K, capacity 8145K, committed 8192K, reserved 1048576K
}

