# JRE version: OpenJDK Runtime Environment (8.0_242-b01) (build 1.8.0_242-release-1644-b01)
# Java VM: OpenJDK 64-Bit Server VM (25.242-b01 mixed mode windows-amd64 compressed oops)
Heap:
 PSYoungGen      total 367104K, used 21476K [0x00000000e0000000, 0x00000000f9780000, 0x0000000100000000)
  eden space 345600K, 0% used [0x00000000e0000000,0x00000000e0000000,0x00000000f5180000)
  from space 21504K, 99% used [0x00000000f5180000,0x00000000f6679310,0x00000000f6680000)
  to   space 30720K, 0% used [0x00000000f7980000,0x00000000f7980000,0x00000000f9780000)
 ParOldGen       total 126976K, used 33672K [0x00000000a0000000, 0x00000000a7c00000, 0x00000000e0000000)
  object space 126976K, 26% used [0x00000000a0000000,0x00000000a20e23c8,0x00000000a7c00000)
 Metaspace       used 56357K, capacity 58986K, committed 59028K, reserved 1099776K
  class space    used 7516K, capacity 8107K, committed 8124K, reserved 1048576K
GC Heap History (10 events):
Event: 6.815 GC heap after
Heap after GC invocations=5 (full 1):
 PSYoungGen      total 204800K, used 0K [0x00000000e0000000, 0x00000000ed000000, 0x0000000100000000)
  eden space 196608K, 0% used [0x00000000e0000000,0x00000000e0000000,0x00000000ec000000)
  from space 8192K, 0% used [0x00000000ec800000,0x00000000ec800000,0x00000000ed000000)
  to   space 8192K, 0% used [0x00000000ec000000,0x00000000ec000000,0x00000000ec800000)
 ParOldGen       total 71168K, used 7725K [0x00000000a0000000, 0x00000000a4580000, 0x00000000e0000000)
  object space 71168K, 10% used [0x00000000a0000000,0x00000000a078b5e0,0x00000000a4580000)
 Metaspace       used 20493K, capacity 21166K, committed 21248K, reserved 1067008K
  class space    used 2861K, capacity 3039K, committed 3072K, reserved 1048576K
}
Event: 8.741 GC heap before
{Heap before GC invocations=6 (full 1):
 PSYoungGen      total 204800K, used 166467K [0x00000000e0000000, 0x00000000ed000000, 0x0000000100000000)
  eden space 196608K, 84% used [0x00000000e0000000,0x00000000ea290f10,0x00000000ec000000)
  from space 8192K, 0% used [0x00000000ec800000,0x00000000ec800000,0x00000000ed000000)
  to   space 8192K, 0% used [0x00000000ec000000,0x00000000ec000000,0x00000000ec800000)
 ParOldGen       total 71168K, used 7725K [0x00000000a0000000, 0x00000000a4580000, 0x00000000e0000000)
  object space 71168K, 10% used [0x00000000a0000000,0x00000000a078b5e0,0x00000000a4580000)
 Metaspace       used 33969K, capacity 35276K, committed 35416K, reserved 1079296K
  class space    used 4596K, capacity 4889K, committed 4992K, reserved 1048576K
Event: 8.759 GC heap after
Heap after GC invocations=6 (full 1):
 PSYoungGen      total 204800K, used 8192K [0x00000000e0000000, 0x00000000f7b80000, 0x0000000100000000)
  eden space 196608K, 0% used [0x00000000e0000000,0x00000000e0000000,0x00000000ec000000)
  from space 8192K, 100% used [0x00000000ec000000,0x00000000ec800000,0x00000000ec800000)
  to   space 18432K, 0% used [0x00000000f6980000,0x00000000f6980000,0x00000000f7b80000)
 ParOldGen       total 71168K, used 16358K [0x00000000a0000000, 0x00000000a4580000, 0x00000000e0000000)
  object space 71168K, 22% used [0x00000000a0000000,0x00000000a0ff9970,0x00000000a4580000)
 Metaspace       used 33969K, capacity 35276K, committed 35416K, reserved 1079296K
  class space    used 4596K, capacity 4889K, committed 4992K, reserved 1048576K
}
Event: 8.759 GC heap before
{Heap before GC invocations=7 (full 2):
 PSYoungGen      total 204800K, used 8192K [0x00000000e0000000, 0x00000000f7b80000, 0x0000000100000000)
  eden space 196608K, 0% used [0x00000000e0000000,0x00000000e0000000,0x00000000ec000000)
  from space 8192K, 100% used [0x00000000ec000000,0x00000000ec800000,0x00000000ec800000)
  to   space 18432K, 0% used [0x00000000f6980000,0x00000000f6980000,0x00000000f7b80000)
 ParOldGen       total 71168K, used 16358K [0x00000000a0000000, 0x00000000a4580000, 0x00000000e0000000)
  object space 71168K, 22% used [0x00000000a0000000,0x00000000a0ff9970,0x00000000a4580000)
 Metaspace       used 33969K, capacity 35276K, committed 35416K, reserved 1079296K
  class space    used 4596K, capacity 4889K, committed 4992K, reserved 1048576K
Event: 8.893 GC heap after
Heap after GC invocations=7 (full 2):
 PSYoungGen      total 204800K, used 0K [0x00000000e0000000, 0x00000000f7b80000, 0x0000000100000000)
  eden space 196608K, 0% used [0x00000000e0000000,0x00000000e0000000,0x00000000ec000000)
  from space 8192K, 0% used [0x00000000ec000000,0x00000000ec000000,0x00000000ec800000)
  to   space 18432K, 0% used [0x00000000f6980000,0x00000000f6980000,0x00000000f7b80000)
 ParOldGen       total 126976K, used 22958K [0x00000000a0000000, 0x00000000a7c00000, 0x00000000e0000000)
  object space 126976K, 18% used [0x00000000a0000000,0x00000000a166ba80,0x00000000a7c00000)
 Metaspace       used 33969K, capacity 35276K, committed 35416K, reserved 1079296K
  class space    used 4596K, capacity 4889K, committed 4992K, reserved 1048576K
}
Event: 10.865 GC heap before
{Heap before GC invocations=8 (full 2):
 PSYoungGen      total 204800K, used 196608K [0x00000000e0000000, 0x00000000f7b80000, 0x0000000100000000)
  eden space 196608K, 100% used [0x00000000e0000000,0x00000000ec000000,0x00000000ec000000)
  from space 8192K, 0% used [0x00000000ec000000,0x00000000ec000000,0x00000000ec800000)
  to   space 18432K, 0% used [0x00000000f6980000,0x00000000f6980000,0x00000000f7b80000)
 ParOldGen       total 126976K, used 22958K [0x00000000a0000000, 0x00000000a7c00000, 0x00000000e0000000)
  object space 126976K, 18% used [0x00000000a0000000,0x00000000a166ba80,0x00000000a7c00000)
 Metaspace       used 41853K, capacity 44032K, committed 44120K, reserved 1087488K
  class space    used 5761K, capacity 6256K, committed 6272K, reserved 1048576K
Event: 10.888 GC heap after
Heap after GC invocations=8 (full 2):
 PSYoungGen      total 283648K, used 18083K [0x00000000e0000000, 0x00000000f7b80000, 0x0000000100000000)
  eden space 265216K, 0% used [0x00000000e0000000,0x00000000e0000000,0x00000000f0300000)
  from space 18432K, 98% used [0x00000000f6980000,0x00000000f7b28e90,0x00000000f7b80000)
  to   space 21504K, 0% used [0x00000000f5180000,0x00000000f5180000,0x00000000f6680000)
 ParOldGen       total 126976K, used 22966K [0x00000000a0000000, 0x00000000a7c00000, 0x00000000e0000000)
  object space 126976K, 18% used [0x00000000a0000000,0x00000000a166da80,0x00000000a7c00000)
 Metaspace       used 41853K, capacity 44032K, committed 44120K, reserved 1087488K
  class space    used 5761K, capacity 6256K, committed 6272K, reserved 1048576K
}
Event: 13.134 GC heap before
{Heap before GC invocations=9 (full 2):
 PSYoungGen      total 283648K, used 191231K [0x00000000e0000000, 0x00000000f7b80000, 0x0000000100000000)
  eden space 265216K, 65% used [0x00000000e0000000,0x00000000ea917008,0x00000000f0300000)
  from space 18432K, 98% used [0x00000000f6980000,0x00000000f7b28e90,0x00000000f7b80000)
  to   space 21504K, 0% used [0x00000000f5180000,0x00000000f5180000,0x00000000f6680000)
 ParOldGen       total 126976K, used 22966K [0x00000000a0000000, 0x00000000a7c00000, 0x00000000e0000000)
  object space 126976K, 18% used [0x00000000a0000000,0x00000000a166da80,0x00000000a7c00000)
 Metaspace       used 56357K, capacity 58986K, committed 59028K, reserved 1099776K
  class space    used 7516K, capacity 8107K, committed 8124K, reserved 1048576K
Event: 13.171 GC heap after
Heap after GC invocations=9 (full 2):
 PSYoungGen      total 367104K, used 21476K [0x00000000e0000000, 0x00000000f9780000, 0x0000000100000000)
  eden space 345600K, 0% used [0x00000000e0000000,0x00000000e0000000,0x00000000f5180000)
  from space 21504K, 99% used [0x00000000f5180000,0x00000000f6679310,0x00000000f6680000)
  to   space 30720K, 0% used [0x00000000f7980000,0x00000000f7980000,0x00000000f9780000)
 ParOldGen       total 126976K, used 33672K [0x00000000a0000000, 0x00000000a7c00000, 0x00000000e0000000)
  object space 126976K, 26% used [0x00000000a0000000,0x00000000a20e23c8,0x00000000a7c00000)
 Metaspace       used 56357K, capacity 58986K, committed 59028K, reserved 1099776K
  class space    used 7516K, capacity 8107K, committed 8124K, reserved 1048576K
}
Event: 13.171 GC heap before
{Heap before GC invocations=10 (full 3):
 PSYoungGen      total 367104K, used 21476K [0x00000000e0000000, 0x00000000f9780000, 0x0000000100000000)
  eden space 345600K, 0% used [0x00000000e0000000,0x00000000e0000000,0x00000000f5180000)
  from space 21504K, 99% used [0x00000000f5180000,0x00000000f6679310,0x00000000f6680000)
  to   space 30720K, 0% used [0x00000000f7980000,0x00000000f7980000,0x00000000f9780000)
 ParOldGen       total 126976K, used 33672K [0x00000000a0000000, 0x00000000a7c00000, 0x00000000e0000000)
  object space 126976K, 26% used [0x00000000a0000000,0x00000000a20e23c8,0x00000000a7c00000)
 Metaspace       used 56357K, capacity 58986K, committed 59028K, reserved 1099776K
  class space    used 7516K, capacity 8107K, committed 8124K, reserved 1048576K

